#
# There is insufficient memory for the Java Runtime Environment to continue.
# Native memory allocation (mmap) failed to map 2097152 bytes for Failed to commit area from 0x0000000081400000 to 0x0000000081600000 of length 2097152.
# Possible reasons:
#   The system is out of physical RAM or swap space
#   The process is running with CompressedOops enabled, and the Java Heap may be blocking the growth of the native heap
# Possible solutions:
#   Reduce memory load on the system
#   Increase physical memory or swap space
#   Check if swap backing store is full
#   Decrease Java heap size (-Xmx/-Xms)
#   Decrease number of Java threads
#   Decrease Java thread stack sizes (-Xss)
#   Set larger code cache with -XX:ReservedCodeCacheSize=
#   JVM is running with Unscaled Compressed Oops mode in which the Java heap is
#     placed in the first 4GB address space. The Java Heap base address is the
#     maximum limit for the native heap growth. Please use -XX:HeapBaseMinAddress
#     to set the Java Heap base and to place the Java Heap above 4GB virtual address.
# This output file may be truncated or incomplete.
#
#  Out of Memory Error (./open/src/hotspot/os/windows/os_windows.cpp:3315), pid=768, tid=14052
#
# JRE version: Java(TM) SE Runtime Environment (14.0.2+12) (build 14.0.2+12-46)
# Java VM: Java HotSpot(TM) 64-Bit Server VM (14.0.2+12-46, mixed mode, sharing, tiered, compressed oops, g1 gc, windows-amd64)
# No core dump will be written. Minidumps are not enabled by default on client versions of Windows
#

---------------  S U M M A R Y ------------

Command Line: -Dapplication.home=C:\Program Files\Java\jdk-14.0.2 --add-modules=ALL-DEFAULT -Xms8m -Djdk.module.main=jdk.compiler jdk.compiler/com.sun.tools.javac.Main -d C:\Users\Revenant\Documents\NetBeansProjects\JavaApplication3\build\classes -classpath C:\Users\Revenant\Documents\NetBeansProjects\JavaApplication3\build\classes;F:\Softwares\mysql-connector-java-5.1.49\mysql-connector-java-5.1.49-bin.jar;F:\Softwares\rs2xml.jar;F:\Softwares\jcalendar-tz-1.3.3-4.jar -sourcepath C:\Users\Revenant\Documents\NetBeansProjects\JavaApplication3\src -target 14 -encoding UTF-8 -g -processorpath F:\Softwares\mysql-connector-java-5.1.49\mysql-connector-java-5.1.49-bin.jar;F:\Softwares\rs2xml.jar;F:\Softwares\jcalendar-tz-1.3.3-4.jar;C:\Users\Revenant\Documents\NetBeansProjects\JavaApplication3\build\empty -s C:\Users\Revenant\Documents\NetBeansProjects\JavaApplication3\build\generated-sources\ap-source-output -source 14 --module-path F:\Softwares\mysql-connector-java-5.1.49\mysql-connector-java-5.1.49.jar C:\Users\Revenant\Documents\NetBeansProjects\JavaApplication3\src\javaapplication3\model\BookDetails.java

Host: Intel(R) Core(TM) i5-3475S CPU @ 2.90GHz, 4 cores, 7G,  Windows 10 , 64 bit Build 19041 (10.0.19041.292)
Time: Fri Sep 11 01:42:27 2020 Bangladesh Standard Time elapsed time: 1 seconds (0d 0h 0m 1s)

---------------  T H R E A D  ---------------

Current thread (0x000001fc783c4000):  VMThread "VM Thread" [stack: 0x000000591b700000,0x000000591b800000] [id=14052]

Stack: [0x000000591b700000,0x000000591b800000]
[error occurred during error reporting (printing stack bounds), id 0xc0000005, EXCEPTION_ACCESS_VIOLATION (0xc0000005) at pc=0x000001fc61bd10ad]

Native frames: (J=compiled Java code, j=interpreted, Vv=VM code, C=native code)
V  [jvm.dll+0x5f8a9a]
V  [jvm.dll+0x74247a]
V  [jvm.dll+0x743c2f]
V  [jvm.dll+0x7441d5]
V  [jvm.dll+0x74418b]
V  [jvm.dll+0x5f7f6f]
V  [jvm.dll+0x5f8738]
C  [ntdll.dll+0xa00ef]
C  [ntdll.dll+0x4b474]
C  [ntdll.dll+0x9ec1e]
C  0x000001fc61bd10ad

VM_Operation (0x000000591b1feca0): G1CollectForAllocation, mode: safepoint, requested by thread 0x000001fc5941b800


---------------  P R O C E S S  ---------------

Threads class SMR info:
_java_thread_list=0x000001fc7867f380, length=11, elements={
0x000001fc5941b800, 0x000001fc783c8800, 0x000001fc783ca800, 0x000001fc783e1000,
0x000001fc783e4000, 0x000001fc783e5800, 0x000001fc783e9800, 0x000001fc783ef800,
0x000001fc7841a800, 0x000001fc78637800, 0x000001fc7867e800
}

Java Threads: ( => current thread )
  0x000001fc5941b800 JavaThread "main" [_thread_blocked, id=8556, stack(0x000000591b100000,0x000000591b200000)]
  0x000001fc783c8800 JavaThread "Reference Handler" daemon [_thread_blocked, id=10324, stack(0x000000591b800000,0x000000591b900000)]
  0x000001fc783ca800 JavaThread "Finalizer" daemon [_thread_blocked, id=808, stack(0x000000591b900000,0x000000591ba00000)]
  0x000001fc783e1000 JavaThread "Signal Dispatcher" daemon [_thread_blocked, id=7568, stack(0x000000591ba00000,0x000000591bb00000)]
  0x000001fc783e4000 JavaThread "Attach Listener" daemon [_thread_blocked, id=13488, stack(0x000000591bb00000,0x000000591bc00000)]
  0x000001fc783e5800 JavaThread "Service Thread" daemon [_thread_blocked, id=15092, stack(0x000000591bc00000,0x000000591bd00000)]
  0x000001fc783e9800 JavaThread "C2 CompilerThread0" daemon [_thread_blocked, id=16000, stack(0x000000591bd00000,0x000000591be00000)]
  0x000001fc783ef800 JavaThread "C1 CompilerThread0" daemon [_thread_blocked, id=9008, stack(0x000000591be00000,0x000000591bf00000)]
  0x000001fc7841a800 JavaThread "Sweeper thread" daemon [_thread_blocked, id=6020, stack(0x000000591bf00000,0x000000591c000000)]
  0x000001fc78637800 JavaThread "Common-Cleaner" daemon [_thread_blocked, id=14400, stack(0x000000591c000000,0x000000591c100000)]
  0x000001fc7867e800 JavaThread "Notification Thread" daemon [_thread_blocked, id=10464, stack(0x000000591c100000,0x000000591c200000)]

Other Threads:
=>0x000001fc783c4000 VMThread "VM Thread" [stack: 0x000000591b700000,0x000000591b800000] [id=14052]
  0x000001fc786cc000 WatcherThread [stack: 0x000000591c200000,0x000000591c300000] [id=7172]
  0x000001fc5945e800 GCTaskThread "GC Thread#0" [stack: 0x000000591b200000,0x000000591b300000] [id=2004]
  0x000001fc786ec800 GCTaskThread "GC Thread#1" [stack: 0x000000591c300000,0x000000591c400000] [id=12052]
  0x000001fc59472000 ConcurrentGCThread "G1 Main Marker" [stack: 0x000000591b300000,0x000000591b400000] [id=11348]
  0x000001fc59476000 ConcurrentGCThread "G1 Conc#0" [stack: 0x000000591b400000,0x000000591b500000] [id=14852]
  0x000001fc59490000 ConcurrentGCThread "G1 Refine#0" [stack: 0x000000591b500000,0x000000591b600000] [id=12032]
  0x000001fc59491000 ConcurrentGCThread "G1 Young RemSet Sampling" [stack: 0x000000591b600000,0x000000591b700000] [id=15208]

Threads with active compile tasks:
C2 CompilerThread0     1121  682       4       java.lang.StringBuilder::append (8 bytes)
C1 CompilerThread0     1121  696   !   3       java.lang.Class::getEnumConstantsShared (71 bytes)

VM state:at safepoint (normal execution)

VM Mutex/Monitor currently owned by a thread:  ([mutex/lock_event])
[0x000001fc59417b00] Threads_lock - owner thread: 0x000001fc783c4000
[0x000001fc59417200] Heap_lock - owner thread: 0x000001fc5941b800

Heap address: 0x0000000080c00000, size: 2036 MB, Compressed Oops mode: 32-bit
Narrow klass base: 0x0000000800000000, Narrow klass shift: 3
Compressed class space size: 1073741824 Address: 0x0000000800b30000

Heap:
 garbage-first heap   total 10240K, used 2627K [0x0000000080c00000, 0x0000000100000000)
  region size 1024K, 1 young (1024K), 1 survivors (1024K)
 Metaspace       used 7893K, capacity 11017K, committed 11264K, reserved 1058816K
  class space    used 950K, capacity 1256K, committed 1280K, reserved 1048576K
Heap Regions: E=young(eden), S=young(survivor), O=old, HS=humongous(starts), HC=humongous(continues), CS=collection set, F=free, OA=open archive, CA=closed archive, TAMS=top-at-mark-start (previous, next)
|   0|0x0000000080c00000, 0x0000000080d00000, 0x0000000080d00000|100%| O|  |TAMS 0x0000000080c00000, 0x0000000080c00000| Untracked 
|   1|0x0000000080d00000, 0x0000000080df6a00, 0x0000000080e00000| 96%| O|  |TAMS 0x0000000080d00000, 0x0000000080d00000| Untracked 
|   2|0x0000000080e00000, 0x0000000080e00000, 0x0000000080f00000|  0%| F|  |TAMS 0x0000000080e00000, 0x0000000080e00000| Untracked 
|   3|0x0000000080f00000, 0x0000000080f00000, 0x0000000081000000|  0%| F|  |TAMS 0x0000000080f00000, 0x0000000080f00000| Untracked 
|   4|0x0000000081000000, 0x0000000081000000, 0x0000000081100000|  0%| F|  |TAMS 0x0000000081000000, 0x0000000081000000| Untracked 
|   5|0x0000000081100000, 0x000000008119a238, 0x0000000081200000| 60%| S|CS|TAMS 0x0000000081100000, 0x0000000081100000| Complete 
|   6|0x0000000081200000, 0x0000000081200000, 0x0000000081300000|  0%| F|  |TAMS 0x0000000081200000, 0x0000000081200000| Untracked 
|   7|0x0000000081300000, 0x0000000081300000, 0x0000000081400000|  0%| F|  |TAMS 0x0000000081300000, 0x0000000081300000| Untracked 

Card table byte_map: [0x000001fc70fd0000,0x000001fc713d0000] _byte_map_base: 0x000001fc70bca000

Marking Bits (Prev, Next): (CMBitMap*) 0x000001fc594615c8, (CMBitMap*) 0x000001fc59461608
 Prev Bits: [0x000001fc717d0000, 0x000001fc737a0000)
 Next Bits: [0x000001fc737a0000, 0x000001fc75770000)

Polling page: 0x000001fc57240000

Metaspace:

Usage:
  Non-class:      9.53 MB capacity,     6.78 MB ( 71%) used,     2.73 MB ( 29%) free+waste,    18.50 KB ( <1%) overhead. 
      Class:      1.23 MB capacity,   950.58 KB ( 76%) used,   295.92 KB ( 24%) free+waste,     9.50 KB ( <1%) overhead. 
       Both:     10.76 MB capacity,     7.71 MB ( 72%) used,     3.02 MB ( 28%) free+waste,    28.00 KB ( <1%) overhead. 

Virtual space:
  Non-class space:       10.00 MB reserved,       9.75 MB ( 98%) committed 
      Class space:        1.00 GB reserved,       1.25 MB ( <1%) committed 
             Both:        1.01 GB reserved,      11.00 MB (  1%) committed 

Chunk freelists:
   Non-Class:  31.00 KB
       Class:  0 bytes
        Both:  31.00 KB

MaxMetaspaceSize: 17179869184.00 GB
CompressedClassSpaceSize: 1.00 GB

CodeHeap 'non-profiled nmethods': size=120000Kb used=224Kb max_used=224Kb free=119775Kb
 bounds [0x000001fc696a0000, 0x000001fc69910000, 0x000001fc70bd0000]
CodeHeap 'profiled nmethods': size=120000Kb used=1077Kb max_used=1077Kb free=118922Kb
 bounds [0x000001fc62170000, 0x000001fc623e0000, 0x000001fc696a0000]
CodeHeap 'non-nmethods': size=5760Kb used=1149Kb max_used=1163Kb free=4610Kb
 bounds [0x000001fc61bd0000, 0x000001fc61e40000, 0x000001fc62170000]
 total_blobs=1088 nmethods=691 adapters=310
 compilation: enabled
              stopped_count=0, restarted_count=0
 full_count=0

Compilation events (20 events):
Event: 0.483 Thread 0x000001fc783ef800 nmethod 684 0x000001fc6227c490 code [0x000001fc6227c660, 0x000001fc6227ca28]
Event: 0.483 Thread 0x000001fc783ef800  686       1       java.nio.Buffer::capacity (5 bytes)
Event: 0.483 Thread 0x000001fc783ef800 nmethod 686 0x000001fc696d6d10 code [0x000001fc696d6ea0, 0x000001fc696d6f78]
Event: 0.483 Thread 0x000001fc783ef800  687       1       java.util.Collections$1::hasNext (5 bytes)
Event: 0.483 Thread 0x000001fc783ef800 nmethod 687 0x000001fc696d7010 code [0x000001fc696d71a0, 0x000001fc696d7278]
Event: 0.483 Thread 0x000001fc783ef800  689       1       jdk.internal.jrtfs.JrtFileSystem::isOpen (5 bytes)
Event: 0.483 Thread 0x000001fc783ef800 nmethod 689 0x000001fc696d7310 code [0x000001fc696d74a0, 0x000001fc696d7578]
Event: 0.483 Thread 0x000001fc783ef800  690       1       jdk.internal.jimage.ImageReader$Node::isCompleted (5 bytes)
Event: 0.483 Thread 0x000001fc783ef800 nmethod 690 0x000001fc696d7610 code [0x000001fc696d77a0, 0x000001fc696d7878]
Event: 0.483 Thread 0x000001fc783ef800  691       1       jdk.internal.jrtfs.JrtPath::getFileSystem (5 bytes)
Event: 0.483 Thread 0x000001fc783ef800 nmethod 691 0x000001fc696d7910 code [0x000001fc696d7aa0, 0x000001fc696d7b78]
Event: 0.483 Thread 0x000001fc783ef800  692       1       jdk.internal.jrtfs.JrtFileSystem::provider (5 bytes)
Event: 0.483 Thread 0x000001fc783ef800 nmethod 692 0x000001fc696d7c10 code [0x000001fc696d7da0, 0x000001fc696d7e78]
Event: 0.483 Thread 0x000001fc783ef800  693       1       jdk.internal.jimage.ImageReader$Node::isLink (2 bytes)
Event: 0.483 Thread 0x000001fc783ef800 nmethod 693 0x000001fc696d7f10 code [0x000001fc696d80a0, 0x000001fc696d8178]
Event: 0.483 Thread 0x000001fc783ef800  694       3       java.nio.ByteBufferAsIntBufferL::get (31 bytes)
Event: 0.484 Thread 0x000001fc783ef800 nmethod 694 0x000001fc6227cb90 code [0x000001fc6227cd60, 0x000001fc6227d228]
Event: 0.484 Thread 0x000001fc783ef800  695       3       java.nio.ByteBufferAsIntBufferL::byteOffset (9 bytes)
Event: 0.484 Thread 0x000001fc783ef800 nmethod 695 0x000001fc6227d410 code [0x000001fc6227d5a0, 0x000001fc6227d6d8]
Event: 0.484 Thread 0x000001fc783ef800  696   !   3       java.lang.Class::getEnumConstantsShared (71 bytes)

GC Heap History (9 events):
Event: 0.247 GC heap before
{Heap before GC invocations=0 (full 0):
 garbage-first heap   total 8192K, used 3072K [0x0000000080c00000, 0x0000000100000000)
  region size 1024K, 3 young (3072K), 0 survivors (0K)
 Metaspace       used 2586K, capacity 6080K, committed 6400K, reserved 1056768K
  class space    used 301K, capacity 651K, committed 768K, reserved 1048576K
}
Event: 0.250 GC heap after
{Heap after GC invocations=1 (full 0):
 garbage-first heap   total 8192K, used 1167K [0x0000000080c00000, 0x0000000100000000)
  region size 1024K, 1 young (1024K), 1 survivors (1024K)
 Metaspace       used 2586K, capacity 6080K, committed 6400K, reserved 1056768K
  class space    used 301K, capacity 651K, committed 768K, reserved 1048576K
}
Event: 0.306 GC heap before
{Heap before GC invocations=1 (full 0):
 garbage-first heap   total 8192K, used 2191K [0x0000000080c00000, 0x0000000100000000)
  region size 1024K, 2 young (2048K), 1 survivors (1024K)
 Metaspace       used 3992K, capacity 7437K, committed 7552K, reserved 1056768K
  class space    used 517K, capacity 848K, committed 896K, reserved 1048576K
}
Event: 0.308 GC heap after
{Heap after GC invocations=2 (full 0):
 garbage-first heap   total 8192K, used 1686K [0x0000000080c00000, 0x0000000100000000)
  region size 1024K, 1 young (1024K), 1 survivors (1024K)
 Metaspace       used 3992K, capacity 7437K, committed 7552K, reserved 1056768K
  class space    used 517K, capacity 848K, committed 896K, reserved 1048576K
}
Event: 0.388 GC heap before
{Heap before GC invocations=2 (full 0):
 garbage-first heap   total 8192K, used 2710K [0x0000000080c00000, 0x0000000100000000)
  region size 1024K, 2 young (2048K), 1 survivors (1024K)
 Metaspace       used 6044K, capacity 9472K, committed 9600K, reserved 1058816K
  class space    used 733K, capacity 1059K, committed 1152K, reserved 1048576K
}
Event: 0.389 GC heap after
{Heap after GC invocations=3 (full 0):
 garbage-first heap   total 8192K, used 2041K [0x0000000080c00000, 0x0000000100000000)
  region size 1024K, 1 young (1024K), 1 survivors (1024K)
 Metaspace       used 6044K, capacity 9472K, committed 9600K, reserved 1058816K
  class space    used 733K, capacity 1059K, committed 1152K, reserved 1048576K
}
Event: 0.438 GC heap before
{Heap before GC invocations=3 (full 0):
 garbage-first heap   total 8192K, used 3065K [0x0000000080c00000, 0x0000000100000000)
  region size 1024K, 2 young (2048K), 1 survivors (1024K)
 Metaspace       used 7140K, capacity 10431K, committed 10752K, reserved 1058816K
  class space    used 885K, capacity 1210K, committed 1280K, reserved 1048576K
}
Event: 0.439 GC heap after
{Heap after GC invocations=4 (full 0):
 garbage-first heap   total 8192K, used 2393K [0x0000000080c00000, 0x0000000100000000)
  region size 1024K, 1 young (1024K), 1 survivors (1024K)
 Metaspace       used 7140K, capacity 10431K, committed 10752K, reserved 1058816K
  class space    used 885K, capacity 1210K, committed 1280K, reserved 1048576K
}
Event: 0.485 GC heap before
{Heap before GC invocations=4 (full 0):
 garbage-first heap   total 8192K, used 3417K [0x0000000080c00000, 0x0000000100000000)
  region size 1024K, 2 young (2048K), 1 survivors (1024K)
 Metaspace       used 7893K, capacity 11017K, committed 11264K, reserved 1058816K
  class space    used 950K, capacity 1256K, committed 1280K, reserved 1048576K
}

Deoptimization events (20 events):
Event: 0.132 Thread 0x000001fc5941b800 Uncommon trap: trap_request=0xffffffde fr.pc=0x000001fc696ad784 relative=0x0000000000000824
Event: 0.132 Thread 0x000001fc5941b800 Uncommon trap: reason=class_check action=maybe_recompile pc=0x000001fc696ad784 method=java.util.HashMap.putVal(ILjava/lang/Object;Ljava/lang/Object;ZZ)Ljava/lang/Object; @ 152 c2
Event: 0.132 Thread 0x000001fc5941b800 DEOPT PACKING pc=0x000001fc696ad784 sp=0x000000591b1fd910
Event: 0.132 Thread 0x000001fc5941b800 DEOPT UNPACKING pc=0x000001fc61c1912f sp=0x000000591b1fd890 mode 2
Event: 0.214 Thread 0x000001fc5941b800 Uncommon trap: trap_request=0xffffff45 fr.pc=0x000001fc696b0710 relative=0x0000000000000070
Event: 0.214 Thread 0x000001fc5941b800 Uncommon trap: reason=unstable_if action=reinterpret pc=0x000001fc696b0710 method=java.nio.Buffer.hasRemaining()Z @ 8 c2
Event: 0.214 Thread 0x000001fc5941b800 DEOPT PACKING pc=0x000001fc696b0710 sp=0x000000591b1fe720
Event: 0.214 Thread 0x000001fc5941b800 DEOPT UNPACKING pc=0x000001fc61c1912f sp=0x000000591b1fe6b8 mode 2
Event: 0.391 Thread 0x000001fc5941b800 Uncommon trap: trap_request=0xffffff45 fr.pc=0x000001fc696c8944 relative=0x0000000000000484
Event: 0.391 Thread 0x000001fc5941b800 Uncommon trap: reason=unstable_if action=reinterpret pc=0x000001fc696c8944 method=java.lang.StringLatin1.replace([BCC)Ljava/lang/String; @ 19 c2
Event: 0.391 Thread 0x000001fc5941b800 DEOPT PACKING pc=0x000001fc696c8944 sp=0x000000591b1fd7b0
Event: 0.391 Thread 0x000001fc5941b800 DEOPT UNPACKING pc=0x000001fc61c1912f sp=0x000000591b1fd730 mode 2
Event: 0.394 Thread 0x000001fc5941b800 Uncommon trap: trap_request=0xffffff45 fr.pc=0x000001fc696b8ba4 relative=0x00000000000009c4
Event: 0.394 Thread 0x000001fc5941b800 Uncommon trap: reason=unstable_if action=reinterpret pc=0x000001fc696b8ba4 method=java.util.HashMap.putVal(ILjava/lang/Object;Ljava/lang/Object;ZZ)Ljava/lang/Object; @ 181 c2
Event: 0.394 Thread 0x000001fc5941b800 DEOPT PACKING pc=0x000001fc696b8ba4 sp=0x000000591b1fe780
Event: 0.394 Thread 0x000001fc5941b800 DEOPT UNPACKING pc=0x000001fc61c1912f sp=0x000000591b1fe720 mode 2
Event: 0.435 Thread 0x000001fc5941b800 Uncommon trap: trap_request=0xffffff45 fr.pc=0x000001fc696c93ac relative=0x00000000000002ec
Event: 0.435 Thread 0x000001fc5941b800 Uncommon trap: reason=unstable_if action=reinterpret pc=0x000001fc696c93ac method=java.lang.String.regionMatches(ILjava/lang/String;II)Z @ 32 c2
Event: 0.435 Thread 0x000001fc5941b800 DEOPT PACKING pc=0x000001fc696c93ac sp=0x000000591b1feaa0
Event: 0.435 Thread 0x000001fc5941b800 DEOPT UNPACKING pc=0x000001fc61c1912f sp=0x000000591b1fea20 mode 2

Classes unloaded (0 events):
No events

Classes redefined (0 events):
No events

Internal exceptions (18 events):
Event: 0.199 Thread 0x000001fc5941b800 Exception <a 'java/lang/NoSuchMethodError'{0x0000000081163bb8}: 'java.lang.Object java.lang.invoke.DirectMethodHandle$Holder.invokeVirtual(java.lang.Object, java.lang.Object, java.lang.Object)'> (0x0000000081163bb8) 
thrown [./open/src/hotspot/share/interpreter/linkResolver.cpp, line 766]
Event: 0.202 Thread 0x000001fc5941b800 Exception <a 'java/lang/NoSuchMethodError'{0x000000008116e3b0}: 'int java.lang.invoke.DirectMethodHandle$Holder.invokeInterface(java.lang.Object, java.lang.Object)'> (0x000000008116e3b0) 
thrown [./open/src/hotspot/share/interpreter/linkResolver.cpp, line 766]
Event: 0.226 Thread 0x000001fc5941b800 Exception <a 'sun/nio/fs/WindowsException'{0x00000000811bf250}> (0x00000000811bf250) 
thrown [./open/src/hotspot/share/prims/jni.cpp, line 599]
Event: 0.227 Thread 0x000001fc5941b800 Exception <a 'sun/nio/fs/WindowsException'{0x00000000811bfa40}> (0x00000000811bfa40) 
thrown [./open/src/hotspot/share/prims/jni.cpp, line 599]
Event: 0.227 Thread 0x000001fc5941b800 Exception <a 'sun/nio/fs/WindowsException'{0x00000000811c06d0}> (0x00000000811c06d0) 
thrown [./open/src/hotspot/share/prims/jni.cpp, line 599]
Event: 0.228 Thread 0x000001fc5941b800 Exception <a 'sun/nio/fs/WindowsException'{0x00000000811c0a00}> (0x00000000811c0a00) 
thrown [./open/src/hotspot/share/prims/jni.cpp, line 599]
Event: 0.228 Thread 0x000001fc5941b800 Exception <a 'java/lang/NoSuchMethodError'{0x00000000811c1c38}: 'void java.lang.invoke.DirectMethodHandle$Holder.invokeSpecial(java.lang.Object, java.lang.Object, java.lang.Object, java.lang.Object)'> (0x00000000811c1c38) 
thrown [./open/src/hotspot/share/interpreter/linkResolver.cpp, line 766]
Event: 0.229 Thread 0x000001fc5941b800 Exception <a 'java/lang/NoSuchMethodError'{0x00000000811c7d18}: 'int java.lang.invoke.DirectMethodHandle$Holder.invokeVirtual(java.lang.Object, java.lang.Object, java.lang.Object)'> (0x00000000811c7d18) 
thrown [./open/src/hotspot/share/interpreter/linkResolver.cpp, line 766]
Event: 0.253 Thread 0x000001fc5941b800 Exception <a 'java/lang/NoSuchMethodError'{0x0000000081308b10}: 'int java.lang.invoke.DirectMethodHandle$Holder.invokeSpecialIFC(java.lang.Object, java.lang.Object, int)'> (0x0000000081308b10) 
thrown [./open/src/hotspot/share/interpreter/linkResolver.cpp, line 766]
Event: 0.324 Thread 0x000001fc5941b800 Exception <a 'java/lang/NoSuchMethodError'{0x00000000813263b8}: 'int java.lang.invoke.DirectMethodHandle$Holder.invokeStaticInit(java.lang.Object, java.lang.Object)'> (0x00000000813263b8) 
thrown [./open/src/hotspot/share/interpreter/linkResolver.cpp, line 766]
Event: 0.386 Thread 0x000001fc5941b800 Exception <a 'java/lang/NoSuchMethodError'{0x00000000813ee1e0}: 'int java.lang.invoke.DirectMethodHandle$Holder.invokeVirtual(java.lang.Object, java.lang.Object)'> (0x00000000813ee1e0) 
thrown [./open/src/hotspot/share/interpreter/linkResolver.cpp, line 766]
Event: 0.393 Thread 0x000001fc5941b800 Exception <a 'java/lang/NoSuchMethodError'{0x000000008131e390}: 'java.lang.Object java.lang.invoke.Invokers$Holder.linkToTargetMethod(java.lang.Object, java.lang.Object, java.lang.Object, java.lang.Object, java.lang.Object, java.lang.Object)'> (0x000000008131e390) 
thrown [./open/src/hotspot/share/interpreter/linkResolver.cpp, line 766]
Event: 0.409 Thread 0x000001fc5941b800 Exception <a 'sun/nio/fs/WindowsException'{0x000000008136ff00}> (0x000000008136ff00) 
thrown [./open/src/hotspot/share/prims/jni.cpp, line 599]
Event: 0.409 Thread 0x000001fc5941b800 Exception <a 'sun/nio/fs/WindowsException'{0x0000000081370140}> (0x0000000081370140) 
thrown [./open/src/hotspot/share/prims/jni.cpp, line 599]
Event: 0.472 Thread 0x000001fc5941b800 Exception <a 'sun/nio/fs/WindowsException'{0x000000008136c0d0}> (0x000000008136c0d0) 
thrown [./open/src/hotspot/share/prims/jni.cpp, line 599]
Event: 0.472 Thread 0x000001fc5941b800 Exception <a 'sun/nio/fs/WindowsException'{0x000000008136c3f0}> (0x000000008136c3f0) 
thrown [./open/src/hotspot/share/prims/jni.cpp, line 599]
Event: 0.473 Thread 0x000001fc5941b800 Exception <a 'sun/nio/fs/WindowsException'{0x000000008136d070}> (0x000000008136d070) 
thrown [./open/src/hotspot/share/prims/jni.cpp, line 599]
Event: 0.473 Thread 0x000001fc5941b800 Exception <a 'sun/nio/fs/WindowsException'{0x000000008136d3d0}> (0x000000008136d3d0) 
thrown [./open/src/hotspot/share/prims/jni.cpp, line 599]

Events (20 events):
Event: 0.476 loading class jdk/internal/jrtfs/JrtDirectoryStream$1 done
Event: 0.476 loading class java/util/stream/SpinedBuffer
Event: 0.476 loading class java/util/stream/AbstractSpinedBuffer
Event: 0.476 loading class java/util/stream/AbstractSpinedBuffer done
Event: 0.476 loading class java/util/stream/SpinedBuffer done
Event: 0.477 loading class java/util/function/BooleanSupplier
Event: 0.477 loading class java/util/function/BooleanSupplier done
Event: 0.477 loading class jdk/internal/jimage/ImageReader$Resource
Event: 0.477 loading class jdk/internal/jimage/ImageReader$Resource done
Event: 0.477 loading class jdk/internal/jrtfs/JrtFileAttributes
Event: 0.477 loading class jdk/internal/jrtfs/JrtFileAttributes done
Event: 0.478 loading class java/util/Collections$SingletonList
Event: 0.478 loading class java/util/Collections$SingletonList done
Event: 0.484 loading class java/util/LinkedHashMap$LinkedValues
Event: 0.484 loading class java/util/LinkedHashMap$LinkedValues done
Event: 0.484 loading class java/util/LinkedHashMap$LinkedValueIterator
Event: 0.484 loading class java/util/LinkedHashMap$LinkedValueIterator done
Event: 0.484 loading class java/util/regex/Pattern$Bound
Event: 0.484 loading class java/util/regex/Pattern$Bound done
Event: 0.485 Executing VM operation: G1CollectForAllocation


Dynamic libraries:
0x00007ff623b30000 - 0x00007ff623b37000 	C:\Program Files\Java\jdk-14.0.2\bin\javac.exe
0x00007ffe3f450000 - 0x00007ffe3f644000 	C:\WINDOWS\SYSTEM32\ntdll.dll
0x00007ffe3ec40000 - 0x00007ffe3ecfd000 	C:\WINDOWS\System32\KERNEL32.DLL
0x00007ffe3cc40000 - 0x00007ffe3cf07000 	C:\WINDOWS\System32\KERNELBASE.dll
0x00007ffe248e0000 - 0x00007ffe248f8000 	C:\Program Files\Java\jdk-14.0.2\bin\jli.dll
0x00007ffe3d340000 - 0x00007ffe3d440000 	C:\WINDOWS\System32\ucrtbase.dll
0x00007ffe39420000 - 0x00007ffe39435000 	C:\Program Files\Java\jdk-14.0.2\bin\VCRUNTIME140.dll
0x00007ffe3f350000 - 0x00007ffe3f3fa000 	C:\WINDOWS\System32\ADVAPI32.dll
0x00007ffe3e0c0000 - 0x00007ffe3e15e000 	C:\WINDOWS\System32\msvcrt.dll
0x00007ffe3e840000 - 0x00007ffe3e8db000 	C:\WINDOWS\System32\sechost.dll
0x00007ffe3d5e0000 - 0x00007ffe3d703000 	C:\WINDOWS\System32\RPCRT4.dll
0x00007ffe3ed90000 - 0x00007ffe3ef30000 	C:\WINDOWS\System32\USER32.dll
0x00007ffe2ec00000 - 0x00007ffe2ee9a000 	C:\WINDOWS\WinSxS\amd64_microsoft.windows.common-controls_6595b64144ccf1df_6.0.19041.1_none_b555e41d4684ddec\COMCTL32.dll
0x00007ffe3cf10000 - 0x00007ffe3cf32000 	C:\WINDOWS\System32\win32u.dll
0x00007ffe3e160000 - 0x00007ffe3e18a000 	C:\WINDOWS\System32\GDI32.dll
0x00007ffe3d180000 - 0x00007ffe3d28a000 	C:\WINDOWS\System32\gdi32full.dll
0x00007ffe3cba0000 - 0x00007ffe3cc3d000 	C:\WINDOWS\System32\msvcp_win.dll
0x00007ffe36670000 - 0x00007ffe3667a000 	C:\WINDOWS\SYSTEM32\VERSION.dll
0x00007ffe3ef90000 - 0x00007ffe3efc0000 	C:\WINDOWS\System32\IMM32.DLL
0x00007ffe18310000 - 0x00007ffe183ab000 	C:\Program Files\Java\jdk-14.0.2\bin\msvcp140.dll
0x00007ffe01580000 - 0x00007ffe0209e000 	C:\Program Files\Java\jdk-14.0.2\bin\server\jvm.dll
0x00007ffe3f400000 - 0x00007ffe3f408000 	C:\WINDOWS\System32\PSAPI.DLL
0x00007ffe3a120000 - 0x00007ffe3a129000 	C:\WINDOWS\SYSTEM32\WSOCK32.dll
0x00007ffe3e7d0000 - 0x00007ffe3e83b000 	C:\WINDOWS\System32\WS2_32.dll
0x00007ffe326e0000 - 0x00007ffe32707000 	C:\WINDOWS\SYSTEM32\WINMM.dll
0x00007ffe3ab50000 - 0x00007ffe3ab63000 	C:\WINDOWS\SYSTEM32\kernel.appcore.dll
0x00007ffe39410000 - 0x00007ffe3941a000 	C:\Program Files\Java\jdk-14.0.2\bin\jimage.dll
0x00007ffe27000000 - 0x00007ffe271e4000 	C:\WINDOWS\SYSTEM32\DBGHELP.DLL
0x00007ffe26fa0000 - 0x00007ffe26fcc000 	C:\WINDOWS\SYSTEM32\dbgcore.DLL
0x00007ffe3d440000 - 0x00007ffe3d4bf000 	C:\WINDOWS\System32\bcryptPrimitives.dll
0x00007ffe2b320000 - 0x00007ffe2b345000 	C:\Program Files\Java\jdk-14.0.2\bin\java.dll
0x00007ffe393c0000 - 0x00007ffe393d6000 	C:\Program Files\Java\jdk-14.0.2\bin\zip.dll
0x00007ffe3d820000 - 0x00007ffe3df54000 	C:\WINDOWS\System32\SHELL32.dll
0x00007ffe3ad50000 - 0x00007ffe3b4de000 	C:\WINDOWS\SYSTEM32\windows.storage.dll
0x00007ffe3e8e0000 - 0x00007ffe3ec33000 	C:\WINDOWS\System32\combase.dll
0x00007ffe3c620000 - 0x00007ffe3c64b000 	C:\WINDOWS\SYSTEM32\Wldp.dll
0x00007ffe3f220000 - 0x00007ffe3f2ce000 	C:\WINDOWS\System32\SHCORE.dll
0x00007ffe3ef30000 - 0x00007ffe3ef85000 	C:\WINDOWS\System32\shlwapi.dll
0x00007ffe3cae0000 - 0x00007ffe3caff000 	C:\WINDOWS\SYSTEM32\profapi.dll
0x00007ffe2aa40000 - 0x00007ffe2aa59000 	C:\Program Files\Java\jdk-14.0.2\bin\net.dll
0x00007ffe30be0000 - 0x00007ffe30ce0000 	C:\WINDOWS\SYSTEM32\WINHTTP.dll
0x00007ffe3c3a0000 - 0x00007ffe3c40a000 	C:\WINDOWS\system32\mswsock.dll
0x00007ffe2a970000 - 0x00007ffe2a982000 	C:\Program Files\Java\jdk-14.0.2\bin\nio.dll

dbghelp: loaded successfully - version: 4.0.5 - missing functions: none
symbol engine: initialized successfully - sym options: 0x614 - pdb path: .;C:\Program Files\Java\jdk-14.0.2\bin;C:\WINDOWS\SYSTEM32;C:\WINDOWS\WinSxS\amd64_microsoft.windows.common-controls_6595b64144ccf1df_6.0.19041.1_none_b555e41d4684ddec;C:\Program Files\Java\jdk-14.0.2\bin\server

VM Arguments:
jvm_args: -Dapplication.home=C:\Program Files\Java\jdk-14.0.2 --add-modules=ALL-DEFAULT -Xms8m -Djdk.module.main=jdk.compiler 
java_command: jdk.compiler/com.sun.tools.javac.Main -d C:\Users\Revenant\Documents\NetBeansProjects\JavaApplication3\build\classes -classpath C:\Users\Revenant\Documents\NetBeansProjects\JavaApplication3\build\classes;F:\Softwares\mysql-connector-java-5.1.49\mysql-connector-java-5.1.49-bin.jar;F:\Softwares\rs2xml.jar;F:\Softwares\jcalendar-tz-1.3.3-4.jar -sourcepath C:\Users\Revenant\Documents\NetBeansProjects\JavaApplication3\src -target 14 -encoding UTF-8 -g -processorpath F:\Softwares\mysql-connector-java-5.1.49\mysql-connector-java-5.1.49-bin.jar;F:\Softwares\rs2xml.jar;F:\Softwares\jcalendar-tz-1.3.3-4.jar;C:\Users\Revenant\Documents\NetBeansProjects\JavaApplication3\build\empty -s C:\Users\Revenant\Documents\NetBeansProjects\JavaApplication3\build\generated-sources\ap-source-output -source 14 --module-path F:\Softwares\mysql-connector-java-5.1.49\mysql-connector-java-5.1.49.jar C:\Users\Revenant\Documents\NetBeansProjects\JavaApplication3\src\javaapplication3\model\BookDetails.java
java_class_path (initial): <not set>
Launcher Type: SUN_STANDARD

[Global flags]
     intx CICompilerCount                          = 3                                         {product} {ergonomic}
     uint ConcGCThreads                            = 1                                         {product} {ergonomic}
     uint G1ConcRefinementThreads                  = 4                                         {product} {ergonomic}
   size_t G1HeapRegionSize                         = 1048576                                   {product} {ergonomic}
    uintx GCDrainStackTargetSize                   = 64                                        {product} {ergonomic}
   size_t InitialHeapSize                          = 8388608                                   {product} {command line}
   size_t MarkStackSize                            = 4194304                                   {product} {ergonomic}
   size_t MaxHeapSize                              = 2134900736                                {product} {ergonomic}
   size_t MaxNewSize                               = 1280311296                                {product} {ergonomic}
   size_t MinHeapDeltaBytes                        = 1048576                                   {product} {ergonomic}
   size_t MinHeapSize                              = 8388608                                   {product} {command line}
    uintx NonNMethodCodeHeapSize                   = 5832780                                {pd product} {ergonomic}
    uintx NonProfiledCodeHeapSize                  = 122912730                              {pd product} {ergonomic}
    uintx ProfiledCodeHeapSize                     = 122912730                              {pd product} {ergonomic}
    uintx ReservedCodeCacheSize                    = 251658240                              {pd product} {ergonomic}
     bool SegmentedCodeCache                       = true                                      {product} {ergonomic}
   size_t SoftMaxHeapSize                          = 2134900736                             {manageable} {ergonomic}
     bool UseCompressedClassPointers               = true                                 {lp64_product} {ergonomic}
     bool UseCompressedOops                        = true                                 {lp64_product} {ergonomic}
     bool UseG1GC                                  = true                                      {product} {ergonomic}
     bool UseLargePagesIndividualAllocation        = false                                  {pd product} {ergonomic}

Logging:
Log output configuration:
 #0: stdout all=warning uptime,level,tags
 #1: stderr all=off uptime,level,tags

Environment Variables:
PATH=C:\Program Files (x86)\Common Files\Oracle\Java\javapath;C:\Program Files (x86)\Intel\iCLS Client\;C:\Program Files\Intel\iCLS Client\;C:\Windows\system32;C:\Windows;C:\Windows\System32\Wbem;C:\Windows\System32\WindowsPowerShell\v1.0\;C:\Program Files\Intel\Intel(R) Management Engine Components\DAL;C:\Program Files\Intel\Intel(R) Management Engine Components\IPT;C:\Program Files (x86)\Intel\Intel(R) Management Engine Components\DAL;C:\Program Files (x86)\Intel\Intel(R) Management Engine Components\IPT;C:\WINDOWS\system32;C:\WINDOWS;C:\WINDOWS\System32\Wbem;C:\WINDOWS\System32\WindowsPowerShell\v1.0\;C:\WINDOWS\System32\OpenSSH\;C:\Program Files (x86)\NVIDIA Corporation\PhysX\Common;C:\Program Files\NVIDIA Corporation\NVIDIA NvDLISR;C:\WINDOWS\system32;C:\WINDOWS;C:\WINDOWS\System32\Wbem;C:\WINDOWS\System32\WindowsPowerShell\v1.0\;C:\WINDOWS\System32\OpenSSH\;C:\Program Files (x86)\Brackets\command;C:\Program Files\MySQL\MySQL Shell 8.0\bin\;C:\Program Files\Java\jdk-14.0.2\bin
USERNAME=Revenant
OS=Windows_NT
PROCESSOR_IDENTIFIER=Intel64 Family 6 Model 58 Stepping 9, GenuineIntel



---------------  S Y S T E M  ---------------

OS: Windows 10 , 64 bit Build 19041 (10.0.19041.292)
OS uptime: 0 days 7:03 hours

CPU:total 4 (initial active 4) (4 cores per cpu, 1 threads per core) family 6 model 58 stepping 9, cmov, cx8, fxsr, mmx, sse, sse2, sse3, ssse3, sse4.1, sse4.2, popcnt, avx, aes, clmul, erms, tsc, tscinvbit, tscinv

Memory: 4k page, system-wide physical 8138M (1333M free)
TotalPageFile size 14326M (AvailPageFile size 6M)
current process WorkingSet (physical memory assigned to process): 56M, peak: 56M
current process commit charge ("private bytes"): 93M, peak: 95M

vm_info: Java HotSpot(TM) 64-Bit Server VM (14.0.2+12-46) for windows-amd64 JRE (14.0.2+12-46), built on Jul  9 2020 00:35:52 by "mach5one" with MS VC++ 15.9 (VS2017)

END.
