#
# There is insufficient memory for the Java Runtime Environment to continue.
# Native memory allocation (malloc) failed to allocate 32744 bytes for ChunkPool::allocate
# Possible reasons:
#   The system is out of physical RAM or swap space
#   The process is running with CompressedOops enabled, and the Java Heap may be blocking the growth of the native heap
# Possible solutions:
#   Reduce memory load on the system
#   Increase physical memory or swap space
#   Check if swap backing store is full
#   Decrease Java heap size (-Xmx/-Xms)
#   Decrease number of Java threads
#   Decrease Java thread stack sizes (-Xss)
#   Set larger code cache with -XX:ReservedCodeCacheSize=
#   JVM is running with Unscaled Compressed Oops mode in which the Java heap is
#     placed in the first 4GB address space. The Java Heap base address is the
#     maximum limit for the native heap growth. Please use -XX:HeapBaseMinAddress
#     to set the Java Heap base and to place the Java Heap above 4GB virtual address.
# This output file may be truncated or incomplete.
#
#  Out of Memory Error (./open/src/hotspot/share/memory/arena.cpp:79), pid=10612, tid=9936
#
# JRE version: Java(TM) SE Runtime Environment (14.0.2+12) (build 14.0.2+12-46)
# Java VM: Java HotSpot(TM) 64-Bit Server VM (14.0.2+12-46, mixed mode, sharing, tiered, compressed oops, g1 gc, windows-amd64)
# No core dump will be written. Minidumps are not enabled by default on client versions of Windows
#

---------------  S U M M A R Y ------------

Command Line: -Dapplication.home=C:\Program Files\Java\jdk-14.0.2 --add-modules=ALL-DEFAULT -Xms8m -Djdk.module.main=jdk.compiler jdk.compiler/com.sun.tools.javac.Main -d C:\Users\Revenant\Documents\NetBeansProjects\JavaApplication3\build\classes -classpath C:\Users\Revenant\Documents\NetBeansProjects\JavaApplication3\build\classes;F:\Softwares\mysql-connector-java-5.1.49\mysql-connector-java-5.1.49-bin.jar;F:\Softwares\rs2xml.jar;F:\Softwares\jcalendar-tz-1.3.3-4.jar -sourcepath C:\Users\Revenant\Documents\NetBeansProjects\JavaApplication3\src -target 14 -encoding UTF-8 -g -processorpath F:\Softwares\mysql-connector-java-5.1.49\mysql-connector-java-5.1.49-bin.jar;F:\Softwares\rs2xml.jar;F:\Softwares\jcalendar-tz-1.3.3-4.jar;C:\Users\Revenant\Documents\NetBeansProjects\JavaApplication3\build\empty -s C:\Users\Revenant\Documents\NetBeansProjects\JavaApplication3\build\generated-sources\ap-source-output -source 14 --module-path F:\Softwares\mysql-connector-java-5.1.49\mysql-connector-java-5.1.49.jar C:\Users\Revenant\Documents\NetBeansProjects\JavaApplication3\src\javaapplication3\StudentDetails.java

Host: Intel(R) Core(TM) i5-3475S CPU @ 2.90GHz, 4 cores, 7G,  Windows 10 , 64 bit Build 19041 (10.0.19041.292)
Time: Thu Sep 10 20:42:11 2020 Bangladesh Standard Time elapsed time: 0 seconds (0d 0h 0m 0s)

---------------  T H R E A D  ---------------

Current thread (0x00000231a870b000):  JavaThread "C1 CompilerThread0" daemon [_thread_in_native, id=9936, stack(0x000000b58d700000,0x000000b58d800000)]


Current CompileTask:
C1:     53   43   !   3       java.util.concurrent.ConcurrentHashMap::
[error occurred during error reporting (printing current compile task), id 0xe0000001, Out of Memory Error (./open/src/hotspot/share/memory/arena.cpp:79)]

Stack: [0x000000b58d700000,0x000000b58d800000]
Native frames: (J=compiled Java code, j=interpreted, Vv=VM code, C=native code)
V  [jvm.dll+0x5f8a9a]
V  [jvm.dll+0x74247a]
V  [jvm.dll+0x743c2f]
V  [jvm.dll+0x744273]
V  [jvm.dll+0x20d288]
V  [jvm.dll+0xabea6]
V  [jvm.dll+0xac1fc]
V  [jvm.dll+0x6c024e]
V  [jvm.dll+0x5b0925]
V  [jvm.dll+0x1f838f]
V  [jvm.dll+0x1f8907]
V  [jvm.dll+0x742310]
V  [jvm.dll+0x743c2f]
V  [jvm.dll+0x744273]
V  [jvm.dll+0x20d288]
V  [jvm.dll+0xabea6]
V  [jvm.dll+0xac1fc]
V  [jvm.dll+0x15f687]
V  [jvm.dll+0x162489]
V  [jvm.dll+0x162aee]
V  [jvm.dll+0x15a915]
V  [jvm.dll+0x159dea]
V  [jvm.dll+0x1636bb]
V  [jvm.dll+0x15af48]
V  [jvm.dll+0x15e52f]
V  [jvm.dll+0x117b55]
V  [jvm.dll+0x1173cf]
V  [jvm.dll+0x1175ff]
V  [jvm.dll+0x116884]
V  [jvm.dll+0x1187d7]
V  [jvm.dll+0x1f4105]
V  [jvm.dll+0x1f22eb]
V  [jvm.dll+0x7070cd]
V  [jvm.dll+0x6ffeda]
V  [jvm.dll+0x5f78f6]
C  [ucrtbase.dll+0x21542]
C  [KERNEL32.DLL+0x16fd4]
C  [ntdll.dll+0x4cec1]


---------------  P R O C E S S  ---------------

Threads class SMR info:
_java_thread_list=0x00000231a87097f0, length=9, elements={
0x0000023189739800, 0x00000231a86de000, 0x00000231a86df800, 0x00000231a86f9800,
0x00000231a86fa800, 0x00000231a86fe000, 0x00000231a8702800, 0x00000231a870b000,
0x00000231a8712800
}

Java Threads: ( => current thread )
  0x0000023189739800 JavaThread "main" [_thread_in_vm, id=14672, stack(0x000000b58ca00000,0x000000b58cb00000)]
  0x00000231a86de000 JavaThread "Reference Handler" daemon [_thread_blocked, id=15424, stack(0x000000b58d100000,0x000000b58d200000)]
  0x00000231a86df800 JavaThread "Finalizer" daemon [_thread_blocked, id=15432, stack(0x000000b58d200000,0x000000b58d300000)]
  0x00000231a86f9800 JavaThread "Signal Dispatcher" daemon [_thread_blocked, id=15428, stack(0x000000b58d300000,0x000000b58d400000)]
  0x00000231a86fa800 JavaThread "Attach Listener" daemon [_thread_blocked, id=15420, stack(0x000000b58d400000,0x000000b58d500000)]
  0x00000231a86fe000 JavaThread "Service Thread" daemon [_thread_blocked, id=5924, stack(0x000000b58d500000,0x000000b58d600000)]
  0x00000231a8702800 JavaThread "C2 CompilerThread0" daemon [_thread_blocked, id=6504, stack(0x000000b58d600000,0x000000b58d700000)]
=>0x00000231a870b000 JavaThread "C1 CompilerThread0" daemon [_thread_in_native, id=9936, stack(0x000000b58d700000,0x000000b58d800000)]
  0x00000231a8712800 JavaThread "Sweeper thread" daemon [_thread_blocked, id=8684, stack(0x000000b58d800000,0x000000b58d900000)]

Other Threads:
  0x000002318981b800 VMThread "VM Thread" [stack: 0x000000b58d000000,0x000000b58d100000] [id=14968]
  0x000002318977c000 GCTaskThread "GC Thread#0" [stack: 0x000000b58cb00000,0x000000b58cc00000] [id=10524]
  0x0000023189792800 ConcurrentGCThread "G1 Main Marker" [stack: 0x000000b58cc00000,0x000000b58cd00000] [id=14204]
  0x0000023189793800 ConcurrentGCThread "G1 Conc#0" [stack: 0x000000b58cd00000,0x000000b58ce00000] [id=2688]
  0x00000231897ae000 ConcurrentGCThread "G1 Refine#0" [stack: 0x000000b58ce00000,0x000000b58cf00000] [id=9108]
  0x00000231897af000 ConcurrentGCThread "G1 Young RemSet Sampling" [stack: 0x000000b58cf00000,0x000000b58d000000] [id=12444]

Threads with active compile tasks:
C1 CompilerThread0       95   43   !   3       java.util.concurrent.ConcurrentHashMap::putVal (432 bytes)

VM state:not at safepoint (normal execution)

VM Mutex/Monitor currently owned by a thread: None

Heap address: 0x0000000080c00000, size: 2036 MB, Compressed Oops mode: 32-bit
Narrow klass base: 0x0000000800000000, Narrow klass shift: 3
Compressed class space size: 1073741824 Address: 0x0000000800b30000

Heap:
 garbage-first heap   total 8192K, used 0K [0x0000000080c00000, 0x0000000100000000)
  region size 1024K, 1 young (1024K), 0 survivors (0K)
 Metaspace       used 208K, capacity 4485K, committed 4864K, reserved 1056768K
  class space    used 18K, capacity 386K, committed 512K, reserved 1048576K
Heap Regions: E=young(eden), S=young(survivor), O=old, HS=humongous(starts), HC=humongous(continues), CS=collection set, F=free, OA=open archive, CA=closed archive, TAMS=top-at-mark-start (previous, next)
|   0|0x0000000080c00000, 0x0000000080c00000, 0x0000000080d00000|  0%| F|  |TAMS 0x0000000080c00000, 0x0000000080c00000| Untracked 
|   1|0x0000000080d00000, 0x0000000080d00000, 0x0000000080e00000|  0%| F|  |TAMS 0x0000000080d00000, 0x0000000080d00000| Untracked 
|   2|0x0000000080e00000, 0x0000000080e00000, 0x0000000080f00000|  0%| F|  |TAMS 0x0000000080e00000, 0x0000000080e00000| Untracked 
|   3|0x0000000080f00000, 0x0000000080f00000, 0x0000000081000000|  0%| F|  |TAMS 0x0000000080f00000, 0x0000000080f00000| Untracked 
|   4|0x0000000081000000, 0x0000000081000000, 0x0000000081100000|  0%| F|  |TAMS 0x0000000081000000, 0x0000000081000000| Untracked 
|   5|0x0000000081100000, 0x0000000081100000, 0x0000000081200000|  0%| F|  |TAMS 0x0000000081100000, 0x0000000081100000| Untracked 
|   6|0x0000000081200000, 0x0000000081200000, 0x0000000081300000|  0%| F|  |TAMS 0x0000000081200000, 0x0000000081200000| Untracked 
|   7|0x0000000081300000, 0x00000000813a9408, 0x0000000081400000| 66%| E|  |TAMS 0x0000000081300000, 0x0000000081300000| Complete 

Card table byte_map: [0x00000231a12f0000,0x00000231a16f0000] _byte_map_base: 0x00000231a0eea000

Marking Bits (Prev, Next): (CMBitMap*) 0x0000023189781b88, (CMBitMap*) 0x0000023189781bc8
 Prev Bits: [0x00000231a1af0000, 0x00000231a3ac0000)
 Next Bits: [0x00000231a3ac0000, 0x00000231a5a90000)

Polling page: 0x0000023187730000

Metaspace:

Usage:
  Non-class:      4.00 MB capacity,   189.91 KB (  5%) used,     3.82 MB ( 95%) free+waste,   256 bytes ( <1%) overhead. 
      Class:    386.00 KB capacity,    18.68 KB (  5%) used,   367.13 KB ( 95%) free+waste,   192 bytes ( <1%) overhead. 
       Both:      4.38 MB capacity,   208.59 KB (  5%) used,     4.18 MB ( 95%) free+waste,   448 bytes ( <1%) overhead. 

Virtual space:
  Non-class space:        8.00 MB reserved,       4.25 MB ( 53%) committed 
      Class space:        1.00 GB reserved,     512.00 KB ( <1%) committed 
             Both:        1.01 GB reserved,       4.75 MB ( <1%) committed 

Chunk freelists:
   Non-Class:  0 bytes
       Class:  0 bytes
        Both:  0 bytes

MaxMetaspaceSize: 17179869184.00 GB
CompressedClassSpaceSize: 1.00 GB

CodeHeap 'non-profiled nmethods': size=120000Kb used=12Kb max_used=12Kb free=119987Kb
 bounds [0x00000231999c0000, 0x0000023199c30000, 0x00000231a0ef0000]
CodeHeap 'profiled nmethods': size=120000Kb used=43Kb max_used=43Kb free=119957Kb
 bounds [0x0000023192490000, 0x0000023192700000, 0x00000231999c0000]
CodeHeap 'non-nmethods': size=5760Kb used=1078Kb max_used=1078Kb free=4681Kb
 bounds [0x0000023191ef0000, 0x0000023192160000, 0x0000023192490000]
 total_blobs=351 nmethods=44 adapters=220
 compilation: enabled
              stopped_count=0, restarted_count=0
 full_count=0

Compilation events (20 events):
Event: 0.040 Thread 0x00000231a870b000 nmethod 25 0x00000231999c0710 code [0x00000231999c08a0, 0x00000231999c0978]
Event: 0.040 Thread 0x00000231a870b000   26       3       java.lang.StringLatin1::indexOf (61 bytes)
Event: 0.040 Thread 0x00000231a870b000 nmethod 26 0x0000023192497c10 code [0x0000023192497dc0, 0x0000023192498178]
Event: 0.040 Thread 0x00000231a870b000   27       3       java.net.URI::hash (33 bytes)
Event: 0.040 Thread 0x00000231a870b000 nmethod 27 0x0000023192498290 code [0x0000023192498480, 0x00000231924988f8]
Event: 0.041 Thread 0x00000231a870b000   28       3       java.util.ImmutableCollections$SetN$SetNIterator::nextIndex (56 bytes)
Event: 0.041 Thread 0x00000231a8702800   30       4       java.lang.Object::<init> (1 bytes)
Event: 0.041 Thread 0x00000231a870b000 nmethod 28 0x0000023192498a90 code [0x0000023192498c20, 0x0000023192498db8]
Event: 0.041 Thread 0x00000231a870b000   29       3       java.util.concurrent.ConcurrentHashMap::tabAt (22 bytes)
Event: 0.041 Thread 0x00000231a8702800 nmethod 30 0x00000231999c0a10 code [0x00000231999c0b80, 0x00000231999c0bf8]
Event: 0.041 Thread 0x00000231a870b000 nmethod 29 0x0000023192498e90 code [0x0000023192499040, 0x0000023192499358]
Event: 0.041 Thread 0x00000231a870b000   32       3       java.util.ImmutableCollections$SetN$SetNIterator::next (47 bytes)
Event: 0.042 Thread 0x00000231a870b000 nmethod 32 0x0000023192499410 code [0x00000231924995e0, 0x00000231924998d8]
Event: 0.042 Thread 0x00000231a870b000   31       3       java.util.concurrent.ConcurrentHashMap::spread (10 bytes)
Event: 0.042 Thread 0x00000231a870b000 nmethod 31 0x0000023192499a90 code [0x0000023192499c20, 0x0000023192499d18]
Event: 0.046 Thread 0x00000231a870b000   34       1       java.lang.Enum::ordinal (5 bytes)
Event: 0.046 Thread 0x00000231a870b000 nmethod 34 0x00000231999c1010 code [0x00000231999c11a0, 0x00000231999c1278]
Event: 0.049 Thread 0x00000231a870b000   41       3       java.util.concurrent.ConcurrentHashMap::addCount (280 bytes)
Event: 0.050 Thread 0x00000231a870b000 nmethod 41 0x0000023192499d90 code [0x0000023192499fc0, 0x000002319249a928]
Event: 0.050 Thread 0x00000231a870b000   43   !   3       java.util.concurrent.ConcurrentHashMap::putVal (432 bytes)

GC Heap History (0 events):
No events

Deoptimization events (0 events):
No events

Classes unloaded (0 events):
No events

Classes redefined (0 events):
No events

Internal exceptions (0 events):
No events

Events (20 events):
Event: 0.019 Thread 0x00000231a86de000 Thread added: 0x00000231a86de000
Event: 0.020 Thread 0x00000231a86df800 Thread added: 0x00000231a86df800
Event: 0.032 Thread 0x00000231a86f9800 Thread added: 0x00000231a86f9800
Event: 0.032 Thread 0x00000231a86fa800 Thread added: 0x00000231a86fa800
Event: 0.032 Thread 0x00000231a86fe000 Thread added: 0x00000231a86fe000
Event: 0.032 Thread 0x00000231a8702800 Thread added: 0x00000231a8702800
Event: 0.032 Thread 0x00000231a870b000 Thread added: 0x00000231a870b000
Event: 0.032 Thread 0x00000231a8712800 Thread added: 0x00000231a8712800
Event: 0.042 loading class jdk/internal/module/DefaultRoots
Event: 0.042 loading class jdk/internal/module/DefaultRoots done
Event: 0.042 loading class java/util/Spliterators$IteratorSpliterator
Event: 0.042 loading class java/util/Spliterators$IteratorSpliterator done
Event: 0.046 loading class java/lang/Module$ReflectionData
Event: 0.046 loading class java/lang/Module$ReflectionData done
Event: 0.046 loading class java/lang/WeakPairMap
Event: 0.046 loading class java/lang/WeakPairMap done
Event: 0.046 loading class java/lang/WeakPairMap$Pair
Event: 0.046 loading class java/lang/WeakPairMap$Pair done
Event: 0.046 loading class java/lang/WeakPairMap$Pair$Lookup
Event: 0.046 loading class java/lang/WeakPairMap$Pair$Lookup done


Dynamic libraries:
0x00007ff786730000 - 0x00007ff786737000 	C:\Program Files\Java\jdk-14.0.2\bin\javac.exe
0x00007ffe3f450000 - 0x00007ffe3f644000 	C:\WINDOWS\SYSTEM32\ntdll.dll
0x00007ffe3ec40000 - 0x00007ffe3ecfd000 	C:\WINDOWS\System32\KERNEL32.DLL
0x00007ffe3cc40000 - 0x00007ffe3cf07000 	C:\WINDOWS\System32\KERNELBASE.dll
0x00007ffe3d340000 - 0x00007ffe3d440000 	C:\WINDOWS\System32\ucrtbase.dll
0x00007ffe39370000 - 0x00007ffe39388000 	C:\Program Files\Java\jdk-14.0.2\bin\jli.dll
0x00007ffe27410000 - 0x00007ffe27425000 	C:\Program Files\Java\jdk-14.0.2\bin\VCRUNTIME140.dll
0x00007ffe3f350000 - 0x00007ffe3f3fa000 	C:\WINDOWS\System32\ADVAPI32.dll
0x00007ffe3e0c0000 - 0x00007ffe3e15e000 	C:\WINDOWS\System32\msvcrt.dll
0x00007ffe3e840000 - 0x00007ffe3e8db000 	C:\WINDOWS\System32\sechost.dll
0x00007ffe3d5e0000 - 0x00007ffe3d703000 	C:\WINDOWS\System32\RPCRT4.dll
0x00007ffe3ed90000 - 0x00007ffe3ef30000 	C:\WINDOWS\System32\USER32.dll
0x00007ffe2ec00000 - 0x00007ffe2ee9a000 	C:\WINDOWS\WinSxS\amd64_microsoft.windows.common-controls_6595b64144ccf1df_6.0.19041.1_none_b555e41d4684ddec\COMCTL32.dll
0x00007ffe3cf10000 - 0x00007ffe3cf32000 	C:\WINDOWS\System32\win32u.dll
0x00007ffe3e160000 - 0x00007ffe3e18a000 	C:\WINDOWS\System32\GDI32.dll
0x00007ffe3d180000 - 0x00007ffe3d28a000 	C:\WINDOWS\System32\gdi32full.dll
0x00007ffe36670000 - 0x00007ffe3667a000 	C:\WINDOWS\SYSTEM32\VERSION.dll
0x00007ffe3cba0000 - 0x00007ffe3cc3d000 	C:\WINDOWS\System32\msvcp_win.dll
0x00007ffe3ef90000 - 0x00007ffe3efc0000 	C:\WINDOWS\System32\IMM32.DLL
0x00007ffdfd930000 - 0x00007ffdfd9cb000 	C:\Program Files\Java\jdk-14.0.2\bin\msvcp140.dll
0x00007ffdf8200000 - 0x00007ffdf8d1e000 	C:\Program Files\Java\jdk-14.0.2\bin\server\jvm.dll
0x00007ffe3f400000 - 0x00007ffe3f408000 	C:\WINDOWS\System32\PSAPI.DLL
0x00007ffe326e0000 - 0x00007ffe32707000 	C:\WINDOWS\SYSTEM32\WINMM.dll
0x00007ffe27430000 - 0x00007ffe27439000 	C:\WINDOWS\SYSTEM32\WSOCK32.dll
0x00007ffe3e7d0000 - 0x00007ffe3e83b000 	C:\WINDOWS\System32\WS2_32.dll
0x00007ffe3ab50000 - 0x00007ffe3ab63000 	C:\WINDOWS\SYSTEM32\kernel.appcore.dll
0x00007ffe1c5c0000 - 0x00007ffe1c5ca000 	C:\Program Files\Java\jdk-14.0.2\bin\jimage.dll
0x00007ffe27000000 - 0x00007ffe271e4000 	C:\WINDOWS\SYSTEM32\DBGHELP.DLL
0x00007ffe26fa0000 - 0x00007ffe26fcc000 	C:\WINDOWS\SYSTEM32\dbgcore.DLL
0x00007ffe3d440000 - 0x00007ffe3d4bf000 	C:\WINDOWS\System32\bcryptPrimitives.dll
0x00007ffe13420000 - 0x00007ffe13445000 	C:\Program Files\Java\jdk-14.0.2\bin\java.dll
0x00007ffe14260000 - 0x00007ffe14276000 	C:\Program Files\Java\jdk-14.0.2\bin\zip.dll
0x00007ffe3d820000 - 0x00007ffe3df54000 	C:\WINDOWS\System32\SHELL32.dll
0x00007ffe3ad50000 - 0x00007ffe3b4de000 	C:\WINDOWS\SYSTEM32\windows.storage.dll
0x00007ffe3e8e0000 - 0x00007ffe3ec33000 	C:\WINDOWS\System32\combase.dll
0x00007ffe3c620000 - 0x00007ffe3c64b000 	C:\WINDOWS\SYSTEM32\Wldp.dll
0x00007ffe3f220000 - 0x00007ffe3f2ce000 	C:\WINDOWS\System32\SHCORE.dll
0x00007ffe3ef30000 - 0x00007ffe3ef85000 	C:\WINDOWS\System32\shlwapi.dll
0x00007ffe3cae0000 - 0x00007ffe3caff000 	C:\WINDOWS\SYSTEM32\profapi.dll

dbghelp: loaded successfully - version: 4.0.5 - missing functions: none
symbol engine: initialized successfully - sym options: 0x614 - pdb path: .;C:\Program Files\Java\jdk-14.0.2\bin;C:\WINDOWS\SYSTEM32;C:\WINDOWS\WinSxS\amd64_microsoft.windows.common-controls_6595b64144ccf1df_6.0.19041.1_none_b555e41d4684ddec;C:\Program Files\Java\jdk-14.0.2\bin\server

VM Arguments:
jvm_args: -Dapplication.home=C:\Program Files\Java\jdk-14.0.2 --add-modules=ALL-DEFAULT -Xms8m -Djdk.module.main=jdk.compiler 
java_command: jdk.compiler/com.sun.tools.javac.Main -d C:\Users\Revenant\Documents\NetBeansProjects\JavaApplication3\build\classes -classpath C:\Users\Revenant\Documents\NetBeansProjects\JavaApplication3\build\classes;F:\Softwares\mysql-connector-java-5.1.49\mysql-connector-java-5.1.49-bin.jar;F:\Softwares\rs2xml.jar;F:\Softwares\jcalendar-tz-1.3.3-4.jar -sourcepath C:\Users\Revenant\Documents\NetBeansProjects\JavaApplication3\src -target 14 -encoding UTF-8 -g -processorpath F:\Softwares\mysql-connector-java-5.1.49\mysql-connector-java-5.1.49-bin.jar;F:\Softwares\rs2xml.jar;F:\Softwares\jcalendar-tz-1.3.3-4.jar;C:\Users\Revenant\Documents\NetBeansProjects\JavaApplication3\build\empty -s C:\Users\Revenant\Documents\NetBeansProjects\JavaApplication3\build\generated-sources\ap-source-output -source 14 --module-path F:\Softwares\mysql-connector-java-5.1.49\mysql-connector-java-5.1.49.jar C:\Users\Revenant\Documents\NetBeansProjects\JavaApplication3\src\javaapplication3\StudentDetails.java
java_class_path (initial): <not set>
Launcher Type: SUN_STANDARD

[Global flags]
     intx CICompilerCount                          = 3                                         {product} {ergonomic}
     uint ConcGCThreads                            = 1                                         {product} {ergonomic}
     uint G1ConcRefinementThreads                  = 4                                         {product} {ergonomic}
   size_t G1HeapRegionSize                         = 1048576                                   {product} {ergonomic}
    uintx GCDrainStackTargetSize                   = 64                                        {product} {ergonomic}
   size_t InitialHeapSize                          = 8388608                                   {product} {command line}
   size_t MarkStackSize                            = 4194304                                   {product} {ergonomic}
   size_t MaxHeapSize                              = 2134900736                                {product} {ergonomic}
   size_t MaxNewSize                               = 1280311296                                {product} {ergonomic}
   size_t MinHeapDeltaBytes                        = 1048576                                   {product} {ergonomic}
   size_t MinHeapSize                              = 8388608                                   {product} {command line}
    uintx NonNMethodCodeHeapSize                   = 5832780                                {pd product} {ergonomic}
    uintx NonProfiledCodeHeapSize                  = 122912730                              {pd product} {ergonomic}
    uintx ProfiledCodeHeapSize                     = 122912730                              {pd product} {ergonomic}
    uintx ReservedCodeCacheSize                    = 251658240                              {pd product} {ergonomic}
     bool SegmentedCodeCache                       = true                                      {product} {ergonomic}
   size_t SoftMaxHeapSize                          = 2134900736                             {manageable} {ergonomic}
     bool UseCompressedClassPointers               = true                                 {lp64_product} {ergonomic}
     bool UseCompressedOops                        = true                                 {lp64_product} {ergonomic}
     bool UseG1GC                                  = true                                      {product} {ergonomic}
     bool UseLargePagesIndividualAllocation        = false                                  {pd product} {ergonomic}

Logging:
Log output configuration:
 #0: stdout all=warning uptime,level,tags
 #1: stderr all=off uptime,level,tags

Environment Variables:
PATH=C:\Program Files (x86)\Common Files\Oracle\Java\javapath;C:\Program Files (x86)\Intel\iCLS Client\;C:\Program Files\Intel\iCLS Client\;C:\Windows\system32;C:\Windows;C:\Windows\System32\Wbem;C:\Windows\System32\WindowsPowerShell\v1.0\;C:\Program Files\Intel\Intel(R) Management Engine Components\DAL;C:\Program Files\Intel\Intel(R) Management Engine Components\IPT;C:\Program Files (x86)\Intel\Intel(R) Management Engine Components\DAL;C:\Program Files (x86)\Intel\Intel(R) Management Engine Components\IPT;C:\WINDOWS\system32;C:\WINDOWS;C:\WINDOWS\System32\Wbem;C:\WINDOWS\System32\WindowsPowerShell\v1.0\;C:\WINDOWS\System32\OpenSSH\;C:\Program Files (x86)\NVIDIA Corporation\PhysX\Common;C:\Program Files\NVIDIA Corporation\NVIDIA NvDLISR;C:\WINDOWS\system32;C:\WINDOWS;C:\WINDOWS\System32\Wbem;C:\WINDOWS\System32\WindowsPowerShell\v1.0\;C:\WINDOWS\System32\OpenSSH\;C:\Program Files (x86)\Brackets\command;C:\Program Files\MySQL\MySQL Shell 8.0\bin\;C:\Program Files\Java\jdk-14.0.2\bin
USERNAME=Revenant
OS=Windows_NT
PROCESSOR_IDENTIFIER=Intel64 Family 6 Model 58 Stepping 9, GenuineIntel



---------------  S Y S T E M  ---------------

OS: Windows 10 , 64 bit Build 19041 (10.0.19041.292)
OS uptime: 0 days 2:03 hours

CPU:total 4 (initial active 4) (4 cores per cpu, 1 threads per core) family 6 model 58 stepping 9, cmov, cx8, fxsr, mmx, sse, sse2, sse3, ssse3, sse4.1, sse4.2, popcnt, avx, aes, clmul, erms, tsc, tscinvbit, tscinv

Memory: 4k page, system-wide physical 8138M (2186M free)
TotalPageFile size 14326M (AvailPageFile size 2M)
current process WorkingSet (physical memory assigned to process): 25M, peak: 25M
current process commit charge ("private bytes"): 79M, peak: 79M

vm_info: Java HotSpot(TM) 64-Bit Server VM (14.0.2+12-46) for windows-amd64 JRE (14.0.2+12-46), built on Jul  9 2020 00:35:52 by "mach5one" with MS VC++ 15.9 (VS2017)

END.
