#
# There is insufficient memory for the Java Runtime Environment to continue.
# Native memory allocation (mmap) failed to map 8388608 bytes for Failed to commit area from 0x0000000080c00000 to 0x0000000081400000 of length 8388608.
# Possible reasons:
#   The system is out of physical RAM or swap space
#   The process is running with CompressedOops enabled, and the Java Heap may be blocking the growth of the native heap
# Possible solutions:
#   Reduce memory load on the system
#   Increase physical memory or swap space
#   Check if swap backing store is full
#   Decrease Java heap size (-Xmx/-Xms)
#   Decrease number of Java threads
#   Decrease Java thread stack sizes (-Xss)
#   Set larger code cache with -XX:ReservedCodeCacheSize=
#   JVM is running with Unscaled Compressed Oops mode in which the Java heap is
#     placed in the first 4GB address space. The Java Heap base address is the
#     maximum limit for the native heap growth. Please use -XX:HeapBaseMinAddress
#     to set the Java Heap base and to place the Java Heap above 4GB virtual address.
# This output file may be truncated or incomplete.
#
#  Out of Memory Error (./open/src/hotspot/os/windows/os_windows.cpp:3315), pid=15984, tid=16048
#
# JRE version:  (14.0.2+12) (build )
# Java VM: Java HotSpot(TM) 64-Bit Server VM (14.0.2+12-46, mixed mode, sharing, tiered, compressed oops, g1 gc, windows-amd64)
# No core dump will be written. Minidumps are not enabled by default on client versions of Windows
#

---------------  S U M M A R Y ------------

Command Line: -Dapplication.home=C:\Program Files\Java\jdk-14.0.2 --add-modules=ALL-DEFAULT -Xms8m -Djdk.module.main=jdk.compiler jdk.compiler/com.sun.tools.javac.Main -d C:\Users\Revenant\Documents\NetBeansProjects\JavaApplication3\build\classes -classpath C:\Users\Revenant\Documents\NetBeansProjects\JavaApplication3\build\classes;F:\Softwares\mysql-connector-java-5.1.49\mysql-connector-java-5.1.49-bin.jar;F:\Softwares\rs2xml.jar;F:\Softwares\jcalendar-tz-1.3.3-4.jar -sourcepath C:\Users\Revenant\Documents\NetBeansProjects\JavaApplication3\src -target 14 -encoding UTF-8 -g -processorpath F:\Softwares\mysql-connector-java-5.1.49\mysql-connector-java-5.1.49-bin.jar;F:\Softwares\rs2xml.jar;F:\Softwares\jcalendar-tz-1.3.3-4.jar;C:\Users\Revenant\Documents\NetBeansProjects\JavaApplication3\build\empty -s C:\Users\Revenant\Documents\NetBeansProjects\JavaApplication3\build\generated-sources\ap-source-output -source 14 --module-path F:\Softwares\mysql-connector-java-5.1.49\mysql-connector-java-5.1.49.jar C:\Users\Revenant\Documents\NetBeansProjects\JavaApplication3\src\javaapplication3\StudentDetails.java

Host: Intel(R) Core(TM) i5-3475S CPU @ 2.90GHz, 4 cores, 7G,  Windows 10 , 64 bit Build 19041 (10.0.19041.292)
Time: Thu Sep 10 20:41:23 2020 Bangladesh Standard Time elapsed time: 0 seconds (0d 0h 0m 0s)

---------------  T H R E A D  ---------------

Current thread (0x0000027f37f9c800):  JavaThread "Unknown thread" [_thread_in_vm, id=16048, stack(0x000000eaa0500000,0x000000eaa0600000)]

Stack: [0x000000eaa0500000,0x000000eaa0600000]
Native frames: (J=compiled Java code, j=interpreted, Vv=VM code, C=native code)
V  [jvm.dll+0x5f8a9a]
V  [jvm.dll+0x74247a]
V  [jvm.dll+0x743c2f]
V  [jvm.dll+0x744273]
V  [jvm.dll+0x20d288]
V  [jvm.dll+0x5f5dea]
V  [jvm.dll+0x5eac45]
V  [jvm.dll+0x2c7e9c]
V  [jvm.dll+0x2c7cd2]
V  [jvm.dll+0x2cdbbc]
V  [jvm.dll+0x313fe8]
V  [jvm.dll+0x313710]
V  [jvm.dll+0x2a092a]
V  [jvm.dll+0x2a1a79]
V  [jvm.dll+0x71fd48]
V  [jvm.dll+0x321c14]
V  [jvm.dll+0x70112c]
V  [jvm.dll+0x392def]
V  [jvm.dll+0x394e61]
C  [jli.dll+0x524b]
C  [ucrtbase.dll+0x21542]
C  [KERNEL32.DLL+0x16fd4]
C  [ntdll.dll+0x4cec1]


---------------  P R O C E S S  ---------------

Threads class SMR info:
_java_thread_list=0x00007ffdf8c83038, length=0, elements={
}

Java Threads: ( => current thread )

Other Threads:
  0x0000027f37fdf800 GCTaskThread "GC Thread#0" [stack: 0x000000eaa0600000,0x000000eaa0700000] [id=16052]
  0x0000027f37ff2000 ConcurrentGCThread "G1 Main Marker" [stack: 0x000000eaa0700000,0x000000eaa0800000] [id=16056]
  0x0000027f37ff3800 ConcurrentGCThread "G1 Conc#0" [stack: 0x000000eaa0800000,0x000000eaa0900000] [id=16060]

[error occurred during error reporting (printing all threads), id 0xc0000005, EXCEPTION_ACCESS_VIOLATION (0xc0000005) at pc=0x00007ffdf84b1257]

VM state:not at safepoint (not fully initialized)

VM Mutex/Monitor currently owned by a thread:  ([mutex/lock_event])
[0x0000027f37f985b0] Heap_lock - owner thread: 0x0000027f37f9c800

Heap address: 0x0000000080c00000, size: 2036 MB, Compressed Oops mode: 32-bit
Narrow klass base: 0x0000000000000000, Narrow klass shift: 0

GC Heap History (0 events):
No events

Deoptimization events (0 events):
No events

Classes unloaded (0 events):
No events

Classes redefined (0 events):
No events

Internal exceptions (0 events):
No events

Events (2 events):
Event: 0.008 Loaded shared library C:\Program Files\Java\jdk-14.0.2\bin\java.dll
Event: 0.009 Loaded shared library C:\Program Files\Java\jdk-14.0.2\bin\zip.dll


Dynamic libraries:
0x00007ff786730000 - 0x00007ff786737000 	C:\Program Files\Java\jdk-14.0.2\bin\javac.exe
0x00007ffe3f450000 - 0x00007ffe3f644000 	C:\WINDOWS\SYSTEM32\ntdll.dll
0x00007ffe3ec40000 - 0x00007ffe3ecfd000 	C:\WINDOWS\System32\KERNEL32.DLL
0x00007ffe3cc40000 - 0x00007ffe3cf07000 	C:\WINDOWS\System32\KERNELBASE.dll
0x00007ffe3d340000 - 0x00007ffe3d440000 	C:\WINDOWS\System32\ucrtbase.dll
0x00007ffe39370000 - 0x00007ffe39388000 	C:\Program Files\Java\jdk-14.0.2\bin\jli.dll
0x00007ffe27410000 - 0x00007ffe27425000 	C:\Program Files\Java\jdk-14.0.2\bin\VCRUNTIME140.dll
0x00007ffe3f350000 - 0x00007ffe3f3fa000 	C:\WINDOWS\System32\ADVAPI32.dll
0x00007ffe3e0c0000 - 0x00007ffe3e15e000 	C:\WINDOWS\System32\msvcrt.dll
0x00007ffe3e840000 - 0x00007ffe3e8db000 	C:\WINDOWS\System32\sechost.dll
0x00007ffe3d5e0000 - 0x00007ffe3d703000 	C:\WINDOWS\System32\RPCRT4.dll
0x00007ffe3ed90000 - 0x00007ffe3ef30000 	C:\WINDOWS\System32\USER32.dll
0x00007ffe2ec00000 - 0x00007ffe2ee9a000 	C:\WINDOWS\WinSxS\amd64_microsoft.windows.common-controls_6595b64144ccf1df_6.0.19041.1_none_b555e41d4684ddec\COMCTL32.dll
0x00007ffe3cf10000 - 0x00007ffe3cf32000 	C:\WINDOWS\System32\win32u.dll
0x00007ffe3e160000 - 0x00007ffe3e18a000 	C:\WINDOWS\System32\GDI32.dll
0x00007ffe3d180000 - 0x00007ffe3d28a000 	C:\WINDOWS\System32\gdi32full.dll
0x00007ffe36670000 - 0x00007ffe3667a000 	C:\WINDOWS\SYSTEM32\VERSION.dll
0x00007ffe3cba0000 - 0x00007ffe3cc3d000 	C:\WINDOWS\System32\msvcp_win.dll
0x00007ffe3ef90000 - 0x00007ffe3efc0000 	C:\WINDOWS\System32\IMM32.DLL
0x00007ffdfd930000 - 0x00007ffdfd9cb000 	C:\Program Files\Java\jdk-14.0.2\bin\msvcp140.dll
0x00007ffdf8200000 - 0x00007ffdf8d1e000 	C:\Program Files\Java\jdk-14.0.2\bin\server\jvm.dll
0x00007ffe3f400000 - 0x00007ffe3f408000 	C:\WINDOWS\System32\PSAPI.DLL
0x00007ffe27430000 - 0x00007ffe27439000 	C:\WINDOWS\SYSTEM32\WSOCK32.dll
0x00007ffe326e0000 - 0x00007ffe32707000 	C:\WINDOWS\SYSTEM32\WINMM.dll
0x00007ffe3e7d0000 - 0x00007ffe3e83b000 	C:\WINDOWS\System32\WS2_32.dll
0x00007ffe3ab50000 - 0x00007ffe3ab63000 	C:\WINDOWS\SYSTEM32\kernel.appcore.dll
0x00007ffe1c5c0000 - 0x00007ffe1c5ca000 	C:\Program Files\Java\jdk-14.0.2\bin\jimage.dll
0x00007ffe27000000 - 0x00007ffe271e4000 	C:\WINDOWS\SYSTEM32\DBGHELP.DLL
0x00007ffe26fa0000 - 0x00007ffe26fcc000 	C:\WINDOWS\SYSTEM32\dbgcore.DLL
0x00007ffe3d440000 - 0x00007ffe3d4bf000 	C:\WINDOWS\System32\bcryptPrimitives.dll
0x00007ffe13420000 - 0x00007ffe13445000 	C:\Program Files\Java\jdk-14.0.2\bin\java.dll
0x00007ffe14260000 - 0x00007ffe14276000 	C:\Program Files\Java\jdk-14.0.2\bin\zip.dll

dbghelp: loaded successfully - version: 4.0.5 - missing functions: none
symbol engine: initialized successfully - sym options: 0x614 - pdb path: .;C:\Program Files\Java\jdk-14.0.2\bin;C:\WINDOWS\SYSTEM32;C:\WINDOWS\WinSxS\amd64_microsoft.windows.common-controls_6595b64144ccf1df_6.0.19041.1_none_b555e41d4684ddec;C:\Program Files\Java\jdk-14.0.2\bin\server

VM Arguments:
jvm_args: -Dapplication.home=C:\Program Files\Java\jdk-14.0.2 --add-modules=ALL-DEFAULT -Xms8m -Djdk.module.main=jdk.compiler 
java_command: jdk.compiler/com.sun.tools.javac.Main -d C:\Users\Revenant\Documents\NetBeansProjects\JavaApplication3\build\classes -classpath C:\Users\Revenant\Documents\NetBeansProjects\JavaApplication3\build\classes;F:\Softwares\mysql-connector-java-5.1.49\mysql-connector-java-5.1.49-bin.jar;F:\Softwares\rs2xml.jar;F:\Softwares\jcalendar-tz-1.3.3-4.jar -sourcepath C:\Users\Revenant\Documents\NetBeansProjects\JavaApplication3\src -target 14 -encoding UTF-8 -g -processorpath F:\Softwares\mysql-connector-java-5.1.49\mysql-connector-java-5.1.49-bin.jar;F:\Softwares\rs2xml.jar;F:\Softwares\jcalendar-tz-1.3.3-4.jar;C:\Users\Revenant\Documents\NetBeansProjects\JavaApplication3\build\empty -s C:\Users\Revenant\Documents\NetBeansProjects\JavaApplication3\build\generated-sources\ap-source-output -source 14 --module-path F:\Softwares\mysql-connector-java-5.1.49\mysql-connector-java-5.1.49.jar C:\Users\Revenant\Documents\NetBeansProjects\JavaApplication3\src\javaapplication3\StudentDetails.java
java_class_path (initial): <not set>
Launcher Type: SUN_STANDARD

[Global flags]
     intx CICompilerCount                          = 3                                         {product} {ergonomic}
     uint ConcGCThreads                            = 1                                         {product} {ergonomic}
     uint G1ConcRefinementThreads                  = 4                                         {product} {ergonomic}
   size_t G1HeapRegionSize                         = 1048576                                   {product} {ergonomic}
    uintx GCDrainStackTargetSize                   = 64                                        {product} {ergonomic}
   size_t InitialHeapSize                          = 8388608                                   {product} {command line}
   size_t MarkStackSize                            = 4194304                                   {product} {ergonomic}
   size_t MaxHeapSize                              = 2134900736                                {product} {ergonomic}
   size_t MinHeapDeltaBytes                        = 1048576                                   {product} {ergonomic}
   size_t MinHeapSize                              = 8388608                                   {product} {command line}
    uintx NonNMethodCodeHeapSize                   = 5832780                                {pd product} {ergonomic}
    uintx NonProfiledCodeHeapSize                  = 122912730                              {pd product} {ergonomic}
    uintx ProfiledCodeHeapSize                     = 122912730                              {pd product} {ergonomic}
    uintx ReservedCodeCacheSize                    = 251658240                              {pd product} {ergonomic}
     bool SegmentedCodeCache                       = true                                      {product} {ergonomic}
   size_t SoftMaxHeapSize                          = 2134900736                             {manageable} {ergonomic}
     bool UseCompressedClassPointers               = true                                 {lp64_product} {ergonomic}
     bool UseCompressedOops                        = true                                 {lp64_product} {ergonomic}
     bool UseG1GC                                  = true                                      {product} {ergonomic}
     bool UseLargePagesIndividualAllocation        = false                                  {pd product} {ergonomic}

Logging:
Log output configuration:
 #0: stdout all=warning uptime,level,tags
 #1: stderr all=off uptime,level,tags

Environment Variables:
PATH=C:\Program Files (x86)\Common Files\Oracle\Java\javapath;C:\Program Files (x86)\Intel\iCLS Client\;C:\Program Files\Intel\iCLS Client\;C:\Windows\system32;C:\Windows;C:\Windows\System32\Wbem;C:\Windows\System32\WindowsPowerShell\v1.0\;C:\Program Files\Intel\Intel(R) Management Engine Components\DAL;C:\Program Files\Intel\Intel(R) Management Engine Components\IPT;C:\Program Files (x86)\Intel\Intel(R) Management Engine Components\DAL;C:\Program Files (x86)\Intel\Intel(R) Management Engine Components\IPT;C:\WINDOWS\system32;C:\WINDOWS;C:\WINDOWS\System32\Wbem;C:\WINDOWS\System32\WindowsPowerShell\v1.0\;C:\WINDOWS\System32\OpenSSH\;C:\Program Files (x86)\NVIDIA Corporation\PhysX\Common;C:\Program Files\NVIDIA Corporation\NVIDIA NvDLISR;C:\WINDOWS\system32;C:\WINDOWS;C:\WINDOWS\System32\Wbem;C:\WINDOWS\System32\WindowsPowerShell\v1.0\;C:\WINDOWS\System32\OpenSSH\;C:\Program Files (x86)\Brackets\command;C:\Program Files\MySQL\MySQL Shell 8.0\bin\;C:\Program Files\Java\jdk-14.0.2\bin
USERNAME=Revenant
OS=Windows_NT
PROCESSOR_IDENTIFIER=Intel64 Family 6 Model 58 Stepping 9, GenuineIntel



---------------  S Y S T E M  ---------------

OS: Windows 10 , 64 bit Build 19041 (10.0.19041.292)
OS uptime: 0 days 2:02 hours

CPU:total 4 (initial active 4) (4 cores per cpu, 1 threads per core) family 6 model 58 stepping 9, cmov, cx8, fxsr, mmx, sse, sse2, sse3, ssse3, sse4.1, sse4.2, popcnt, avx, aes, clmul, erms, tsc, tscinvbit, tscinv

Memory: 4k page, system-wide physical 8138M (2179M free)
TotalPageFile size 14326M (AvailPageFile size 8M)
current process WorkingSet (physical memory assigned to process): 10M, peak: 10M
current process commit charge ("private bytes"): 51M, peak: 59M

vm_info: Java HotSpot(TM) 64-Bit Server VM (14.0.2+12-46) for windows-amd64 JRE (14.0.2+12-46), built on Jul  9 2020 00:35:52 by "mach5one" with MS VC++ 15.9 (VS2017)

END.
