#
# There is insufficient memory for the Java Runtime Environment to continue.
# Native memory allocation (mmap) failed to map 4194304 bytes for Failed to commit area from 0x0000000081800000 to 0x0000000081c00000 of length 4194304.
# Possible reasons:
#   The system is out of physical RAM or swap space
#   The process is running with CompressedOops enabled, and the Java Heap may be blocking the growth of the native heap
# Possible solutions:
#   Reduce memory load on the system
#   Increase physical memory or swap space
#   Check if swap backing store is full
#   Decrease Java heap size (-Xmx/-Xms)
#   Decrease number of Java threads
#   Decrease Java thread stack sizes (-Xss)
#   Set larger code cache with -XX:ReservedCodeCacheSize=
#   JVM is running with Unscaled Compressed Oops mode in which the Java heap is
#     placed in the first 4GB address space. The Java Heap base address is the
#     maximum limit for the native heap growth. Please use -XX:HeapBaseMinAddress
#     to set the Java Heap base and to place the Java Heap above 4GB virtual address.
# This output file may be truncated or incomplete.
#
#  Out of Memory Error (./open/src/hotspot/os/windows/os_windows.cpp:3315), pid=14596, tid=12228
#
# JRE version: Java(TM) SE Runtime Environment (14.0.2+12) (build 14.0.2+12-46)
# Java VM: Java HotSpot(TM) 64-Bit Server VM (14.0.2+12-46, mixed mode, sharing, tiered, compressed oops, g1 gc, windows-amd64)
# No core dump will be written. Minidumps are not enabled by default on client versions of Windows
#

---------------  S U M M A R Y ------------

Command Line: -Dapplication.home=C:\Program Files\Java\jdk-14.0.2 --add-modules=ALL-DEFAULT -Xms8m -Djdk.module.main=jdk.compiler jdk.compiler/com.sun.tools.javac.Main -d C:\Users\Revenant\Documents\NetBeansProjects\JavaApplication3\build\classes -classpath C:\Users\Revenant\Documents\NetBeansProjects\JavaApplication3\build\classes;F:\Softwares\mysql-connector-java-5.1.49\mysql-connector-java-5.1.49-bin.jar;F:\Softwares\rs2xml.jar;F:\Softwares\jcalendar-tz-1.3.3-4.jar -sourcepath C:\Users\Revenant\Documents\NetBeansProjects\JavaApplication3\src -target 14 -encoding UTF-8 -g -processorpath F:\Softwares\mysql-connector-java-5.1.49\mysql-connector-java-5.1.49-bin.jar;F:\Softwares\rs2xml.jar;F:\Softwares\jcalendar-tz-1.3.3-4.jar;C:\Users\Revenant\Documents\NetBeansProjects\JavaApplication3\build\empty -s C:\Users\Revenant\Documents\NetBeansProjects\JavaApplication3\build\generated-sources\ap-source-output -source 14 --module-path F:\Softwares\mysql-connector-java-5.1.49\mysql-connector-java-5.1.49.jar C:\Users\Revenant\Documents\NetBeansProjects\JavaApplication3\src\javaapplication3\model\BookDetails.java

Host: Intel(R) Core(TM) i5-3475S CPU @ 2.90GHz, 4 cores, 7G,  Windows 10 , 64 bit Build 19041 (10.0.19041.292)
Time: Fri Sep 11 01:42:39 2020 Bangladesh Standard Time elapsed time: 0 seconds (0d 0h 0m 0s)

---------------  T H R E A D  ---------------

Current thread (0x000001fb4af3e800):  VMThread "VM Thread" [stack: 0x000000b2ef100000,0x000000b2ef200000] [id=12228]

Stack: [0x000000b2ef100000,0x000000b2ef200000]
[error occurred during error reporting (printing stack bounds), id 0xc0000005, EXCEPTION_ACCESS_VIOLATION (0xc0000005) at pc=0x000001fb54df10ad]

Native frames: (J=compiled Java code, j=interpreted, Vv=VM code, C=native code)
V  [jvm.dll+0x5f8a9a]
V  [jvm.dll+0x74247a]
V  [jvm.dll+0x743c2f]
V  [jvm.dll+0x7441d5]
V  [jvm.dll+0x74418b]
V  [jvm.dll+0x5f7f6f]
V  [jvm.dll+0x5f8738]
C  [ntdll.dll+0xa00ef]
C  [ntdll.dll+0x4b474]
C  [ntdll.dll+0x9ec1e]
C  0x000001fb54df10ad

VM_Operation (0x000000b2eebfd730): G1CollectForAllocation, mode: safepoint, requested by thread 0x000001fb4ae59000


---------------  P R O C E S S  ---------------

Threads class SMR info:
_java_thread_list=0x000001fb6c5b3ee0, length=12, elements={
0x000001fb4ae59000, 0x000001fb6bd71800, 0x000001fb6bd72800, 0x000001fb6bd88800,
0x000001fb6bd8b800, 0x000001fb6bd8c800, 0x000001fb6bd8e000, 0x000001fb6bd91800,
0x000001fb6bd9a000, 0x000001fb6bfc5000, 0x000001fb6c031800, 0x000001fb6c882800
}

Java Threads: ( => current thread )
  0x000001fb4ae59000 JavaThread "main" [_thread_blocked, id=5876, stack(0x000000b2eeb00000,0x000000b2eec00000)]
  0x000001fb6bd71800 JavaThread "Reference Handler" daemon [_thread_blocked, id=1668, stack(0x000000b2ef200000,0x000000b2ef300000)]
  0x000001fb6bd72800 JavaThread "Finalizer" daemon [_thread_blocked, id=14868, stack(0x000000b2ef300000,0x000000b2ef400000)]
  0x000001fb6bd88800 JavaThread "Signal Dispatcher" daemon [_thread_blocked, id=8900, stack(0x000000b2ef400000,0x000000b2ef500000)]
  0x000001fb6bd8b800 JavaThread "Attach Listener" daemon [_thread_blocked, id=9064, stack(0x000000b2ef500000,0x000000b2ef600000)]
  0x000001fb6bd8c800 JavaThread "Service Thread" daemon [_thread_blocked, id=12644, stack(0x000000b2ef600000,0x000000b2ef700000)]
  0x000001fb6bd8e000 JavaThread "C2 CompilerThread0" daemon [_thread_blocked, id=12688, stack(0x000000b2ef700000,0x000000b2ef800000)]
  0x000001fb6bd91800 JavaThread "C1 CompilerThread0" daemon [_thread_blocked, id=7348, stack(0x000000b2ef800000,0x000000b2ef900000)]
  0x000001fb6bd9a000 JavaThread "Sweeper thread" daemon [_thread_blocked, id=11112, stack(0x000000b2ef900000,0x000000b2efa00000)]
  0x000001fb6bfc5000 JavaThread "Common-Cleaner" daemon [_thread_blocked, id=5152, stack(0x000000b2efa00000,0x000000b2efb00000)]
  0x000001fb6c031800 JavaThread "Notification Thread" daemon [_thread_blocked, id=1296, stack(0x000000b2efb00000,0x000000b2efc00000)]
  0x000001fb6c882800 JavaThread "C2 CompilerThread1" daemon [_thread_blocked, id=1448, stack(0x000000b2efe00000,0x000000b2eff00000)]

Other Threads:
=>0x000001fb4af3e800 VMThread "VM Thread" [stack: 0x000000b2ef100000,0x000000b2ef200000] [id=12228]
  0x000001fb6c036000 WatcherThread [stack: 0x000000b2efc00000,0x000000b2efd00000] [id=14844]
  0x000001fb4ae9c000 GCTaskThread "GC Thread#0" [stack: 0x000000b2eec00000,0x000000b2eed00000] [id=3772]
  0x000001fb6c1ab800 GCTaskThread "GC Thread#1" [stack: 0x000000b2efd00000,0x000000b2efe00000] [id=14332]
  0x000001fb4aeaf800 ConcurrentGCThread "G1 Main Marker" [stack: 0x000000b2eed00000,0x000000b2eee00000] [id=1708]
  0x000001fb4aeb3000 ConcurrentGCThread "G1 Conc#0" [stack: 0x000000b2eee00000,0x000000b2eef00000] [id=15296]
  0x000001fb4aecf000 ConcurrentGCThread "G1 Refine#0" [stack: 0x000000b2eef00000,0x000000b2ef000000] [id=15640]
  0x000001fb4aed0000 ConcurrentGCThread "G1 Young RemSet Sampling" [stack: 0x000000b2ef000000,0x000000b2ef100000] [id=14788]

Threads with active compile tasks:

VM state:at safepoint (normal execution)

VM Mutex/Monitor currently owned by a thread:  ([mutex/lock_event])
[0x000001fb4ae54260] Threads_lock - owner thread: 0x000001fb4af3e800
[0x000001fb4ae54bf0] Heap_lock - owner thread: 0x000001fb4ae59000

Heap address: 0x0000000080c00000, size: 2036 MB, Compressed Oops mode: 32-bit
Narrow klass base: 0x0000000800000000, Narrow klass shift: 3
Compressed class space size: 1073741824 Address: 0x0000000800b30000

Heap:
 garbage-first heap   total 16384K, used 5474K [0x0000000080c00000, 0x0000000100000000)
  region size 1024K, 1 young (1024K), 1 survivors (1024K)
 Metaspace       used 9160K, capacity 11711K, committed 11904K, reserved 1060864K
  class space    used 1085K, capacity 1381K, committed 1408K, reserved 1048576K
Heap Regions: E=young(eden), S=young(survivor), O=old, HS=humongous(starts), HC=humongous(continues), CS=collection set, F=free, OA=open archive, CA=closed archive, TAMS=top-at-mark-start (previous, next)
|   0|0x0000000080c00000, 0x0000000080d00000, 0x0000000080d00000|100%| O|  |TAMS 0x0000000080c00000, 0x0000000080c00000| Untracked 
|   1|0x0000000080d00000, 0x0000000080e00000, 0x0000000080e00000|100%| O|  |TAMS 0x0000000080d00000, 0x0000000080d00000| Untracked 
|   2|0x0000000080e00000, 0x0000000080f00000, 0x0000000080f00000|100%| O|  |TAMS 0x0000000080e00000, 0x0000000080e00000| Untracked 
|   3|0x0000000080f00000, 0x0000000081000000, 0x0000000081000000|100%| O|  |TAMS 0x0000000080f00000, 0x0000000080f00000| Untracked 
|   4|0x0000000081000000, 0x0000000081077600, 0x0000000081100000| 46%| O|  |TAMS 0x0000000081000000, 0x0000000081000000| Untracked 
|   5|0x0000000081100000, 0x0000000081100000, 0x0000000081200000|  0%| F|  |TAMS 0x0000000081100000, 0x0000000081100000| Untracked 
|   6|0x0000000081200000, 0x0000000081200000, 0x0000000081300000|  0%| F|  |TAMS 0x0000000081200000, 0x0000000081200000| Untracked 
|   7|0x0000000081300000, 0x0000000081300000, 0x0000000081400000|  0%| F|  |TAMS 0x0000000081300000, 0x0000000081300000| Untracked 
|   8|0x0000000081400000, 0x00000000814e1510, 0x0000000081500000| 88%| S|CS|TAMS 0x0000000081400000, 0x0000000081400000| Complete 
|   9|0x0000000081500000, 0x0000000081500000, 0x0000000081600000|  0%| F|  |TAMS 0x0000000081500000, 0x0000000081500000| Untracked 
|  10|0x0000000081600000, 0x0000000081600000, 0x0000000081700000|  0%| F|  |TAMS 0x0000000081600000, 0x0000000081600000| Untracked 
|  11|0x0000000081700000, 0x0000000081700000, 0x0000000081800000|  0%| F|  |TAMS 0x0000000081700000, 0x0000000081700000| Untracked 

Card table byte_map: [0x000001fb64820000,0x000001fb64c20000] _byte_map_base: 0x000001fb6441a000

Marking Bits (Prev, Next): (CMBitMap*) 0x000001fb4ae9ea98, (CMBitMap*) 0x000001fb4ae9ead8
 Prev Bits: [0x000001fb65020000, 0x000001fb66ff0000)
 Next Bits: [0x000001fb66ff0000, 0x000001fb68fc0000)

Polling page: 0x000001fb4af40000

Metaspace:

Usage:
  Non-class:     10.09 MB capacity,     7.89 MB ( 78%) used,     2.18 MB ( 22%) free+waste,    26.50 KB ( <1%) overhead. 
      Class:      1.35 MB capacity,     1.06 MB ( 79%) used,   282.28 KB ( 20%) free+waste,    13.44 KB ( <1%) overhead. 
       Both:     11.44 MB capacity,     8.95 MB ( 78%) used,     2.45 MB ( 21%) free+waste,    39.94 KB ( <1%) overhead. 

Virtual space:
  Non-class space:       12.00 MB reserved,      10.25 MB ( 85%) committed 
      Class space:        1.00 GB reserved,       1.38 MB ( <1%) committed 
             Both:        1.01 GB reserved,      11.63 MB (  1%) committed 

Chunk freelists:
   Non-Class:  38.00 KB
       Class:  0 bytes
        Both:  38.00 KB

MaxMetaspaceSize: 17179869184.00 GB
CompressedClassSpaceSize: 1.00 GB

CodeHeap 'non-profiled nmethods': size=120000Kb used=394Kb max_used=394Kb free=119605Kb
 bounds [0x000001fb5c8c0000, 0x000001fb5cb30000, 0x000001fb63df0000]
CodeHeap 'profiled nmethods': size=120000Kb used=2500Kb max_used=2500Kb free=117499Kb
 bounds [0x000001fb55390000, 0x000001fb55610000, 0x000001fb5c8c0000]
CodeHeap 'non-nmethods': size=5760Kb used=1163Kb max_used=1181Kb free=4596Kb
 bounds [0x000001fb54df0000, 0x000001fb55060000, 0x000001fb55390000]
 total_blobs=1730 nmethods=1311 adapters=332
 compilation: enabled
              stopped_count=0, restarted_count=0
 full_count=0

Compilation events (20 events):
Event: 0.959 Thread 0x000001fb6bd91800 1305       3       java.util.stream.SpinedBuffer::clear (88 bytes)
Event: 0.959 Thread 0x000001fb6bd91800 nmethod 1305 0x000001fb555fd090 code [0x000001fb555fd280, 0x000001fb555fd9d8]
Event: 0.959 Thread 0x000001fb6bd91800 1303       3       java.util.stream.Collectors$$Lambda$142/0x0000000800c85840::accept (11 bytes)
Event: 0.959 Thread 0x000001fb6bd91800 nmethod 1303 0x000001fb555fdc10 code [0x000001fb555fddc0, 0x000001fb555fe0c8]
Event: 0.959 Thread 0x000001fb6bd91800 1301       3       java.nio.file.Files$2::next (5 bytes)
Event: 0.959 Thread 0x000001fb6bd91800 nmethod 1301 0x000001fb555fe190 code [0x000001fb555fe360, 0x000001fb555fe888]
Event: 0.959 Thread 0x000001fb6bd91800 1302   !   3       java.nio.file.Files$2::next (26 bytes)
Event: 0.959 Thread 0x000001fb6bd91800 nmethod 1302 0x000001fb555fea90 code [0x000001fb555fec60, 0x000001fb555ff128]
Event: 0.960 Thread 0x000001fb6bd91800 1306       3       com.sun.tools.javac.file.PathFileObject::forDirectoryPath (12 bytes)
Event: 0.960 Thread 0x000001fb6bd91800 nmethod 1306 0x000001fb555ff310 code [0x000001fb555ff4e0, 0x000001fb555ffa38]
Event: 0.960 Thread 0x000001fb6bd91800 1307       3       com.sun.tools.javac.file.PathFileObject$DirectoryFileObject::<init> (24 bytes)
Event: 0.960 Thread 0x000001fb6bd8e000 1308       4       java.lang.String::endsWith (15 bytes)
Event: 0.960 Thread 0x000001fb6bd91800 nmethod 1307 0x000001fb555ffc10 code [0x000001fb555ffde0, 0x000001fb55600298]
Event: 0.962 Thread 0x000001fb6c882800 1309       4       jdk.internal.jrtfs.JrtPath::getFileSystem (5 bytes)
Event: 0.962 Thread 0x000001fb6c882800 nmethod 1309 0x000001fb5c922090 code [0x000001fb5c922200, 0x000001fb5c922278]
Event: 0.963 Thread 0x000001fb6bd91800 1310       3       java.lang.invoke.Invokers$Holder::linkToTargetMethod (10 bytes)
Event: 0.963 Thread 0x000001fb6bd8e000 nmethod 1308 0x000001fb5c922390 code [0x000001fb5c922560, 0x000001fb5c9227f8]
Event: 0.964 Thread 0x000001fb6bd91800 nmethod 1310 0x000001fb55600410 code [0x000001fb556005c0, 0x000001fb55600a58]
Event: 0.964 Thread 0x000001fb6bd91800 1311       3       java.lang.invoke.DirectMethodHandle$Holder::invokeStatic (15 bytes)
Event: 0.964 Thread 0x000001fb6bd91800 nmethod 1311 0x000001fb55600b10 code [0x000001fb55600ce0, 0x000001fb55601298]

GC Heap History (20 events):
Event: 0.594 GC heap after
{Heap after GC invocations=4 (full 0):
 garbage-first heap   total 8192K, used 2370K [0x0000000080c00000, 0x0000000100000000)
  region size 1024K, 1 young (1024K), 1 survivors (1024K)
 Metaspace       used 7136K, capacity 10431K, committed 10752K, reserved 1058816K
  class space    used 885K, capacity 1210K, committed 1280K, reserved 1048576K
}
Event: 0.646 GC heap before
{Heap before GC invocations=4 (full 0):
 garbage-first heap   total 8192K, used 3394K [0x0000000080c00000, 0x0000000100000000)
  region size 1024K, 2 young (2048K), 1 survivors (1024K)
 Metaspace       used 7891K, capacity 11017K, committed 11264K, reserved 1058816K
  class space    used 950K, capacity 1256K, committed 1280K, reserved 1048576K
}
Event: 0.648 GC heap after
{Heap after GC invocations=5 (full 0):
 garbage-first heap   total 8192K, used 2630K [0x0000000080c00000, 0x0000000100000000)
  region size 1024K, 1 young (1024K), 1 survivors (1024K)
 Metaspace       used 7891K, capacity 11017K, committed 11264K, reserved 1058816K
  class space    used 950K, capacity 1256K, committed 1280K, reserved 1048576K
}
Event: 0.693 GC heap before
{Heap before GC invocations=5 (full 0):
 garbage-first heap   total 8192K, used 3654K [0x0000000080c00000, 0x0000000100000000)
  region size 1024K, 2 young (2048K), 1 survivors (1024K)
 Metaspace       used 8369K, capacity 11216K, committed 11392K, reserved 1058816K
  class space    used 1014K, capacity 1301K, committed 1408K, reserved 1048576K
}
Event: 0.695 GC heap after
{Heap after GC invocations=6 (full 0):
 garbage-first heap   total 10240K, used 3227K [0x0000000080c00000, 0x0000000100000000)
  region size 1024K, 1 young (1024K), 1 survivors (1024K)
 Metaspace       used 8369K, capacity 11216K, committed 11392K, reserved 1058816K
  class space    used 1014K, capacity 1301K, committed 1408K, reserved 1048576K
}
Event: 0.751 GC heap before
{Heap before GC invocations=6 (full 0):
 garbage-first heap   total 10240K, used 4251K [0x0000000080c00000, 0x0000000100000000)
  region size 1024K, 2 young (2048K), 1 survivors (1024K)
 Metaspace       used 8673K, capacity 11487K, committed 11648K, reserved 1058816K
  class space    used 1051K, capacity 1350K, committed 1408K, reserved 1048576K
}
Event: 0.753 GC heap after
{Heap after GC invocations=7 (full 0):
 garbage-first heap   total 10240K, used 3424K [0x0000000080c00000, 0x0000000100000000)
  region size 1024K, 1 young (1024K), 1 survivors (1024K)
 Metaspace       used 8673K, capacity 11487K, committed 11648K, reserved 1058816K
  class space    used 1051K, capacity 1350K, committed 1408K, reserved 1048576K
}
Event: 0.784 GC heap before
{Heap before GC invocations=7 (full 0):
 garbage-first heap   total 10240K, used 4448K [0x0000000080c00000, 0x0000000100000000)
  region size 1024K, 2 young (2048K), 1 survivors (1024K)
 Metaspace       used 8739K, capacity 11515K, committed 11648K, reserved 1058816K
  class space    used 1056K, capacity 1359K, committed 1408K, reserved 1048576K
}
Event: 0.786 GC heap after
{Heap after GC invocations=8 (full 0):
 garbage-first heap   total 10240K, used 3977K [0x0000000080c00000, 0x0000000100000000)
  region size 1024K, 1 young (1024K), 1 survivors (1024K)
 Metaspace       used 8739K, capacity 11515K, committed 11648K, reserved 1058816K
  class space    used 1056K, capacity 1359K, committed 1408K, reserved 1048576K
}
Event: 0.826 GC heap before
{Heap before GC invocations=8 (full 0):
 garbage-first heap   total 10240K, used 5001K [0x0000000080c00000, 0x0000000100000000)
  region size 1024K, 2 young (2048K), 1 survivors (1024K)
 Metaspace       used 8920K, capacity 11547K, committed 11648K, reserved 1058816K
  class space    used 1070K, capacity 1370K, committed 1408K, reserved 1048576K
}
Event: 0.828 GC heap after
{Heap after GC invocations=9 (full 0):
 garbage-first heap   total 10240K, used 4324K [0x0000000080c00000, 0x0000000100000000)
  region size 1024K, 1 young (1024K), 1 survivors (1024K)
 Metaspace       used 8920K, capacity 11547K, committed 11648K, reserved 1058816K
  class space    used 1070K, capacity 1370K, committed 1408K, reserved 1048576K
}
Event: 0.843 GC heap before
{Heap before GC invocations=9 (full 0):
 garbage-first heap   total 10240K, used 5348K [0x0000000080c00000, 0x0000000100000000)
  region size 1024K, 2 young (2048K), 1 survivors (1024K)
 Metaspace       used 8992K, capacity 11625K, committed 11904K, reserved 1060864K
  class space    used 1078K, capacity 1375K, committed 1408K, reserved 1048576K
}
Event: 0.844 GC heap after
{Heap after GC invocations=10 (full 0):
 garbage-first heap   total 12288K, used 4387K [0x0000000080c00000, 0x0000000100000000)
  region size 1024K, 1 young (1024K), 1 survivors (1024K)
 Metaspace       used 8992K, capacity 11625K, committed 11904K, reserved 1060864K
  class space    used 1078K, capacity 1375K, committed 1408K, reserved 1048576K
}
Event: 0.870 GC heap before
{Heap before GC invocations=10 (full 0):
 garbage-first heap   total 12288K, used 6435K [0x0000000080c00000, 0x0000000100000000)
  region size 1024K, 3 young (3072K), 1 survivors (1024K)
 Metaspace       used 9065K, capacity 11625K, committed 11904K, reserved 1060864K
  class space    used 1078K, capacity 1375K, committed 1408K, reserved 1048576K
}
Event: 0.872 GC heap after
{Heap after GC invocations=11 (full 0):
 garbage-first heap   total 12288K, used 4574K [0x0000000080c00000, 0x0000000100000000)
  region size 1024K, 1 young (1024K), 1 survivors (1024K)
 Metaspace       used 9065K, capacity 11625K, committed 11904K, reserved 1060864K
  class space    used 1078K, capacity 1375K, committed 1408K, reserved 1048576K
}
Event: 0.929 GC heap before
{Heap before GC invocations=11 (full 0):
 garbage-first heap   total 12288K, used 6622K [0x0000000080c00000, 0x0000000100000000)
  region size 1024K, 3 young (3072K), 1 survivors (1024K)
 Metaspace       used 9146K, capacity 11646K, committed 11904K, reserved 1060864K
  class space    used 1085K, capacity 1381K, committed 1408K, reserved 1048576K
}
Event: 0.931 GC heap after
{Heap after GC invocations=12 (full 0):
 garbage-first heap   total 12288K, used 4913K [0x0000000080c00000, 0x0000000100000000)
  region size 1024K, 1 young (1024K), 1 survivors (1024K)
 Metaspace       used 9146K, capacity 11646K, committed 11904K, reserved 1060864K
  class space    used 1085K, capacity 1381K, committed 1408K, reserved 1048576K
}
Event: 0.955 GC heap before
{Heap before GC invocations=12 (full 0):
 garbage-first heap   total 12288K, used 6961K [0x0000000080c00000, 0x0000000100000000)
  region size 1024K, 3 young (3072K), 1 survivors (1024K)
 Metaspace       used 9159K, capacity 11711K, committed 11904K, reserved 1060864K
  class space    used 1085K, capacity 1381K, committed 1408K, reserved 1048576K
}
Event: 0.957 GC heap after
{Heap after GC invocations=13 (full 0):
 garbage-first heap   total 12288K, used 5183K [0x0000000080c00000, 0x0000000100000000)
  region size 1024K, 1 young (1024K), 1 survivors (1024K)
 Metaspace       used 9159K, capacity 11711K, committed 11904K, reserved 1060864K
  class space    used 1085K, capacity 1381K, committed 1408K, reserved 1048576K
}
Event: 0.964 GC heap before
{Heap before GC invocations=13 (full 0):
 garbage-first heap   total 12288K, used 7231K [0x0000000080c00000, 0x0000000100000000)
  region size 1024K, 3 young (3072K), 1 survivors (1024K)
 Metaspace       used 9160K, capacity 11711K, committed 11904K, reserved 1060864K
  class space    used 1085K, capacity 1381K, committed 1408K, reserved 1048576K
}

Deoptimization events (20 events):
Event: 0.757 Thread 0x000001fb4ae59000 Uncommon trap: trap_request=0xffffff45 fr.pc=0x000001fb5c906bac relative=0x00000000000001ec
Event: 0.758 Thread 0x000001fb4ae59000 Uncommon trap: reason=unstable_if action=reinterpret pc=0x000001fb5c906bac method=com.sun.tools.javac.util.Name$Table.equals([BI[BII)Z @ 22 c2
Event: 0.758 Thread 0x000001fb4ae59000 DEOPT PACKING pc=0x000001fb5c906bac sp=0x000000b2eebfe0b0
Event: 0.758 Thread 0x000001fb4ae59000 DEOPT UNPACKING pc=0x000001fb54e3912f sp=0x000000b2eebfe028 mode 2
Event: 0.880 Thread 0x000001fb4ae59000 Uncommon trap: trap_request=0xffffffbe fr.pc=0x000001fb5c910fb0 relative=0x00000000000009d0
Event: 0.880 Thread 0x000001fb4ae59000 Uncommon trap: reason=profile_predicate action=maybe_recompile pc=0x000001fb5c910fb0 method=jdk.internal.jimage.ImageStringsReader.charsFromByteBuffer([CLjava/nio/ByteBuffer;)V @ 6 c2
Event: 0.880 Thread 0x000001fb4ae59000 DEOPT PACKING pc=0x000001fb5c910fb0 sp=0x000000b2eebf9870
Event: 0.880 Thread 0x000001fb4ae59000 DEOPT UNPACKING pc=0x000001fb54e3912f sp=0x000000b2eebf9748 mode 2
Event: 0.880 Thread 0x000001fb4ae59000 Uncommon trap: trap_request=0xffffffbe fr.pc=0x000001fb5c910fb0 relative=0x00000000000009d0
Event: 0.880 Thread 0x000001fb4ae59000 Uncommon trap: reason=profile_predicate action=maybe_recompile pc=0x000001fb5c910fb0 method=jdk.internal.jimage.ImageStringsReader.charsFromByteBuffer([CLjava/nio/ByteBuffer;)V @ 6 c2
Event: 0.880 Thread 0x000001fb4ae59000 DEOPT PACKING pc=0x000001fb5c910fb0 sp=0x000000b2eebf9760
Event: 0.880 Thread 0x000001fb4ae59000 DEOPT UNPACKING pc=0x000001fb54e3912f sp=0x000000b2eebf9638 mode 2
Event: 0.880 Thread 0x000001fb4ae59000 Uncommon trap: trap_request=0xffffffbe fr.pc=0x000001fb5c910fb0 relative=0x00000000000009d0
Event: 0.880 Thread 0x000001fb4ae59000 Uncommon trap: reason=profile_predicate action=maybe_recompile pc=0x000001fb5c910fb0 method=jdk.internal.jimage.ImageStringsReader.charsFromByteBuffer([CLjava/nio/ByteBuffer;)V @ 6 c2
Event: 0.880 Thread 0x000001fb4ae59000 DEOPT PACKING pc=0x000001fb5c910fb0 sp=0x000000b2eebf9760
Event: 0.880 Thread 0x000001fb4ae59000 DEOPT UNPACKING pc=0x000001fb54e3912f sp=0x000000b2eebf9638 mode 2
Event: 0.880 Thread 0x000001fb4ae59000 Uncommon trap: trap_request=0xffffffbe fr.pc=0x000001fb5c910fb0 relative=0x00000000000009d0
Event: 0.880 Thread 0x000001fb4ae59000 Uncommon trap: reason=profile_predicate action=maybe_recompile pc=0x000001fb5c910fb0 method=jdk.internal.jimage.ImageStringsReader.charsFromByteBuffer([CLjava/nio/ByteBuffer;)V @ 6 c2
Event: 0.880 Thread 0x000001fb4ae59000 DEOPT PACKING pc=0x000001fb5c910fb0 sp=0x000000b2eebf9760
Event: 0.880 Thread 0x000001fb4ae59000 DEOPT UNPACKING pc=0x000001fb54e3912f sp=0x000000b2eebf9638 mode 2

Classes unloaded (0 events):
No events

Classes redefined (0 events):
No events

Internal exceptions (20 events):
Event: 0.633 Thread 0x000001fb4ae59000 Exception <a 'sun/nio/fs/WindowsException'{0x000000008136c378}> (0x000000008136c378) 
thrown [./open/src/hotspot/share/prims/jni.cpp, line 599]
Event: 0.633 Thread 0x000001fb4ae59000 Exception <a 'sun/nio/fs/WindowsException'{0x000000008136cff8}> (0x000000008136cff8) 
thrown [./open/src/hotspot/share/prims/jni.cpp, line 599]
Event: 0.633 Thread 0x000001fb4ae59000 Exception <a 'sun/nio/fs/WindowsException'{0x000000008136d358}> (0x000000008136d358) 
thrown [./open/src/hotspot/share/prims/jni.cpp, line 599]
Event: 0.728 Thread 0x000001fb4ae59000 Exception <a 'java/lang/NoSuchMethodError'{0x0000000081589630}: 'int java.lang.invoke.DirectMethodHandle$Holder.invokeSpecial(java.lang.Object, java.lang.Object, java.lang.Object, java.lang.Object)'> (0x0000000081589630) 
thrown [./open/src/hotspot/share/interpreter/linkResolver.cpp, line 766]
Event: 0.733 Thread 0x000001fb4ae59000 Exception <a 'java/lang/NoSuchMethodError'{0x000000008159a8e8}: 'java.lang.Object java.lang.invoke.DirectMethodHandle$Holder.invokeVirtual(java.lang.Object, java.lang.Object, java.lang.Object, int, int)'> (0x000000008159a8e8) 
thrown [./open/src/hotspot/share/interpreter/linkResolver.cpp, line 766]
Event: 0.734 Thread 0x000001fb4ae59000 Exception <a 'java/lang/NoSuchMethodError'{0x00000000815a0d90}: 'java.lang.Object java.lang.invoke.DirectMethodHandle$Holder.invokeVirtual(java.lang.Object, java.lang.Object, int)'> (0x00000000815a0d90) 
thrown [./open/src/hotspot/share/interpreter/linkResolver.cpp, line 766]
Event: 0.738 Thread 0x000001fb4ae59000 Exception <a 'java/lang/NoSuchMethodError'{0x00000000815b7100}: 'java.lang.Object java.lang.invoke.DirectMethodHandle$Holder.invokeSpecial(java.lang.Object, java.lang.Object, java.lang.Object, int, int)'> (0x00000000815b7100) 
thrown [./open/src/hotspot/share/interpreter/linkResolver.cpp, line 766]
Event: 0.817 Thread 0x000001fb4ae59000 Exception <a 'sun/nio/fs/WindowsException'{0x00000000815dc3c0}> (0x00000000815dc3c0) 
thrown [./open/src/hotspot/share/prims/jni.cpp, line 599]
Event: 0.822 Thread 0x000001fb4ae59000 Exception <a 'sun/nio/fs/WindowsException'{0x00000000815ef600}> (0x00000000815ef600) 
thrown [./open/src/hotspot/share/prims/jni.cpp, line 599]
Event: 0.829 Thread 0x000001fb4ae59000 Exception <a 'java/lang/NoSuchMethodError'{0x0000000081502b40}: 'int java.lang.invoke.DirectMethodHandle$Holder.invokeSpecial(java.lang.Object, java.lang.Object, java.lang.Object, java.lang.Object, java.lang.Object)'> (0x0000000081502b40) 
thrown [./open/src/hotspot/share/interpreter/linkResolver.cpp, line 766]
Event: 0.881 Thread 0x000001fb4ae59000 Exception <a 'sun/nio/fs/WindowsException'{0x000000008173ad18}> (0x000000008173ad18) 
thrown [./open/src/hotspot/share/prims/jni.cpp, line 599]
Event: 0.900 Thread 0x000001fb4ae59000 Exception <a 'sun/nio/fs/WindowsException'{0x0000000081754a30}> (0x0000000081754a30) 
thrown [./open/src/hotspot/share/prims/jni.cpp, line 599]
Event: 0.908 Thread 0x000001fb4ae59000 Exception <a 'sun/nio/fs/WindowsException'{0x00000000817661e8}> (0x00000000817661e8) 
thrown [./open/src/hotspot/share/prims/jni.cpp, line 599]
Event: 0.908 Thread 0x000001fb4ae59000 Exception <a 'sun/nio/fs/WindowsException'{0x0000000081766500}> (0x0000000081766500) 
thrown [./open/src/hotspot/share/prims/jni.cpp, line 599]
Event: 0.909 Thread 0x000001fb4ae59000 Exception <a 'sun/nio/fs/WindowsException'{0x0000000081767538}> (0x0000000081767538) 
thrown [./open/src/hotspot/share/prims/jni.cpp, line 599]
Event: 0.909 Thread 0x000001fb4ae59000 Exception <a 'sun/nio/fs/WindowsException'{0x0000000081767808}> (0x0000000081767808) 
thrown [./open/src/hotspot/share/prims/jni.cpp, line 599]
Event: 0.954 Thread 0x000001fb4ae59000 Exception <a 'sun/nio/fs/WindowsException'{0x000000008166c0c0}> (0x000000008166c0c0) 
thrown [./open/src/hotspot/share/prims/jni.cpp, line 599]
Event: 0.954 Thread 0x000001fb4ae59000 Exception <a 'sun/nio/fs/WindowsException'{0x000000008166c3e0}> (0x000000008166c3e0) 
thrown [./open/src/hotspot/share/prims/jni.cpp, line 599]
Event: 0.954 Thread 0x000001fb4ae59000 Exception <a 'sun/nio/fs/WindowsException'{0x000000008166d418}> (0x000000008166d418) 
thrown [./open/src/hotspot/share/prims/jni.cpp, line 599]
Event: 0.954 Thread 0x000001fb4ae59000 Exception <a 'sun/nio/fs/WindowsException'{0x000000008166d6f8}> (0x000000008166d6f8) 
thrown [./open/src/hotspot/share/prims/jni.cpp, line 599]

Events (20 events):
Event: 0.817 loading class java/util/ComparableTimSort
Event: 0.817 loading class java/util/ComparableTimSort done
Event: 0.818 loading class sun/nio/fs/WindowsDirectoryStream$WindowsDirectoryIterator
Event: 0.818 loading class sun/nio/fs/WindowsDirectoryStream$WindowsDirectoryIterator done
Event: 0.818 loading class java/nio/file/Files$2
Event: 0.819 loading class java/nio/file/Files$2 done
Event: 0.820 loading class sun/nio/fs/WindowsPath$WindowsPathWithAttributes
Event: 0.820 loading class sun/nio/fs/WindowsPath$WindowsPathWithAttributes done
Event: 0.826 Executing VM operation: G1CollectForAllocation
Event: 0.828 Executing VM operation: G1CollectForAllocation done
Event: 0.843 Executing VM operation: G1CollectForAllocation
Event: 0.844 Executing VM operation: G1CollectForAllocation done
Event: 0.848 Thread 0x000001fb6c882800 Thread added: 0x000001fb6c882800
Event: 0.870 Executing VM operation: G1CollectForAllocation
Event: 0.872 Executing VM operation: G1CollectForAllocation done
Event: 0.929 Executing VM operation: G1CollectForAllocation
Event: 0.931 Executing VM operation: G1CollectForAllocation done
Event: 0.955 Executing VM operation: G1CollectForAllocation
Event: 0.957 Executing VM operation: G1CollectForAllocation done
Event: 0.964 Executing VM operation: G1CollectForAllocation


Dynamic libraries:
0x00007ff623b30000 - 0x00007ff623b37000 	C:\Program Files\Java\jdk-14.0.2\bin\javac.exe
0x00007ffe3f450000 - 0x00007ffe3f644000 	C:\WINDOWS\SYSTEM32\ntdll.dll
0x00007ffe3ec40000 - 0x00007ffe3ecfd000 	C:\WINDOWS\System32\KERNEL32.DLL
0x00007ffe3cc40000 - 0x00007ffe3cf07000 	C:\WINDOWS\System32\KERNELBASE.dll
0x00007ffe3d340000 - 0x00007ffe3d440000 	C:\WINDOWS\System32\ucrtbase.dll
0x00007ffe248e0000 - 0x00007ffe248f8000 	C:\Program Files\Java\jdk-14.0.2\bin\jli.dll
0x00007ffe3f350000 - 0x00007ffe3f3fa000 	C:\WINDOWS\System32\ADVAPI32.dll
0x00007ffe39420000 - 0x00007ffe39435000 	C:\Program Files\Java\jdk-14.0.2\bin\VCRUNTIME140.dll
0x00007ffe3e0c0000 - 0x00007ffe3e15e000 	C:\WINDOWS\System32\msvcrt.dll
0x00007ffe3e840000 - 0x00007ffe3e8db000 	C:\WINDOWS\System32\sechost.dll
0x00007ffe3d5e0000 - 0x00007ffe3d703000 	C:\WINDOWS\System32\RPCRT4.dll
0x00007ffe3ed90000 - 0x00007ffe3ef30000 	C:\WINDOWS\System32\USER32.dll
0x00007ffe2ec00000 - 0x00007ffe2ee9a000 	C:\WINDOWS\WinSxS\amd64_microsoft.windows.common-controls_6595b64144ccf1df_6.0.19041.1_none_b555e41d4684ddec\COMCTL32.dll
0x00007ffe3cf10000 - 0x00007ffe3cf32000 	C:\WINDOWS\System32\win32u.dll
0x00007ffe3e160000 - 0x00007ffe3e18a000 	C:\WINDOWS\System32\GDI32.dll
0x00007ffe3d180000 - 0x00007ffe3d28a000 	C:\WINDOWS\System32\gdi32full.dll
0x00007ffe36670000 - 0x00007ffe3667a000 	C:\WINDOWS\SYSTEM32\VERSION.dll
0x00007ffe3cba0000 - 0x00007ffe3cc3d000 	C:\WINDOWS\System32\msvcp_win.dll
0x00007ffe3ef90000 - 0x00007ffe3efc0000 	C:\WINDOWS\System32\IMM32.DLL
0x00007ffe18310000 - 0x00007ffe183ab000 	C:\Program Files\Java\jdk-14.0.2\bin\msvcp140.dll
0x00007ffe01580000 - 0x00007ffe0209e000 	C:\Program Files\Java\jdk-14.0.2\bin\server\jvm.dll
0x00007ffe3f400000 - 0x00007ffe3f408000 	C:\WINDOWS\System32\PSAPI.DLL
0x00007ffe326e0000 - 0x00007ffe32707000 	C:\WINDOWS\SYSTEM32\WINMM.dll
0x00007ffe3a120000 - 0x00007ffe3a129000 	C:\WINDOWS\SYSTEM32\WSOCK32.dll
0x00007ffe3e7d0000 - 0x00007ffe3e83b000 	C:\WINDOWS\System32\ws2_32.DLL
0x00007ffe3ab50000 - 0x00007ffe3ab63000 	C:\WINDOWS\SYSTEM32\kernel.appcore.dll
0x00007ffe39410000 - 0x00007ffe3941a000 	C:\Program Files\Java\jdk-14.0.2\bin\jimage.dll
0x00007ffe27000000 - 0x00007ffe271e4000 	C:\WINDOWS\SYSTEM32\DBGHELP.DLL
0x00007ffe26fa0000 - 0x00007ffe26fcc000 	C:\WINDOWS\SYSTEM32\dbgcore.DLL
0x00007ffe3d440000 - 0x00007ffe3d4bf000 	C:\WINDOWS\System32\bcryptPrimitives.dll
0x00007ffe2b320000 - 0x00007ffe2b345000 	C:\Program Files\Java\jdk-14.0.2\bin\java.dll
0x00007ffe393c0000 - 0x00007ffe393d6000 	C:\Program Files\Java\jdk-14.0.2\bin\zip.dll
0x00007ffe3d820000 - 0x00007ffe3df54000 	C:\WINDOWS\System32\SHELL32.dll
0x00007ffe3ad50000 - 0x00007ffe3b4de000 	C:\WINDOWS\SYSTEM32\windows.storage.dll
0x00007ffe3e8e0000 - 0x00007ffe3ec33000 	C:\WINDOWS\System32\combase.dll
0x00007ffe3c620000 - 0x00007ffe3c64b000 	C:\WINDOWS\SYSTEM32\Wldp.dll
0x00007ffe3f220000 - 0x00007ffe3f2ce000 	C:\WINDOWS\System32\SHCORE.dll
0x00007ffe3ef30000 - 0x00007ffe3ef85000 	C:\WINDOWS\System32\shlwapi.dll
0x00007ffe3cae0000 - 0x00007ffe3caff000 	C:\WINDOWS\SYSTEM32\profapi.dll
0x00007ffe2aa40000 - 0x00007ffe2aa59000 	C:\Program Files\Java\jdk-14.0.2\bin\net.dll
0x00007ffe30be0000 - 0x00007ffe30ce0000 	C:\WINDOWS\SYSTEM32\WINHTTP.dll
0x00007ffe3c3a0000 - 0x00007ffe3c40a000 	C:\WINDOWS\system32\mswsock.dll
0x00007ffe2a970000 - 0x00007ffe2a982000 	C:\Program Files\Java\jdk-14.0.2\bin\nio.dll

dbghelp: loaded successfully - version: 4.0.5 - missing functions: none
symbol engine: initialized successfully - sym options: 0x614 - pdb path: .;C:\Program Files\Java\jdk-14.0.2\bin;C:\WINDOWS\SYSTEM32;C:\WINDOWS\WinSxS\amd64_microsoft.windows.common-controls_6595b64144ccf1df_6.0.19041.1_none_b555e41d4684ddec;C:\Program Files\Java\jdk-14.0.2\bin\server

VM Arguments:
jvm_args: -Dapplication.home=C:\Program Files\Java\jdk-14.0.2 --add-modules=ALL-DEFAULT -Xms8m -Djdk.module.main=jdk.compiler 
java_command: jdk.compiler/com.sun.tools.javac.Main -d C:\Users\Revenant\Documents\NetBeansProjects\JavaApplication3\build\classes -classpath C:\Users\Revenant\Documents\NetBeansProjects\JavaApplication3\build\classes;F:\Softwares\mysql-connector-java-5.1.49\mysql-connector-java-5.1.49-bin.jar;F:\Softwares\rs2xml.jar;F:\Softwares\jcalendar-tz-1.3.3-4.jar -sourcepath C:\Users\Revenant\Documents\NetBeansProjects\JavaApplication3\src -target 14 -encoding UTF-8 -g -processorpath F:\Softwares\mysql-connector-java-5.1.49\mysql-connector-java-5.1.49-bin.jar;F:\Softwares\rs2xml.jar;F:\Softwares\jcalendar-tz-1.3.3-4.jar;C:\Users\Revenant\Documents\NetBeansProjects\JavaApplication3\build\empty -s C:\Users\Revenant\Documents\NetBeansProjects\JavaApplication3\build\generated-sources\ap-source-output -source 14 --module-path F:\Softwares\mysql-connector-java-5.1.49\mysql-connector-java-5.1.49.jar C:\Users\Revenant\Documents\NetBeansProjects\JavaApplication3\src\javaapplication3\model\BookDetails.java
java_class_path (initial): <not set>
Launcher Type: SUN_STANDARD

[Global flags]
     intx CICompilerCount                          = 3                                         {product} {ergonomic}
     uint ConcGCThreads                            = 1                                         {product} {ergonomic}
     uint G1ConcRefinementThreads                  = 4                                         {product} {ergonomic}
   size_t G1HeapRegionSize                         = 1048576                                   {product} {ergonomic}
    uintx GCDrainStackTargetSize                   = 64                                        {product} {ergonomic}
   size_t InitialHeapSize                          = 8388608                                   {product} {command line}
   size_t MarkStackSize                            = 4194304                                   {product} {ergonomic}
   size_t MaxHeapSize                              = 2134900736                                {product} {ergonomic}
   size_t MaxNewSize                               = 1280311296                                {product} {ergonomic}
   size_t MinHeapDeltaBytes                        = 1048576                                   {product} {ergonomic}
   size_t MinHeapSize                              = 8388608                                   {product} {command line}
    uintx NonNMethodCodeHeapSize                   = 5832780                                {pd product} {ergonomic}
    uintx NonProfiledCodeHeapSize                  = 122912730                              {pd product} {ergonomic}
    uintx ProfiledCodeHeapSize                     = 122912730                              {pd product} {ergonomic}
    uintx ReservedCodeCacheSize                    = 251658240                              {pd product} {ergonomic}
     bool SegmentedCodeCache                       = true                                      {product} {ergonomic}
   size_t SoftMaxHeapSize                          = 2134900736                             {manageable} {ergonomic}
     bool UseCompressedClassPointers               = true                                 {lp64_product} {ergonomic}
     bool UseCompressedOops                        = true                                 {lp64_product} {ergonomic}
     bool UseG1GC                                  = true                                      {product} {ergonomic}
     bool UseLargePagesIndividualAllocation        = false                                  {pd product} {ergonomic}

Logging:
Log output configuration:
 #0: stdout all=warning uptime,level,tags
 #1: stderr all=off uptime,level,tags

Environment Variables:
PATH=C:\Program Files (x86)\Common Files\Oracle\Java\javapath;C:\Program Files (x86)\Intel\iCLS Client\;C:\Program Files\Intel\iCLS Client\;C:\Windows\system32;C:\Windows;C:\Windows\System32\Wbem;C:\Windows\System32\WindowsPowerShell\v1.0\;C:\Program Files\Intel\Intel(R) Management Engine Components\DAL;C:\Program Files\Intel\Intel(R) Management Engine Components\IPT;C:\Program Files (x86)\Intel\Intel(R) Management Engine Components\DAL;C:\Program Files (x86)\Intel\Intel(R) Management Engine Components\IPT;C:\WINDOWS\system32;C:\WINDOWS;C:\WINDOWS\System32\Wbem;C:\WINDOWS\System32\WindowsPowerShell\v1.0\;C:\WINDOWS\System32\OpenSSH\;C:\Program Files (x86)\NVIDIA Corporation\PhysX\Common;C:\Program Files\NVIDIA Corporation\NVIDIA NvDLISR;C:\WINDOWS\system32;C:\WINDOWS;C:\WINDOWS\System32\Wbem;C:\WINDOWS\System32\WindowsPowerShell\v1.0\;C:\WINDOWS\System32\OpenSSH\;C:\Program Files (x86)\Brackets\command;C:\Program Files\MySQL\MySQL Shell 8.0\bin\;C:\Program Files\Java\jdk-14.0.2\bin
USERNAME=Revenant
OS=Windows_NT
PROCESSOR_IDENTIFIER=Intel64 Family 6 Model 58 Stepping 9, GenuineIntel



---------------  S Y S T E M  ---------------

OS: Windows 10 , 64 bit Build 19041 (10.0.19041.292)
OS uptime: 0 days 7:04 hours

CPU:total 4 (initial active 4) (4 cores per cpu, 1 threads per core) family 6 model 58 stepping 9, cmov, cx8, fxsr, mmx, sse, sse2, sse3, ssse3, sse4.1, sse4.2, popcnt, avx, aes, clmul, erms, tsc, tscinvbit, tscinv

Memory: 4k page, system-wide physical 8138M (1235M free)
TotalPageFile size 14326M (AvailPageFile size 5M)
current process WorkingSet (physical memory assigned to process): 70M, peak: 70M
current process commit charge ("private bytes"): 102M, peak: 106M

vm_info: Java HotSpot(TM) 64-Bit Server VM (14.0.2+12-46) for windows-amd64 JRE (14.0.2+12-46), built on Jul  9 2020 00:35:52 by "mach5one" with MS VC++ 15.9 (VS2017)

END.
