#
# There is insufficient memory for the Java Runtime Environment to continue.
# Native memory allocation (malloc) failed to allocate 49744 bytes for Chunk::new
# Possible reasons:
#   The system is out of physical RAM or swap space
#   The process is running with CompressedOops enabled, and the Java Heap may be blocking the growth of the native heap
# Possible solutions:
#   Reduce memory load on the system
#   Increase physical memory or swap space
#   Check if swap backing store is full
#   Decrease Java heap size (-Xmx/-Xms)
#   Decrease number of Java threads
#   Decrease Java thread stack sizes (-Xss)
#   Set larger code cache with -XX:ReservedCodeCacheSize=
#   JVM is running with Unscaled Compressed Oops mode in which the Java heap is
#     placed in the first 4GB address space. The Java Heap base address is the
#     maximum limit for the native heap growth. Please use -XX:HeapBaseMinAddress
#     to set the Java Heap base and to place the Java Heap above 4GB virtual address.
# This output file may be truncated or incomplete.
#
#  Out of Memory Error (./open/src/hotspot/share/memory/arena.cpp:195), pid=16216, tid=16328
#
# JRE version: Java(TM) SE Runtime Environment (14.0.2+12) (build 14.0.2+12-46)
# Java VM: Java HotSpot(TM) 64-Bit Server VM (14.0.2+12-46, mixed mode, sharing, tiered, compressed oops, g1 gc, windows-amd64)
# No core dump will be written. Minidumps are not enabled by default on client versions of Windows
#

---------------  S U M M A R Y ------------

Command Line: -Dapplication.home=C:\Program Files\Java\jdk-14.0.2 --add-modules=ALL-DEFAULT -Xms8m -Djdk.module.main=jdk.compiler jdk.compiler/com.sun.tools.javac.Main -d C:\Users\Revenant\Documents\NetBeansProjects\JavaApplication3\build\classes -classpath C:\Users\Revenant\Documents\NetBeansProjects\JavaApplication3\build\classes;F:\Softwares\mysql-connector-java-5.1.49\mysql-connector-java-5.1.49-bin.jar;F:\Softwares\rs2xml.jar;F:\Softwares\jcalendar-tz-1.3.3-4.jar -sourcepath C:\Users\Revenant\Documents\NetBeansProjects\JavaApplication3\src -target 14 -encoding UTF-8 -g -processorpath F:\Softwares\mysql-connector-java-5.1.49\mysql-connector-java-5.1.49-bin.jar;F:\Softwares\rs2xml.jar;F:\Softwares\jcalendar-tz-1.3.3-4.jar;C:\Users\Revenant\Documents\NetBeansProjects\JavaApplication3\build\empty -s C:\Users\Revenant\Documents\NetBeansProjects\JavaApplication3\build\generated-sources\ap-source-output -source 14 --module-path F:\Softwares\mysql-connector-java-5.1.49\mysql-connector-java-5.1.49.jar C:\Users\Revenant\Documents\NetBeansProjects\JavaApplication3\src\javaapplication3\StudentDetails.java

Host: Intel(R) Core(TM) i5-3475S CPU @ 2.90GHz, 4 cores, 7G,  Windows 10 , 64 bit Build 19041 (10.0.19041.292)
Time: Thu Sep 10 20:41:56 2020 Bangladesh Standard Time elapsed time: 0 seconds (0d 0h 0m 0s)

---------------  T H R E A D  ---------------

Current thread (0x000001462552c800):  JavaThread "C2 CompilerThread0" daemon [_thread_in_native, id=16328, stack(0x0000001057600000,0x0000001057700000)]


Current CompileTask:
C2:    133  295       4       java.lang.StringLatin1::indexOf (61 bytes)

Stack: [0x0000001057600000,0x0000001057700000]
Native frames: (J=compiled Java code, j=interpreted, Vv=VM code, C=native code)
V  [jvm.dll+0x5f8a9a]
V  [jvm.dll+0x74247a]
V  [jvm.dll+0x743c2f]
V  [jvm.dll+0x744273]
V  [jvm.dll+0x20d288]
V  [jvm.dll+0xabb07]
V  [jvm.dll+0xac1fc]
V  [jvm.dll+0x31c495]
V  [jvm.dll+0x2e6b38]
V  [jvm.dll+0x2e5f3a]
V  [jvm.dll+0x1e5e16]
V  [jvm.dll+0x1e50b8]
V  [jvm.dll+0x1779cc]
V  [jvm.dll+0x1f4105]
V  [jvm.dll+0x1f22eb]
V  [jvm.dll+0x7070cd]
V  [jvm.dll+0x6ffeda]
V  [jvm.dll+0x5f78f6]
C  [ucrtbase.dll+0x21542]
C  [KERNEL32.DLL+0x16fd4]
C  [ntdll.dll+0x4cec1]


---------------  P R O C E S S  ---------------

Threads class SMR info:
_java_thread_list=0x000001462593bec0, length=12, elements={
0x0000014606559800, 0x0000014625505000, 0x0000014625506000, 0x000001462551e800,
0x000001462551f800, 0x0000014625520800, 0x000001462552c800, 0x0000014625532800,
0x0000014625533800, 0x000001462574e000, 0x00000146257b5000, 0x0000014625936000
}

Java Threads: ( => current thread )
  0x0000014606559800 JavaThread "main" [_thread_in_native, id=16280, stack(0x0000001056a00000,0x0000001056b00000)]
  0x0000014625505000 JavaThread "Reference Handler" daemon [_thread_blocked, id=16308, stack(0x0000001057100000,0x0000001057200000)]
  0x0000014625506000 JavaThread "Finalizer" daemon [_thread_blocked, id=16312, stack(0x0000001057200000,0x0000001057300000)]
  0x000001462551e800 JavaThread "Signal Dispatcher" daemon [_thread_blocked, id=16316, stack(0x0000001057300000,0x0000001057400000)]
  0x000001462551f800 JavaThread "Attach Listener" daemon [_thread_blocked, id=16320, stack(0x0000001057400000,0x0000001057500000)]
  0x0000014625520800 JavaThread "Service Thread" daemon [_thread_blocked, id=16324, stack(0x0000001057500000,0x0000001057600000)]
=>0x000001462552c800 JavaThread "C2 CompilerThread0" daemon [_thread_in_native, id=16328, stack(0x0000001057600000,0x0000001057700000)]
  0x0000014625532800 JavaThread "C1 CompilerThread0" daemon [_thread_in_native, id=16332, stack(0x0000001057700000,0x0000001057800000)]
  0x0000014625533800 JavaThread "Sweeper thread" daemon [_thread_blocked, id=16336, stack(0x0000001057800000,0x0000001057900000)]
  0x000001462574e000 JavaThread "Common-Cleaner" daemon [_thread_blocked, id=16340, stack(0x0000001057900000,0x0000001057a00000)]
  0x00000146257b5000 JavaThread "Notification Thread" daemon [_thread_blocked, id=16344, stack(0x0000001057a00000,0x0000001057b00000)]
  0x0000014625936000 JavaThread "C2 CompilerThread1" daemon [_thread_in_native, id=16356, stack(0x0000001057d00000,0x0000001057e00000)]

Other Threads:
  0x0000014625500000 VMThread "VM Thread" [stack: 0x0000001057000000,0x0000001057100000] [id=16304]
  0x00000146257ee800 WatcherThread [stack: 0x0000001057b00000,0x0000001057c00000] [id=16348]
  0x000001460659d800 GCTaskThread "GC Thread#0" [stack: 0x0000001056b00000,0x0000001056c00000] [id=16284]
  0x0000014625911000 GCTaskThread "GC Thread#1" [stack: 0x0000001057c00000,0x0000001057d00000] [id=16352]
  0x00000146065b0000 ConcurrentGCThread "G1 Main Marker" [stack: 0x0000001056c00000,0x0000001056d00000] [id=16288]
  0x00000146065b3800 ConcurrentGCThread "G1 Conc#0" [stack: 0x0000001056d00000,0x0000001056e00000] [id=16292]
  0x00000146065d1000 ConcurrentGCThread "G1 Refine#0" [stack: 0x0000001056e00000,0x0000001056f00000] [id=16296]
  0x00000146065d5000 ConcurrentGCThread "G1 Young RemSet Sampling" [stack: 0x0000001056f00000,0x0000001057000000] [id=16300]

Threads with active compile tasks:
C2 CompilerThread0      155  295       4       java.lang.StringLatin1::indexOf (61 bytes)
C1 CompilerThread0      156  337       3       com.sun.tools.javac.main.Option::matches (204 bytes)
C2 CompilerThread1      156  323       4       java.util.HashMap::putVal (300 bytes)

VM state:not at safepoint (normal execution)

VM Mutex/Monitor currently owned by a thread: None

Heap address: 0x0000000080c00000, size: 2036 MB, Compressed Oops mode: 32-bit
Narrow klass base: 0x0000000800000000, Narrow klass shift: 3
Compressed class space size: 1073741824 Address: 0x0000000800b30000

Heap:
 garbage-first heap   total 8192K, used 952K [0x0000000080c00000, 0x0000000100000000)
  region size 1024K, 2 young (2048K), 1 survivors (1024K)
 Metaspace       used 1727K, capacity 5648K, committed 5760K, reserved 1062912K
  class space    used 211K, capacity 588K, committed 640K, reserved 1048576K
Heap Regions: E=young(eden), S=young(survivor), O=old, HS=humongous(starts), HC=humongous(continues), CS=collection set, F=free, OA=open archive, CA=closed archive, TAMS=top-at-mark-start (previous, next)
|   0|0x0000000080c00000, 0x0000000080c00000, 0x0000000080d00000|  0%| F|  |TAMS 0x0000000080c00000, 0x0000000080c00000| Untracked 
|   1|0x0000000080d00000, 0x0000000080d00000, 0x0000000080e00000|  0%| F|  |TAMS 0x0000000080d00000, 0x0000000080d00000| Untracked 
|   2|0x0000000080e00000, 0x0000000080e00000, 0x0000000080f00000|  0%| F|  |TAMS 0x0000000080e00000, 0x0000000080e00000| Untracked 
|   3|0x0000000080f00000, 0x0000000080f00000, 0x0000000081000000|  0%| F|  |TAMS 0x0000000080f00000, 0x0000000080f00000| Untracked 
|   4|0x0000000081000000, 0x00000000810ee090, 0x0000000081100000| 92%| S|CS|TAMS 0x0000000081000000, 0x0000000081000000| Complete 
|   5|0x0000000081100000, 0x0000000081100000, 0x0000000081200000|  0%| F|  |TAMS 0x0000000081100000, 0x0000000081100000| Untracked 
|   6|0x0000000081200000, 0x0000000081200000, 0x0000000081300000|  0%| F|  |TAMS 0x0000000081200000, 0x0000000081200000| Untracked 
|   7|0x0000000081300000, 0x0000000081328a40, 0x0000000081400000| 15%| E|  |TAMS 0x0000000081300000, 0x0000000081300000| Complete 

Card table byte_map: [0x000001461e110000,0x000001461e510000] _byte_map_base: 0x000001461dd0a000

Marking Bits (Prev, Next): (CMBitMap*) 0x000001460659f6e8, (CMBitMap*) 0x000001460659f6a8
 Prev Bits: [0x00000146208e0000, 0x00000146228b0000)
 Next Bits: [0x000001461e910000, 0x00000146208e0000)

Polling page: 0x0000014604380000

Metaspace:

Usage:
  Non-class:      4.94 MB capacity,     1.48 MB ( 30%) used,     3.46 MB ( 70%) free+waste,     4.25 KB ( <1%) overhead. 
      Class:    588.00 KB capacity,   211.73 KB ( 36%) used,   373.64 KB ( 64%) free+waste,     2.63 KB ( <1%) overhead. 
       Both:      5.52 MB capacity,     1.69 MB ( 31%) used,     3.82 MB ( 69%) free+waste,     6.88 KB ( <1%) overhead. 

Virtual space:
  Non-class space:       14.00 MB reserved,       5.00 MB ( 36%) committed 
      Class space:        1.00 GB reserved,     640.00 KB ( <1%) committed 
             Both:        1.01 GB reserved,       5.63 MB ( <1%) committed 

Chunk freelists:
   Non-Class:  60.00 KB
       Class:  20.00 KB
        Both:  80.00 KB

MaxMetaspaceSize: 17179869184.00 GB
CompressedClassSpaceSize: 1.00 GB

CodeHeap 'non-profiled nmethods': size=120000Kb used=92Kb max_used=92Kb free=119907Kb
 bounds [0x00000146167e0000, 0x0000014616a50000, 0x000001461dd10000]
CodeHeap 'profiled nmethods': size=120000Kb used=427Kb max_used=427Kb free=119572Kb
 bounds [0x000001460f2b0000, 0x000001460f520000, 0x00000146167e0000]
CodeHeap 'non-nmethods': size=5760Kb used=1107Kb max_used=1109Kb free=4652Kb
 bounds [0x000001460ed10000, 0x000001460ef80000, 0x000001460f2b0000]
 total_blobs=675 nmethods=331 adapters=257
 compilation: enabled
              stopped_count=0, restarted_count=0
 full_count=0

Compilation events (20 events):
Event: 0.128 Thread 0x0000014625532800 nmethod 286 0x000001460f308510 code [0x000001460f3086c0, 0x000001460f308848]
Event: 0.128 Thread 0x0000014625532800  290       3       java.lang.ClassLoader::checkName (37 bytes)
Event: 0.128 Thread 0x000001462552c800 nmethod 288 0x00000146167f4510 code [0x00000146167f46a0, 0x00000146167f4758]
Event: 0.128 Thread 0x0000014625532800 nmethod 290 0x000001460f308910 code [0x000001460f308b60, 0x000001460f309518]
Event: 0.128 Thread 0x0000014625532800  289       3       java.lang.ref.Reference::<init> (25 bytes)
Event: 0.128 Thread 0x0000014625532800 nmethod 289 0x000001460f309890 code [0x000001460f309a40, 0x000001460f309cd8]
Event: 0.128 Thread 0x0000014625532800  287       1       jdk.internal.org.objectweb.asm.SymbolTable::getMajorVersion (5 bytes)
Event: 0.128 Thread 0x0000014625532800 nmethod 287 0x00000146167f4810 code [0x00000146167f49a0, 0x00000146167f4a78]
Event: 0.129 Thread 0x0000014625532800  291       3       java.lang.StringConcatHelper::mix (27 bytes)
Event: 0.129 Thread 0x0000014625532800 nmethod 291 0x000001460f309d90 code [0x000001460f309f60, 0x000001460f30a388]
Event: 0.129 Thread 0x0000014625532800  292       3       java.lang.StringConcatHelper::checkOverflow (17 bytes)
Event: 0.129 Thread 0x0000014625532800 nmethod 292 0x000001460f30a590 code [0x000001460f30a740, 0x000001460f30a928]
Event: 0.129 Thread 0x0000014625532800  293       3       java.lang.StringConcatHelper::prepend (37 bytes)
Event: 0.130 Thread 0x0000014625532800 nmethod 293 0x000001460f30aa10 code [0x000001460f30abe0, 0x000001460f30ae98]
Event: 0.130 Thread 0x0000014625532800  294       3       jdk.internal.misc.VM::initLevel (4 bytes)
Event: 0.130 Thread 0x0000014625532800 nmethod 294 0x000001460f30b010 code [0x000001460f30b1a0, 0x000001460f30b298]
Event: 0.130 Thread 0x000001462552c800  295       4       java.lang.StringLatin1::indexOf (61 bytes)
Event: 0.131 Thread 0x0000014625532800  296       3       jdk.internal.misc.VM::isModuleSystemInited (13 bytes)
Event: 0.131 Thread 0x0000014625532800 nmethod 296 0x000001460f30b310 code [0x000001460f30b4a0, 0x000001460f30b638]
Event: 0.132 Thread 0x0000014625532800  298   !   3       java.nio.DirectIntBufferU::get (33 bytes)

GC Heap History (0 events):
No events

Deoptimization events (16 events):
Event: 0.104 Thread 0x0000014606559800 Uncommon trap: trap_request=0xffffffde fr.pc=0x00000146167ed7cc relative=0x000000000000086c
Event: 0.104 Thread 0x0000014606559800 Uncommon trap: reason=class_check action=maybe_recompile pc=0x00000146167ed7cc method=java.util.HashMap.putVal(ILjava/lang/Object;Ljava/lang/Object;ZZ)Ljava/lang/Object; @ 152 c2
Event: 0.104 Thread 0x0000014606559800 DEOPT PACKING pc=0x00000146167ed7cc sp=0x0000001056afd290
Event: 0.104 Thread 0x0000014606559800 DEOPT UNPACKING pc=0x000001460ed5912f sp=0x0000001056afd210 mode 2
Event: 0.106 Thread 0x0000014606559800 Uncommon trap: trap_request=0xffffffde fr.pc=0x00000146167ed7cc relative=0x000000000000086c
Event: 0.106 Thread 0x0000014606559800 Uncommon trap: reason=class_check action=maybe_recompile pc=0x00000146167ed7cc method=java.util.HashMap.putVal(ILjava/lang/Object;Ljava/lang/Object;ZZ)Ljava/lang/Object; @ 152 c2
Event: 0.106 Thread 0x0000014606559800 DEOPT PACKING pc=0x00000146167ed7cc sp=0x0000001056afd3a0
Event: 0.106 Thread 0x0000014606559800 DEOPT UNPACKING pc=0x000001460ed5912f sp=0x0000001056afd320 mode 2
Event: 0.106 Thread 0x0000014606559800 Uncommon trap: trap_request=0xffffffde fr.pc=0x00000146167ed7cc relative=0x000000000000086c
Event: 0.106 Thread 0x0000014606559800 Uncommon trap: reason=class_check action=maybe_recompile pc=0x00000146167ed7cc method=java.util.HashMap.putVal(ILjava/lang/Object;Ljava/lang/Object;ZZ)Ljava/lang/Object; @ 152 c2
Event: 0.106 Thread 0x0000014606559800 DEOPT PACKING pc=0x00000146167ed7cc sp=0x0000001056afd3a0
Event: 0.106 Thread 0x0000014606559800 DEOPT UNPACKING pc=0x000001460ed5912f sp=0x0000001056afd320 mode 2
Event: 0.106 Thread 0x0000014606559800 Uncommon trap: trap_request=0xffffffde fr.pc=0x00000146167ed7cc relative=0x000000000000086c
Event: 0.106 Thread 0x0000014606559800 Uncommon trap: reason=class_check action=maybe_recompile pc=0x00000146167ed7cc method=java.util.HashMap.putVal(ILjava/lang/Object;Ljava/lang/Object;ZZ)Ljava/lang/Object; @ 152 c2
Event: 0.106 Thread 0x0000014606559800 DEOPT PACKING pc=0x00000146167ed7cc sp=0x0000001056afd3a0
Event: 0.106 Thread 0x0000014606559800 DEOPT UNPACKING pc=0x000001460ed5912f sp=0x0000001056afd320 mode 2

Classes unloaded (0 events):
No events

Classes redefined (0 events):
No events

Internal exceptions (0 events):
No events

Events (20 events):
Event: 0.094 loading class java/nio/file/ProviderNotFoundException
Event: 0.094 loading class java/nio/file/ProviderNotFoundException done
Event: 0.094 loading class java/lang/SecurityException
Event: 0.094 loading class java/lang/SecurityException done
Event: 0.109 loading class java/io/FileWriter
Event: 0.109 loading class java/io/FileWriter done
Event: 0.112 loading class java/util/JumboEnumSet
Event: 0.112 loading class java/util/JumboEnumSet done
Event: 0.113 loading class java/nio/file/FileVisitOption
Event: 0.113 loading class java/nio/file/FileVisitOption done
Event: 0.113 loading class sun/invoke/util/VerifyAccess$1
Event: 0.113 loading class sun/invoke/util/VerifyAccess$1 done
Event: 0.117 loading class java/util/MissingResourceException
Event: 0.117 loading class java/util/MissingResourceException done
Event: 0.117 loading class java/lang/InternalError
Event: 0.117 loading class java/lang/InternalError done
Event: 0.118 loading class java/lang/IndexOutOfBoundsException
Event: 0.118 loading class java/lang/IndexOutOfBoundsException done
Event: 0.118 loading class java/util/NoSuchElementException
Event: 0.118 loading class java/util/NoSuchElementException done


Dynamic libraries:
0x00007ff786730000 - 0x00007ff786737000 	C:\Program Files\Java\jdk-14.0.2\bin\javac.exe
0x00007ffe3f450000 - 0x00007ffe3f644000 	C:\WINDOWS\SYSTEM32\ntdll.dll
0x00007ffe3ec40000 - 0x00007ffe3ecfd000 	C:\WINDOWS\System32\KERNEL32.DLL
0x00007ffe3cc40000 - 0x00007ffe3cf07000 	C:\WINDOWS\System32\KERNELBASE.dll
0x00007ffe3d340000 - 0x00007ffe3d440000 	C:\WINDOWS\System32\ucrtbase.dll
0x00007ffe39370000 - 0x00007ffe39388000 	C:\Program Files\Java\jdk-14.0.2\bin\jli.dll
0x00007ffe27410000 - 0x00007ffe27425000 	C:\Program Files\Java\jdk-14.0.2\bin\VCRUNTIME140.dll
0x00007ffe3f350000 - 0x00007ffe3f3fa000 	C:\WINDOWS\System32\ADVAPI32.dll
0x00007ffe3e0c0000 - 0x00007ffe3e15e000 	C:\WINDOWS\System32\msvcrt.dll
0x00007ffe3e840000 - 0x00007ffe3e8db000 	C:\WINDOWS\System32\sechost.dll
0x00007ffe3d5e0000 - 0x00007ffe3d703000 	C:\WINDOWS\System32\RPCRT4.dll
0x00007ffe3ed90000 - 0x00007ffe3ef30000 	C:\WINDOWS\System32\USER32.dll
0x00007ffe2ec00000 - 0x00007ffe2ee9a000 	C:\WINDOWS\WinSxS\amd64_microsoft.windows.common-controls_6595b64144ccf1df_6.0.19041.1_none_b555e41d4684ddec\COMCTL32.dll
0x00007ffe3cf10000 - 0x00007ffe3cf32000 	C:\WINDOWS\System32\win32u.dll
0x00007ffe3e160000 - 0x00007ffe3e18a000 	C:\WINDOWS\System32\GDI32.dll
0x00007ffe3d180000 - 0x00007ffe3d28a000 	C:\WINDOWS\System32\gdi32full.dll
0x00007ffe3cba0000 - 0x00007ffe3cc3d000 	C:\WINDOWS\System32\msvcp_win.dll
0x00007ffe36670000 - 0x00007ffe3667a000 	C:\WINDOWS\SYSTEM32\VERSION.dll
0x00007ffe3ef90000 - 0x00007ffe3efc0000 	C:\WINDOWS\System32\IMM32.DLL
0x00007ffdfd930000 - 0x00007ffdfd9cb000 	C:\Program Files\Java\jdk-14.0.2\bin\msvcp140.dll
0x00007ffdf8200000 - 0x00007ffdf8d1e000 	C:\Program Files\Java\jdk-14.0.2\bin\server\jvm.dll
0x00007ffe3f400000 - 0x00007ffe3f408000 	C:\WINDOWS\System32\PSAPI.DLL
0x00007ffe27430000 - 0x00007ffe27439000 	C:\WINDOWS\SYSTEM32\WSOCK32.dll
0x00007ffe326e0000 - 0x00007ffe32707000 	C:\WINDOWS\SYSTEM32\WINMM.dll
0x00007ffe3e7d0000 - 0x00007ffe3e83b000 	C:\WINDOWS\System32\WS2_32.dll
0x00007ffe3ab50000 - 0x00007ffe3ab63000 	C:\WINDOWS\SYSTEM32\kernel.appcore.dll
0x00007ffe1c5c0000 - 0x00007ffe1c5ca000 	C:\Program Files\Java\jdk-14.0.2\bin\jimage.dll
0x00007ffe27000000 - 0x00007ffe271e4000 	C:\WINDOWS\SYSTEM32\DBGHELP.DLL
0x00007ffe26fa0000 - 0x00007ffe26fcc000 	C:\WINDOWS\SYSTEM32\dbgcore.DLL
0x00007ffe3d440000 - 0x00007ffe3d4bf000 	C:\WINDOWS\System32\bcryptPrimitives.dll
0x00007ffe13420000 - 0x00007ffe13445000 	C:\Program Files\Java\jdk-14.0.2\bin\java.dll
0x00007ffe14260000 - 0x00007ffe14276000 	C:\Program Files\Java\jdk-14.0.2\bin\zip.dll
0x00007ffe3d820000 - 0x00007ffe3df54000 	C:\WINDOWS\System32\SHELL32.dll
0x00007ffe3ad50000 - 0x00007ffe3b4de000 	C:\WINDOWS\SYSTEM32\windows.storage.dll
0x00007ffe3e8e0000 - 0x00007ffe3ec33000 	C:\WINDOWS\System32\combase.dll
0x00007ffe3c620000 - 0x00007ffe3c64b000 	C:\WINDOWS\SYSTEM32\Wldp.dll
0x00007ffe3f220000 - 0x00007ffe3f2ce000 	C:\WINDOWS\System32\SHCORE.dll
0x00007ffe3ef30000 - 0x00007ffe3ef85000 	C:\WINDOWS\System32\shlwapi.dll
0x00007ffe3cae0000 - 0x00007ffe3caff000 	C:\WINDOWS\SYSTEM32\profapi.dll

dbghelp: loaded successfully - version: 4.0.5 - missing functions: none
symbol engine: initialized successfully - sym options: 0x614 - pdb path: (cannot be retrieved)

VM Arguments:
jvm_args: -Dapplication.home=C:\Program Files\Java\jdk-14.0.2 --add-modules=ALL-DEFAULT -Xms8m -Djdk.module.main=jdk.compiler 
java_command: jdk.compiler/com.sun.tools.javac.Main -d C:\Users\Revenant\Documents\NetBeansProjects\JavaApplication3\build\classes -classpath C:\Users\Revenant\Documents\NetBeansProjects\JavaApplication3\build\classes;F:\Softwares\mysql-connector-java-5.1.49\mysql-connector-java-5.1.49-bin.jar;F:\Softwares\rs2xml.jar;F:\Softwares\jcalendar-tz-1.3.3-4.jar -sourcepath C:\Users\Revenant\Documents\NetBeansProjects\JavaApplication3\src -target 14 -encoding UTF-8 -g -processorpath F:\Softwares\mysql-connector-java-5.1.49\mysql-connector-java-5.1.49-bin.jar;F:\Softwares\rs2xml.jar;F:\Softwares\jcalendar-tz-1.3.3-4.jar;C:\Users\Revenant\Documents\NetBeansProjects\JavaApplication3\build\empty -s C:\Users\Revenant\Documents\NetBeansProjects\JavaApplication3\build\generated-sources\ap-source-output -source 14 --module-path F:\Softwares\mysql-connector-java-5.1.49\mysql-connector-java-5.1.49.jar C:\Users\Revenant\Documents\NetBeansProjects\JavaApplication3\src\javaapplication3\StudentDetails.java
java_class_path (initial): <not set>
Launcher Type: SUN_STANDARD

[Global flags]
     intx CICompilerCount                          = 3                                         {product} {ergonomic}
     uint ConcGCThreads                            = 1                                         {product} {ergonomic}
     uint G1ConcRefinementThreads                  = 4                                         {product} {ergonomic}
   size_t G1HeapRegionSize                         = 1048576                                   {product} {ergonomic}
    uintx GCDrainStackTargetSize                   = 64                                        {product} {ergonomic}
   size_t InitialHeapSize                          = 8388608                                   {product} {command line}
   size_t MarkStackSize                            = 4194304                                   {product} {ergonomic}
   size_t MaxHeapSize                              = 2134900736                                {product} {ergonomic}
   size_t MaxNewSize                               = 1280311296                                {product} {ergonomic}
   size_t MinHeapDeltaBytes                        = 1048576                                   {product} {ergonomic}
   size_t MinHeapSize                              = 8388608                                   {product} {command line}
    uintx NonNMethodCodeHeapSize                   = 5832780                                {pd product} {ergonomic}
    uintx NonProfiledCodeHeapSize                  = 122912730                              {pd product} {ergonomic}
    uintx ProfiledCodeHeapSize                     = 122912730                              {pd product} {ergonomic}
    uintx ReservedCodeCacheSize                    = 251658240                              {pd product} {ergonomic}
     bool SegmentedCodeCache                       = true                                      {product} {ergonomic}
   size_t SoftMaxHeapSize                          = 2134900736                             {manageable} {ergonomic}
     bool UseCompressedClassPointers               = true                                 {lp64_product} {ergonomic}
     bool UseCompressedOops                        = true                                 {lp64_product} {ergonomic}
     bool UseG1GC                                  = true                                      {product} {ergonomic}
     bool UseLargePagesIndividualAllocation        = false                                  {pd product} {ergonomic}

Logging:
Log output configuration:
 #0: stdout all=warning uptime,level,tags
 #1: stderr all=off uptime,level,tags

Environment Variables:
PATH=C:\Program Files (x86)\Common Files\Oracle\Java\javapath;C:\Program Files (x86)\Intel\iCLS Client\;C:\Program Files\Intel\iCLS Client\;C:\Windows\system32;C:\Windows;C:\Windows\System32\Wbem;C:\Windows\System32\WindowsPowerShell\v1.0\;C:\Program Files\Intel\Intel(R) Management Engine Components\DAL;C:\Program Files\Intel\Intel(R) Management Engine Components\IPT;C:\Program Files (x86)\Intel\Intel(R) Management Engine Components\DAL;C:\Program Files (x86)\Intel\Intel(R) Management Engine Components\IPT;C:\WINDOWS\system32;C:\WINDOWS;C:\WINDOWS\System32\Wbem;C:\WINDOWS\System32\WindowsPowerShell\v1.0\;C:\WINDOWS\System32\OpenSSH\;C:\Program Files (x86)\NVIDIA Corporation\PhysX\Common;C:\Program Files\NVIDIA Corporation\NVIDIA NvDLISR;C:\WINDOWS\system32;C:\WINDOWS;C:\WINDOWS\System32\Wbem;C:\WINDOWS\System32\WindowsPowerShell\v1.0\;C:\WINDOWS\System32\OpenSSH\;C:\Program Files (x86)\Brackets\command;C:\Program Files\MySQL\MySQL Shell 8.0\bin\;C:\Program Files\Java\jdk-14.0.2\bin
USERNAME=Revenant
OS=Windows_NT
PROCESSOR_IDENTIFIER=Intel64 Family 6 Model 58 Stepping 9, GenuineIntel



---------------  S Y S T E M  ---------------

OS: Windows 10 , 64 bit Build 19041 (10.0.19041.292)
OS uptime: 0 days 2:03 hours

CPU:total 4 (initial active 4) (4 cores per cpu, 1 threads per core) family 6 model 58 stepping 9, cmov, cx8, fxsr, mmx, sse, sse2, sse3, ssse3, sse4.1, sse4.2, popcnt, avx, aes, clmul, erms, tsc, tscinvbit, tscinv

Memory: 4k page, system-wide physical 8138M (2180M free)
TotalPageFile size 14326M (AvailPageFile size 2M)
current process WorkingSet (physical memory assigned to process): 36M, peak: 36M
current process commit charge ("private bytes"): 83M, peak: 83M

vm_info: Java HotSpot(TM) 64-Bit Server VM (14.0.2+12-46) for windows-amd64 JRE (14.0.2+12-46), built on Jul  9 2020 00:35:52 by "mach5one" with MS VC++ 15.9 (VS2017)

END.
