#
# There is insufficient memory for the Java Runtime Environment to continue.
# Native memory allocation (mmap) failed to map 16777216 bytes for Failed to commit area from 0x0000000081f00000 to 0x0000000082f00000 of length 16777216.
# Possible reasons:
#   The system is out of physical RAM or swap space
#   The process is running with CompressedOops enabled, and the Java Heap may be blocking the growth of the native heap
# Possible solutions:
#   Reduce memory load on the system
#   Increase physical memory or swap space
#   Check if swap backing store is full
#   Decrease Java heap size (-Xmx/-Xms)
#   Decrease number of Java threads
#   Decrease Java thread stack sizes (-Xss)
#   Set larger code cache with -XX:ReservedCodeCacheSize=
#   JVM is running with Unscaled Compressed Oops mode in which the Java heap is
#     placed in the first 4GB address space. The Java Heap base address is the
#     maximum limit for the native heap growth. Please use -XX:HeapBaseMinAddress
#     to set the Java Heap base and to place the Java Heap above 4GB virtual address.
# This output file may be truncated or incomplete.
#
#  Out of Memory Error (./open/src/hotspot/os/windows/os_windows.cpp:3315), pid=7812, tid=14136
#
# JRE version: Java(TM) SE Runtime Environment (14.0.2+12) (build 14.0.2+12-46)
# Java VM: Java HotSpot(TM) 64-Bit Server VM (14.0.2+12-46, mixed mode, sharing, tiered, compressed oops, g1 gc, windows-amd64)
# No core dump will be written. Minidumps are not enabled by default on client versions of Windows
#

---------------  S U M M A R Y ------------

Command Line: -Dapplication.home=C:\Program Files\Java\jdk-14.0.2 --add-modules=ALL-DEFAULT -Xms8m -Djdk.module.main=jdk.compiler jdk.compiler/com.sun.tools.javac.Main -d C:\Users\Revenant\Documents\NetBeansProjects\JavaApplication3\build\classes -classpath C:\Users\Revenant\Documents\NetBeansProjects\JavaApplication3\build\classes;F:\Softwares\mysql-connector-java-5.1.49\mysql-connector-java-5.1.49-bin.jar;F:\Softwares\rs2xml.jar;F:\Softwares\jcalendar-tz-1.3.3-4.jar -sourcepath C:\Users\Revenant\Documents\NetBeansProjects\JavaApplication3\src -target 14 -encoding UTF-8 -g -processorpath F:\Softwares\mysql-connector-java-5.1.49\mysql-connector-java-5.1.49-bin.jar;F:\Softwares\rs2xml.jar;F:\Softwares\jcalendar-tz-1.3.3-4.jar;C:\Users\Revenant\Documents\NetBeansProjects\JavaApplication3\build\empty -s C:\Users\Revenant\Documents\NetBeansProjects\JavaApplication3\build\generated-sources\ap-source-output -source 14 --module-path F:\Softwares\mysql-connector-java-5.1.49\mysql-connector-java-5.1.49.jar C:\Users\Revenant\Documents\NetBeansProjects\JavaApplication3\src\javaapplication3\model\BookDetails.java

Host: Intel(R) Core(TM) i5-3475S CPU @ 2.90GHz, 4 cores, 7G,  Windows 10 , 64 bit Build 19041 (10.0.19041.292)
Time: Fri Sep 11 01:42:25 2020 Bangladesh Standard Time elapsed time: 1 seconds (0d 0h 0m 1s)

---------------  T H R E A D  ---------------

Current thread (0x00000217481fd800):  VMThread "VM Thread" [stack: 0x000000202e500000,0x000000202e600000] [id=14136]

Stack: [0x000000202e500000,0x000000202e600000]
[error occurred during error reporting (printing stack bounds), id 0xc0000005, EXCEPTION_ACCESS_VIOLATION (0xc0000005) at pc=0x00000217508d10ad]

Native frames: (J=compiled Java code, j=interpreted, Vv=VM code, C=native code)
V  [jvm.dll+0x5f8a9a]
V  [jvm.dll+0x74247a]
V  [jvm.dll+0x743c2f]
V  [jvm.dll+0x7441d5]
V  [jvm.dll+0x74418b]
V  [jvm.dll+0x5f7f6f]
V  [jvm.dll+0x5f8738]
C  [ntdll.dll+0xa00ef]
C  [ntdll.dll+0x4b474]
C  [ntdll.dll+0x9ec1e]
C  0x00000217508d10ad

VM_Operation (0x000000202dffb480): G1TryInitiateConcMark, mode: safepoint, requested by thread 0x000002174811b800


---------------  P R O C E S S  ---------------

Threads class SMR info:
_java_thread_list=0x0000021767910f40, length=12, elements={
0x000002174811b800, 0x00000217670c2000, 0x00000217670c3000, 0x00000217670d9800,
0x00000217670da800, 0x00000217670dd800, 0x00000217670ef000, 0x00000217670f7000,
0x0000021767102000, 0x00000217670f3800, 0x00000217670f6000, 0x00000217670f7800
}

Java Threads: ( => current thread )
  0x000002174811b800 JavaThread "main" [_thread_blocked, id=8592, stack(0x000000202df00000,0x000000202e000000)]
  0x00000217670c2000 JavaThread "Reference Handler" daemon [_thread_blocked, id=14112, stack(0x000000202e600000,0x000000202e700000)]
  0x00000217670c3000 JavaThread "Finalizer" daemon [_thread_blocked, id=15284, stack(0x000000202e700000,0x000000202e800000)]
  0x00000217670d9800 JavaThread "Signal Dispatcher" daemon [_thread_blocked, id=13164, stack(0x000000202e800000,0x000000202e900000)]
  0x00000217670da800 JavaThread "Attach Listener" daemon [_thread_blocked, id=16104, stack(0x000000202e900000,0x000000202ea00000)]
  0x00000217670dd800 JavaThread "Service Thread" daemon [_thread_blocked, id=7640, stack(0x000000202ea00000,0x000000202eb00000)]
  0x00000217670ef000 JavaThread "C2 CompilerThread0" daemon [_thread_in_native, id=1008, stack(0x000000202eb00000,0x000000202ec00000)]
  0x00000217670f7000 JavaThread "C1 CompilerThread0" daemon [_thread_blocked, id=5268, stack(0x000000202ec00000,0x000000202ed00000)]
  0x0000021767102000 JavaThread "Sweeper thread" daemon [_thread_blocked, id=3500, stack(0x000000202ed00000,0x000000202ee00000)]
  0x00000217670f3800 JavaThread "Common-Cleaner" daemon [_thread_blocked, id=15876, stack(0x000000202ee00000,0x000000202ef00000)]
  0x00000217670f6000 JavaThread "Notification Thread" daemon [_thread_blocked, id=12616, stack(0x000000202ef00000,0x000000202f000000)]
  0x00000217670f7800 JavaThread "C2 CompilerThread1" daemon [_thread_blocked, id=13052, stack(0x000000202f200000,0x000000202f300000)]

Other Threads:
=>0x00000217481fd800 VMThread "VM Thread" [stack: 0x000000202e500000,0x000000202e600000] [id=14136]
  0x0000021767392800 WatcherThread [stack: 0x000000202f000000,0x000000202f100000] [id=1840]
  0x000002174815d800 GCTaskThread "GC Thread#0" [stack: 0x000000202e000000,0x000000202e100000] [id=7660]
  0x00000217674e5800 GCTaskThread "GC Thread#1" [stack: 0x000000202f100000,0x000000202f200000] [id=10876]
  0x0000021748173000 ConcurrentGCThread "G1 Main Marker" [stack: 0x000000202e100000,0x000000202e200000] [id=11220]
  0x0000021748174800 ConcurrentGCThread "G1 Conc#0" [stack: 0x000000202e200000,0x000000202e300000] [id=356]
  0x0000021748192000 ConcurrentGCThread "G1 Refine#0" [stack: 0x000000202e300000,0x000000202e400000] [id=9244]
  0x0000021748193000 ConcurrentGCThread "G1 Young RemSet Sampling" [stack: 0x000000202e400000,0x000000202e500000] [id=7244]

Threads with active compile tasks:
C2 CompilerThread0     1301 1433   !   4       com.sun.tools.javac.jvm.ClassReader::classSigToType (497 bytes)
C2 CompilerThread1     1301 1546       4       com.sun.tools.javac.jvm.PoolReader::resolve (341 bytes)

VM state:at safepoint (normal execution)

VM Mutex/Monitor currently owned by a thread:  ([mutex/lock_event])
[0x0000021748117350] Threads_lock - owner thread: 0x00000217481fd800
[0x0000021748117ce0] Heap_lock - owner thread: 0x000002174811b800

Heap address: 0x0000000080c00000, size: 2036 MB, Compressed Oops mode: 32-bit
Narrow klass base: 0x0000000800000000, Narrow klass shift: 3
Compressed class space size: 1073741824 Address: 0x0000000800b30000

Heap:
 garbage-first heap   total 35840K, used 10080K [0x0000000080c00000, 0x0000000100000000)
  region size 1024K, 1 young (1024K), 1 survivors (1024K)
 Metaspace       used 10045K, capacity 12428K, committed 12544K, reserved 1060864K
  class space    used 1185K, capacity 1490K, committed 1536K, reserved 1048576K
Heap Regions: E=young(eden), S=young(survivor), O=old, HS=humongous(starts), HC=humongous(continues), CS=collection set, F=free, OA=open archive, CA=closed archive, TAMS=top-at-mark-start (previous, next)
|   0|0x0000000080c00000, 0x0000000080d00000, 0x0000000080d00000|100%| O|  |TAMS 0x0000000080d00000, 0x0000000080d00000| Untracked 
|   1|0x0000000080d00000, 0x0000000080e00000, 0x0000000080e00000|100%| O|  |TAMS 0x0000000080e00000, 0x0000000080e00000| Untracked 
|   2|0x0000000080e00000, 0x0000000080f00000, 0x0000000080f00000|100%| O|  |TAMS 0x0000000080f00000, 0x0000000080f00000| Untracked 
|   3|0x0000000080f00000, 0x0000000081000000, 0x0000000081000000|100%| O|  |TAMS 0x0000000081000000, 0x0000000081000000| Untracked 
|   4|0x0000000081000000, 0x0000000081100000, 0x0000000081100000|100%| O|  |TAMS 0x0000000081039600, 0x0000000081100000| Untracked 
|   5|0x0000000081100000, 0x0000000081200000, 0x0000000081200000|100%| O|  |TAMS 0x0000000081100000, 0x0000000081200000| Untracked 
|   6|0x0000000081200000, 0x0000000081300000, 0x0000000081300000|100%| O|  |TAMS 0x0000000081200000, 0x0000000081300000| Untracked 
|   7|0x0000000081300000, 0x0000000081400000, 0x0000000081400000|100%| O|  |TAMS 0x0000000081300000, 0x0000000081400000| Untracked 
|   8|0x0000000081400000, 0x0000000081500000, 0x0000000081500000|100%| O|  |TAMS 0x0000000081400000, 0x00000000814b5000| Untracked 
|   9|0x0000000081500000, 0x000000008158a200, 0x0000000081600000| 53%| O|  |TAMS 0x0000000081500000, 0x0000000081500000| Untracked 
|  10|0x0000000081600000, 0x0000000081600000, 0x0000000081700000|  0%| F|  |TAMS 0x0000000081600000, 0x0000000081600000| Untracked 
|  11|0x0000000081700000, 0x0000000081700000, 0x0000000081800000|  0%| F|  |TAMS 0x0000000081700000, 0x0000000081700000| Untracked 
|  12|0x0000000081800000, 0x0000000081800000, 0x0000000081900000|  0%| F|  |TAMS 0x0000000081800000, 0x0000000081800000| Untracked 
|  13|0x0000000081900000, 0x0000000081900000, 0x0000000081a00000|  0%| F|  |TAMS 0x0000000081900000, 0x0000000081900000| Untracked 
|  14|0x0000000081a00000, 0x0000000081a00000, 0x0000000081b00000|  0%| F|  |TAMS 0x0000000081a00000, 0x0000000081a00000| Untracked 
|  15|0x0000000081b00000, 0x0000000081b00000, 0x0000000081c00000|  0%| F|  |TAMS 0x0000000081b00000, 0x0000000081b00000| Untracked 
|  16|0x0000000081c00000, 0x0000000081c4dee0, 0x0000000081d00000| 30%| S|CS|TAMS 0x0000000081c00000, 0x0000000081c00000| Complete 
|  17|0x0000000081d00000, 0x0000000081d00000, 0x0000000081e00000|  0%| F|  |TAMS 0x0000000081d00000, 0x0000000081d00000| Untracked 
|  18|0x0000000081e00000, 0x0000000081e00000, 0x0000000081f00000|  0%| F|  |TAMS 0x0000000081e00000, 0x0000000081e00000| Untracked 

Card table byte_map: [0x000002175fcd0000,0x00000217600d0000] _byte_map_base: 0x000002175f8ca000

Marking Bits (Prev, Next): (CMBitMap*) 0x0000021748162468, (CMBitMap*) 0x0000021748162428
 Prev Bits: [0x00000217624a0000, 0x0000021764470000)
 Next Bits: [0x00000217604d0000, 0x00000217624a0000)

Polling page: 0x0000021746030000

Metaspace:

Usage:
  Non-class:     10.68 MB capacity,     8.65 MB ( 81%) used,     2.00 MB ( 19%) free+waste,    33.00 KB ( <1%) overhead. 
      Class:      1.46 MB capacity,     1.16 MB ( 80%) used,   288.10 KB ( 19%) free+waste,    16.38 KB (  1%) overhead. 
       Both:     12.14 MB capacity,     9.81 MB ( 81%) used,     2.28 MB ( 19%) free+waste,    49.38 KB ( <1%) overhead. 

Virtual space:
  Non-class space:       12.00 MB reserved,      10.75 MB ( 90%) committed 
      Class space:        1.00 GB reserved,       1.50 MB ( <1%) committed 
             Both:        1.01 GB reserved,      12.25 MB (  1%) committed 

Chunk freelists:
   Non-Class:  6.00 KB
       Class:  14.00 KB
        Both:  20.00 KB

MaxMetaspaceSize: 17179869184.00 GB
CompressedClassSpaceSize: 1.00 GB

CodeHeap 'non-profiled nmethods': size=120000Kb used=610Kb max_used=610Kb free=119389Kb
 bounds [0x00000217583a0000, 0x0000021758610000, 0x000002175f8d0000]
CodeHeap 'profiled nmethods': size=120000Kb used=3193Kb max_used=3193Kb free=116806Kb
 bounds [0x0000021750e70000, 0x0000021751190000, 0x00000217583a0000]
CodeHeap 'non-nmethods': size=5760Kb used=1168Kb max_used=1201Kb free=4591Kb
 bounds [0x00000217508d0000, 0x0000021750b40000, 0x0000021750e70000]
 total_blobs=2040 nmethods=1619 adapters=333
 compilation: enabled
              stopped_count=0, restarted_count=0
 full_count=0

Compilation events (20 events):
Event: 1.129 Thread 0x00000217670f7000 1618       3       java.util.WeakHashMap::indexFor (6 bytes)
Event: 1.129 Thread 0x00000217670f7000 nmethod 1618 0x000002175118aa10 code [0x000002175118aba0, 0x000002175118ac78]
Event: 1.129 Thread 0x00000217670f7000 1619       3       java.util.HashSet::remove (20 bytes)
Event: 1.129 Thread 0x00000217670f7000 nmethod 1619 0x000002175118ad10 code [0x000002175118aec0, 0x000002175118b108]
Event: 1.129 Thread 0x00000217670f7000 1620       3       com.sun.tools.javac.code.Scope::getSymbolsByName (10 bytes)
Event: 1.129 Thread 0x00000217670f7000 nmethod 1620 0x000002175118b210 code [0x000002175118b3c0, 0x000002175118b5a8]
Event: 1.129 Thread 0x00000217670f7000 1621       3       com.sun.tools.javac.code.Symbol::isConstructor (26 bytes)
Event: 1.130 Thread 0x00000217670f7000 nmethod 1621 0x000002175118b690 code [0x000002175118b820, 0x000002175118b9b8]
Event: 1.130 Thread 0x00000217670f7000 1622       3       com.sun.tools.javac.code.Types::skipTypeVars (32 bytes)
Event: 1.130 Thread 0x00000217670f7000 nmethod 1622 0x000002175118ba90 code [0x000002175118bc80, 0x000002175118c1e8]
Event: 1.130 Thread 0x00000217670f7000 1623       3       com.sun.tools.javac.code.Symbol::enclClass (45 bytes)
Event: 1.131 Thread 0x00000217670f7000 nmethod 1623 0x000002175118c390 code [0x000002175118c580, 0x000002175118cc48]
Event: 1.136 Thread 0x00000217670f7000 1624       3       java.lang.invoke.DirectMethodHandle$Holder::invokeStatic (18 bytes)
Event: 1.136 Thread 0x00000217670f7000 nmethod 1624 0x000002175118ce90 code [0x000002175118d060, 0x000002175118d638]
Event: 1.136 Thread 0x00000217670f7000 1625       3       com.sun.tools.javac.util.ListBuffer::iterator (9 bytes)
Event: 1.137 Thread 0x00000217670f7000 nmethod 1625 0x000002175118d790 code [0x000002175118d940, 0x000002175118dc38]
Event: 1.137 Thread 0x00000217670f7000 1626       3       com.sun.tools.javac.code.Types::memberType (33 bytes)
Event: 1.137 Thread 0x00000217670f7000 nmethod 1626 0x000002175118dd10 code [0x000002175118dee0, 0x000002175118e3b8]
Event: 1.139 Thread 0x00000217670f7000 1627       1       com.sun.tools.javac.code.Symbol::exists (2 bytes)
Event: 1.139 Thread 0x00000217670f7000 nmethod 1627 0x0000021758438790 code [0x0000021758438920, 0x00000217584389f8]

GC Heap History (20 events):
Event: 0.558 GC heap after
{Heap after GC invocations=7 (full 0):
 garbage-first heap   total 10240K, used 4383K [0x0000000080c00000, 0x0000000100000000)
  region size 1024K, 1 young (1024K), 1 survivors (1024K)
 Metaspace       used 8932K, capacity 11619K, committed 11904K, reserved 1060864K
  class space    used 1076K, capacity 1373K, committed 1408K, reserved 1048576K
}
Event: 0.567 GC heap before
{Heap before GC invocations=7 (full 0):
 garbage-first heap   total 10240K, used 5407K [0x0000000080c00000, 0x0000000100000000)
  region size 1024K, 2 young (2048K), 1 survivors (1024K)
 Metaspace       used 8958K, capacity 11625K, committed 11904K, reserved 1060864K
  class space    used 1078K, capacity 1375K, committed 1408K, reserved 1048576K
}
Event: 0.570 GC heap after
{Heap after GC invocations=8 (full 0):
 garbage-first heap   total 10240K, used 4570K [0x0000000080c00000, 0x0000000100000000)
  region size 1024K, 1 young (1024K), 1 survivors (1024K)
 Metaspace       used 8958K, capacity 11625K, committed 11904K, reserved 1060864K
  class space    used 1078K, capacity 1375K, committed 1408K, reserved 1048576K
}
Event: 0.575 GC heap before
{Heap before GC invocations=8 (full 0):
 garbage-first heap   total 10240K, used 5594K [0x0000000080c00000, 0x0000000100000000)
  region size 1024K, 2 young (2048K), 1 survivors (1024K)
 Metaspace       used 8967K, capacity 11625K, committed 11904K, reserved 1060864K
  class space    used 1078K, capacity 1375K, committed 1408K, reserved 1048576K
}
Event: 0.576 GC heap after
{Heap after GC invocations=9 (full 0):
 garbage-first heap   total 14336K, used 4646K [0x0000000080c00000, 0x0000000100000000)
  region size 1024K, 1 young (1024K), 1 survivors (1024K)
 Metaspace       used 8967K, capacity 11625K, committed 11904K, reserved 1060864K
  class space    used 1078K, capacity 1375K, committed 1408K, reserved 1048576K
}
Event: 0.639 GC heap before
{Heap before GC invocations=10 (full 0):
 garbage-first heap   total 14336K, used 7718K [0x0000000080c00000, 0x0000000100000000)
  region size 1024K, 4 young (4096K), 1 survivors (1024K)
 Metaspace       used 9103K, capacity 11646K, committed 11904K, reserved 1060864K
  class space    used 1085K, capacity 1381K, committed 1408K, reserved 1048576K
}
Event: 0.641 GC heap after
{Heap after GC invocations=11 (full 0):
 garbage-first heap   total 14336K, used 5005K [0x0000000080c00000, 0x0000000100000000)
  region size 1024K, 1 young (1024K), 1 survivors (1024K)
 Metaspace       used 9103K, capacity 11646K, committed 11904K, reserved 1060864K
  class space    used 1085K, capacity 1381K, committed 1408K, reserved 1048576K
}
Event: 0.659 GC heap before
{Heap before GC invocations=11 (full 0):
 garbage-first heap   total 14336K, used 8077K [0x0000000080c00000, 0x0000000100000000)
  region size 1024K, 4 young (4096K), 1 survivors (1024K)
 Metaspace       used 9120K, capacity 11647K, committed 11904K, reserved 1060864K
  class space    used 1085K, capacity 1381K, committed 1408K, reserved 1048576K
}
Event: 0.661 GC heap after
{Heap after GC invocations=12 (full 0):
 garbage-first heap   total 14336K, used 5492K [0x0000000080c00000, 0x0000000100000000)
  region size 1024K, 1 young (1024K), 1 survivors (1024K)
 Metaspace       used 9120K, capacity 11647K, committed 11904K, reserved 1060864K
  class space    used 1085K, capacity 1381K, committed 1408K, reserved 1048576K
}
Event: 0.686 GC heap before
{Heap before GC invocations=12 (full 0):
 garbage-first heap   total 14336K, used 8564K [0x0000000080c00000, 0x0000000100000000)
  region size 1024K, 4 young (4096K), 1 survivors (1024K)
 Metaspace       used 9170K, capacity 11719K, committed 11904K, reserved 1060864K
  class space    used 1091K, capacity 1384K, committed 1408K, reserved 1048576K
}
Event: 0.689 GC heap after
{Heap after GC invocations=13 (full 0):
 garbage-first heap   total 14336K, used 5839K [0x0000000080c00000, 0x0000000100000000)
  region size 1024K, 1 young (1024K), 1 survivors (1024K)
 Metaspace       used 9170K, capacity 11719K, committed 11904K, reserved 1060864K
  class space    used 1091K, capacity 1384K, committed 1408K, reserved 1048576K
}
Event: 0.726 GC heap before
{Heap before GC invocations=13 (full 0):
 garbage-first heap   total 14336K, used 7887K [0x0000000080c00000, 0x0000000100000000)
  region size 1024K, 3 young (3072K), 1 survivors (1024K)
 Metaspace       used 9310K, capacity 11844K, committed 12032K, reserved 1060864K
  class space    used 1106K, capacity 1425K, committed 1536K, reserved 1048576K
}
Event: 0.728 GC heap after
{Heap after GC invocations=14 (full 0):
 garbage-first heap   total 19456K, used 6308K [0x0000000080c00000, 0x0000000100000000)
  region size 1024K, 1 young (1024K), 1 survivors (1024K)
 Metaspace       used 9310K, capacity 11844K, committed 12032K, reserved 1060864K
  class space    used 1106K, capacity 1425K, committed 1536K, reserved 1048576K
}
Event: 0.775 GC heap before
{Heap before GC invocations=14 (full 0):
 garbage-first heap   total 19456K, used 12452K [0x0000000080c00000, 0x0000000100000000)
  region size 1024K, 7 young (7168K), 1 survivors (1024K)
 Metaspace       used 9371K, capacity 11909K, committed 12032K, reserved 1060864K
  class space    used 1107K, capacity 1425K, committed 1536K, reserved 1048576K
}
Event: 0.779 GC heap after
{Heap after GC invocations=15 (full 0):
 garbage-first heap   total 19456K, used 8083K [0x0000000080c00000, 0x0000000100000000)
  region size 1024K, 1 young (1024K), 1 survivors (1024K)
 Metaspace       used 9371K, capacity 11909K, committed 12032K, reserved 1060864K
  class space    used 1107K, capacity 1425K, committed 1536K, reserved 1048576K
}
Event: 0.840 GC heap before
{Heap before GC invocations=15 (full 0):
 garbage-first heap   total 19456K, used 11155K [0x0000000080c00000, 0x0000000100000000)
  region size 1024K, 5 young (5120K), 1 survivors (1024K)
 Metaspace       used 9445K, capacity 11933K, committed 12288K, reserved 1060864K
  class space    used 1115K, capacity 1433K, committed 1536K, reserved 1048576K
}
Event: 0.844 GC heap after
{Heap after GC invocations=16 (full 0):
 garbage-first heap   total 19456K, used 8974K [0x0000000080c00000, 0x0000000100000000)
  region size 1024K, 1 young (1024K), 1 survivors (1024K)
 Metaspace       used 9445K, capacity 11933K, committed 12288K, reserved 1060864K
  class space    used 1115K, capacity 1433K, committed 1536K, reserved 1048576K
}
Event: 1.103 GC heap before
{Heap before GC invocations=16 (full 0):
 garbage-first heap   total 19456K, used 13070K [0x0000000080c00000, 0x0000000100000000)
  region size 1024K, 5 young (5120K), 1 survivors (1024K)
 Metaspace       used 9927K, capacity 12277K, committed 12544K, reserved 1060864K
  class space    used 1174K, capacity 1482K, committed 1536K, reserved 1048576K
}
Event: 1.107 GC heap after
{Heap after GC invocations=17 (full 0):
 garbage-first heap   total 19456K, used 9722K [0x0000000080c00000, 0x0000000100000000)
  region size 1024K, 1 young (1024K), 1 survivors (1024K)
 Metaspace       used 9927K, capacity 12277K, committed 12544K, reserved 1060864K
  class space    used 1174K, capacity 1482K, committed 1536K, reserved 1048576K
}
Event: 1.143 GC heap before
{Heap before GC invocations=17 (full 0):
 garbage-first heap   total 19456K, used 10746K [0x0000000080c00000, 0x0000000100000000)
  region size 1024K, 3 young (3072K), 1 survivors (1024K)
 Metaspace       used 10045K, capacity 12428K, committed 12544K, reserved 1060864K
  class space    used 1185K, capacity 1490K, committed 1536K, reserved 1048576K
}

Deoptimization events (20 events):
Event: 0.707 Thread 0x000002174811b800 Uncommon trap: trap_request=0xffffffde fr.pc=0x000002175840c318 relative=0x0000000000001058
Event: 0.707 Thread 0x000002174811b800 Uncommon trap: reason=class_check action=maybe_recompile pc=0x000002175840c318 method=java.util.regex.Pattern$Start.<init>(Ljava/util/regex/Pattern$Node;)V @ 22 c2
Event: 0.707 Thread 0x000002174811b800 DEOPT PACKING pc=0x000002175840c318 sp=0x000000202dffd5d0
Event: 0.707 Thread 0x000002174811b800 DEOPT UNPACKING pc=0x000002175091912f sp=0x000000202dffd500 mode 2
Event: 0.717 Thread 0x000002174811b800 Uncommon trap: trap_request=0xffffffde fr.pc=0x000002175840c318 relative=0x0000000000001058
Event: 0.717 Thread 0x000002174811b800 Uncommon trap: reason=class_check action=maybe_recompile pc=0x000002175840c318 method=java.util.regex.Pattern$Start.<init>(Ljava/util/regex/Pattern$Node;)V @ 22 c2
Event: 0.717 Thread 0x000002174811b800 DEOPT PACKING pc=0x000002175840c318 sp=0x000000202dffdd80
Event: 0.718 Thread 0x000002174811b800 DEOPT UNPACKING pc=0x000002175091912f sp=0x000000202dffdcb0 mode 2
Event: 0.720 Thread 0x000002174811b800 Uncommon trap: trap_request=0xffffffde fr.pc=0x000002175840c318 relative=0x0000000000001058
Event: 0.720 Thread 0x000002174811b800 Uncommon trap: reason=class_check action=maybe_recompile pc=0x000002175840c318 method=java.util.regex.Pattern$Start.<init>(Ljava/util/regex/Pattern$Node;)V @ 22 c2
Event: 0.720 Thread 0x000002174811b800 DEOPT PACKING pc=0x000002175840c318 sp=0x000000202dffdc70
Event: 0.720 Thread 0x000002174811b800 DEOPT UNPACKING pc=0x000002175091912f sp=0x000000202dffdba0 mode 2
Event: 0.722 Thread 0x000002174811b800 Uncommon trap: trap_request=0xffffffde fr.pc=0x000002175840c318 relative=0x0000000000001058
Event: 0.722 Thread 0x000002174811b800 Uncommon trap: reason=class_check action=maybe_recompile pc=0x000002175840c318 method=java.util.regex.Pattern$Start.<init>(Ljava/util/regex/Pattern$Node;)V @ 22 c2
Event: 0.722 Thread 0x000002174811b800 DEOPT PACKING pc=0x000002175840c318 sp=0x000000202dffde20
Event: 0.722 Thread 0x000002174811b800 DEOPT UNPACKING pc=0x000002175091912f sp=0x000000202dffdd50 mode 2
Event: 0.746 Thread 0x000002174811b800 Uncommon trap: trap_request=0xffffff45 fr.pc=0x00000217584095d8 relative=0x0000000000000af8
Event: 0.746 Thread 0x000002174811b800 Uncommon trap: reason=unstable_if action=reinterpret pc=0x00000217584095d8 method=com.sun.tools.javac.util.ArrayUtils.ensureCapacity([BI)[B @ 3 c2
Event: 0.746 Thread 0x000002174811b800 DEOPT PACKING pc=0x00000217584095d8 sp=0x000000202dffdba0
Event: 0.746 Thread 0x000002174811b800 DEOPT UNPACKING pc=0x000002175091912f sp=0x000000202dffdac8 mode 2

Classes unloaded (0 events):
No events

Classes redefined (0 events):
No events

Internal exceptions (20 events):
Event: 0.652 Thread 0x000002174811b800 Exception <a 'sun/nio/fs/WindowsException'{0x000000008185b868}> (0x000000008185b868) 
thrown [./open/src/hotspot/share/prims/jni.cpp, line 599]
Event: 0.652 Thread 0x000002174811b800 Exception <a 'sun/nio/fs/WindowsException'{0x000000008185bb48}> (0x000000008185bb48) 
thrown [./open/src/hotspot/share/prims/jni.cpp, line 599]
Event: 0.675 Thread 0x000002174811b800 Exception <a 'sun/nio/fs/WindowsException'{0x00000000817b7128}> (0x00000000817b7128) 
thrown [./open/src/hotspot/share/prims/jni.cpp, line 599]
Event: 0.675 Thread 0x000002174811b800 Exception <a 'sun/nio/fs/WindowsException'{0x00000000817b7438}> (0x00000000817b7438) 
thrown [./open/src/hotspot/share/prims/jni.cpp, line 599]
Event: 0.676 Thread 0x000002174811b800 Exception <a 'sun/nio/fs/WindowsException'{0x00000000817b9328}> (0x00000000817b9328) 
thrown [./open/src/hotspot/share/prims/jni.cpp, line 599]
Event: 0.676 Thread 0x000002174811b800 Exception <a 'sun/nio/fs/WindowsException'{0x00000000817b95f8}> (0x00000000817b95f8) 
thrown [./open/src/hotspot/share/prims/jni.cpp, line 599]
Event: 0.677 Thread 0x000002174811b800 Exception <a 'sun/nio/fs/WindowsException'{0x00000000817bb0d0}> (0x00000000817bb0d0) 
thrown [./open/src/hotspot/share/prims/jni.cpp, line 599]
Event: 0.677 Thread 0x000002174811b800 Exception <a 'sun/nio/fs/WindowsException'{0x00000000817bb420}> (0x00000000817bb420) 
thrown [./open/src/hotspot/share/prims/jni.cpp, line 599]
Event: 0.677 Thread 0x000002174811b800 Exception <a 'sun/nio/fs/WindowsException'{0x00000000817bc9f0}> (0x00000000817bc9f0) 
thrown [./open/src/hotspot/share/prims/jni.cpp, line 599]
Event: 0.677 Thread 0x000002174811b800 Exception <a 'sun/nio/fs/WindowsException'{0x00000000817bcd00}> (0x00000000817bcd00) 
thrown [./open/src/hotspot/share/prims/jni.cpp, line 599]
Event: 0.678 Thread 0x000002174811b800 Exception <a 'sun/nio/fs/WindowsException'{0x00000000817be868}> (0x00000000817be868) 
thrown [./open/src/hotspot/share/prims/jni.cpp, line 599]
Event: 0.678 Thread 0x000002174811b800 Exception <a 'sun/nio/fs/WindowsException'{0x00000000817bebc8}> (0x00000000817bebc8) 
thrown [./open/src/hotspot/share/prims/jni.cpp, line 599]
Event: 0.680 Thread 0x000002174811b800 Exception <a 'sun/nio/fs/WindowsException'{0x00000000817c6608}> (0x00000000817c6608) 
thrown [./open/src/hotspot/share/prims/jni.cpp, line 599]
Event: 0.680 Thread 0x000002174811b800 Exception <a 'sun/nio/fs/WindowsException'{0x00000000817c6930}> (0x00000000817c6930) 
thrown [./open/src/hotspot/share/prims/jni.cpp, line 599]
Event: 0.681 Thread 0x000002174811b800 Exception <a 'java/lang/NoSuchMethodError'{0x00000000817c9ea0}: 'java.lang.Object java.lang.invoke.DirectMethodHandle$Holder.invokeStatic(java.lang.Object, java.lang.Object, int, int)'> (0x00000000817c9ea0) 
thrown [./open/src/hotspot/share/interpreter/linkResolver.cpp, line 766]
Event: 0.692 Thread 0x000002174811b800 Exception <a 'sun/nio/fs/WindowsException'{0x0000000081968680}> (0x0000000081968680) 
thrown [./open/src/hotspot/share/prims/jni.cpp, line 599]
Event: 0.694 Thread 0x000002174811b800 Exception <a 'sun/nio/fs/WindowsException'{0x000000008196f5a8}> (0x000000008196f5a8) 
thrown [./open/src/hotspot/share/prims/jni.cpp, line 599]
Event: 0.697 Thread 0x000002174811b800 Exception <a 'sun/nio/fs/WindowsException'{0x00000000819785e8}> (0x00000000819785e8) 
thrown [./open/src/hotspot/share/prims/jni.cpp, line 599]
Event: 0.699 Thread 0x000002174811b800 Exception <a 'sun/nio/fs/WindowsException'{0x000000008197d3f8}> (0x000000008197d3f8) 
thrown [./open/src/hotspot/share/prims/jni.cpp, line 599]
Event: 1.116 Thread 0x000002174811b800 Exception <a 'java/lang/NoSuchMethodError'{0x0000000081e2cc60}: 'void java.lang.invoke.DirectMethodHandle$Holder.invokeSpecial(java.lang.Object, java.lang.Object, java.lang.Object, java.lang.Object, java.lang.Object)'> (0x0000000081e2cc60) 
thrown [./open/src/hotspot/share/interpreter/linkResolver.cpp, line 766]

Events (20 events):
Event: 1.011 loading class java/util/stream/Node$OfLong
Event: 1.011 loading class java/util/stream/Node$OfLong done
Event: 1.011 loading class java/util/stream/Nodes$EmptyNode$OfLong done
Event: 1.011 loading class java/util/stream/Nodes$EmptyNode$OfDouble
Event: 1.011 loading class java/util/stream/Node$OfDouble
Event: 1.011 loading class java/util/stream/Node$OfDouble done
Event: 1.012 loading class java/util/stream/Nodes$EmptyNode$OfDouble done
Event: 1.012 loading class java/util/stream/Nodes$FixedNodeBuilder
Event: 1.012 loading class java/util/stream/Node$Builder
Event: 1.012 loading class java/util/stream/Node$Builder done
Event: 1.012 loading class java/util/stream/Nodes$ArrayNode
Event: 1.012 loading class java/util/stream/Nodes$ArrayNode done
Event: 1.012 loading class java/util/stream/Nodes$FixedNodeBuilder done
Event: 1.103 Executing VM operation: G1CollectForAllocation
Event: 1.107 Executing VM operation: G1CollectForAllocation done
Event: 1.127 loading class java/util/stream/ReduceOps$1
Event: 1.127 loading class java/util/stream/ReduceOps$1 done
Event: 1.127 loading class java/util/stream/ReduceOps$1ReducingSink
Event: 1.127 loading class java/util/stream/ReduceOps$1ReducingSink done
Event: 1.143 Executing VM operation: G1TryInitiateConcMark


Dynamic libraries:
0x00007ff623b30000 - 0x00007ff623b37000 	C:\Program Files\Java\jdk-14.0.2\bin\javac.exe
0x00007ffe3f450000 - 0x00007ffe3f644000 	C:\WINDOWS\SYSTEM32\ntdll.dll
0x00007ffe3ec40000 - 0x00007ffe3ecfd000 	C:\WINDOWS\System32\KERNEL32.DLL
0x00007ffe3cc40000 - 0x00007ffe3cf07000 	C:\WINDOWS\System32\KERNELBASE.dll
0x00007ffe3d340000 - 0x00007ffe3d440000 	C:\WINDOWS\System32\ucrtbase.dll
0x00007ffe248e0000 - 0x00007ffe248f8000 	C:\Program Files\Java\jdk-14.0.2\bin\jli.dll
0x00007ffe39420000 - 0x00007ffe39435000 	C:\Program Files\Java\jdk-14.0.2\bin\VCRUNTIME140.dll
0x00007ffe3f350000 - 0x00007ffe3f3fa000 	C:\WINDOWS\System32\ADVAPI32.dll
0x00007ffe3e0c0000 - 0x00007ffe3e15e000 	C:\WINDOWS\System32\msvcrt.dll
0x00007ffe3e840000 - 0x00007ffe3e8db000 	C:\WINDOWS\System32\sechost.dll
0x00007ffe3d5e0000 - 0x00007ffe3d703000 	C:\WINDOWS\System32\RPCRT4.dll
0x00007ffe2ec00000 - 0x00007ffe2ee9a000 	C:\WINDOWS\WinSxS\amd64_microsoft.windows.common-controls_6595b64144ccf1df_6.0.19041.1_none_b555e41d4684ddec\COMCTL32.dll
0x00007ffe3ed90000 - 0x00007ffe3ef30000 	C:\WINDOWS\System32\USER32.dll
0x00007ffe3e160000 - 0x00007ffe3e18a000 	C:\WINDOWS\System32\GDI32.dll
0x00007ffe3cf10000 - 0x00007ffe3cf32000 	C:\WINDOWS\System32\win32u.dll
0x00007ffe3d180000 - 0x00007ffe3d28a000 	C:\WINDOWS\System32\gdi32full.dll
0x00007ffe36670000 - 0x00007ffe3667a000 	C:\WINDOWS\SYSTEM32\VERSION.dll
0x00007ffe3cba0000 - 0x00007ffe3cc3d000 	C:\WINDOWS\System32\msvcp_win.dll
0x00007ffe3ef90000 - 0x00007ffe3efc0000 	C:\WINDOWS\System32\IMM32.DLL
0x00007ffe18310000 - 0x00007ffe183ab000 	C:\Program Files\Java\jdk-14.0.2\bin\msvcp140.dll
0x00007ffe01580000 - 0x00007ffe0209e000 	C:\Program Files\Java\jdk-14.0.2\bin\server\jvm.dll
0x00007ffe3f400000 - 0x00007ffe3f408000 	C:\WINDOWS\System32\PSAPI.DLL
0x00007ffe326e0000 - 0x00007ffe32707000 	C:\WINDOWS\SYSTEM32\WINMM.dll
0x00007ffe3a120000 - 0x00007ffe3a129000 	C:\WINDOWS\SYSTEM32\WSOCK32.dll
0x00007ffe3e7d0000 - 0x00007ffe3e83b000 	C:\WINDOWS\System32\WS2_32.dll
0x00007ffe3ab50000 - 0x00007ffe3ab63000 	C:\WINDOWS\SYSTEM32\kernel.appcore.dll
0x00007ffe39410000 - 0x00007ffe3941a000 	C:\Program Files\Java\jdk-14.0.2\bin\jimage.dll
0x00007ffe27000000 - 0x00007ffe271e4000 	C:\WINDOWS\SYSTEM32\DBGHELP.DLL
0x00007ffe26fa0000 - 0x00007ffe26fcc000 	C:\WINDOWS\SYSTEM32\dbgcore.DLL
0x00007ffe3d440000 - 0x00007ffe3d4bf000 	C:\WINDOWS\System32\bcryptPrimitives.dll
0x00007ffe2b320000 - 0x00007ffe2b345000 	C:\Program Files\Java\jdk-14.0.2\bin\java.dll
0x00007ffe393c0000 - 0x00007ffe393d6000 	C:\Program Files\Java\jdk-14.0.2\bin\zip.dll
0x00007ffe3d820000 - 0x00007ffe3df54000 	C:\WINDOWS\System32\SHELL32.dll
0x00007ffe3ad50000 - 0x00007ffe3b4de000 	C:\WINDOWS\SYSTEM32\windows.storage.dll
0x00007ffe3e8e0000 - 0x00007ffe3ec33000 	C:\WINDOWS\System32\combase.dll
0x00007ffe3c620000 - 0x00007ffe3c64b000 	C:\WINDOWS\SYSTEM32\Wldp.dll
0x00007ffe3f220000 - 0x00007ffe3f2ce000 	C:\WINDOWS\System32\SHCORE.dll
0x00007ffe3ef30000 - 0x00007ffe3ef85000 	C:\WINDOWS\System32\shlwapi.dll
0x00007ffe3cae0000 - 0x00007ffe3caff000 	C:\WINDOWS\SYSTEM32\profapi.dll
0x00007ffe2aa40000 - 0x00007ffe2aa59000 	C:\Program Files\Java\jdk-14.0.2\bin\net.dll
0x00007ffe30be0000 - 0x00007ffe30ce0000 	C:\WINDOWS\SYSTEM32\WINHTTP.dll
0x00007ffe3c3a0000 - 0x00007ffe3c40a000 	C:\WINDOWS\system32\mswsock.dll
0x00007ffe2a970000 - 0x00007ffe2a982000 	C:\Program Files\Java\jdk-14.0.2\bin\nio.dll

dbghelp: loaded successfully - version: 4.0.5 - missing functions: none
symbol engine: initialized successfully - sym options: 0x614 - pdb path: .;C:\Program Files\Java\jdk-14.0.2\bin;C:\WINDOWS\SYSTEM32;C:\WINDOWS\WinSxS\amd64_microsoft.windows.common-controls_6595b64144ccf1df_6.0.19041.1_none_b555e41d4684ddec;C:\Program Files\Java\jdk-14.0.2\bin\server

VM Arguments:
jvm_args: -Dapplication.home=C:\Program Files\Java\jdk-14.0.2 --add-modules=ALL-DEFAULT -Xms8m -Djdk.module.main=jdk.compiler 
java_command: jdk.compiler/com.sun.tools.javac.Main -d C:\Users\Revenant\Documents\NetBeansProjects\JavaApplication3\build\classes -classpath C:\Users\Revenant\Documents\NetBeansProjects\JavaApplication3\build\classes;F:\Softwares\mysql-connector-java-5.1.49\mysql-connector-java-5.1.49-bin.jar;F:\Softwares\rs2xml.jar;F:\Softwares\jcalendar-tz-1.3.3-4.jar -sourcepath C:\Users\Revenant\Documents\NetBeansProjects\JavaApplication3\src -target 14 -encoding UTF-8 -g -processorpath F:\Softwares\mysql-connector-java-5.1.49\mysql-connector-java-5.1.49-bin.jar;F:\Softwares\rs2xml.jar;F:\Softwares\jcalendar-tz-1.3.3-4.jar;C:\Users\Revenant\Documents\NetBeansProjects\JavaApplication3\build\empty -s C:\Users\Revenant\Documents\NetBeansProjects\JavaApplication3\build\generated-sources\ap-source-output -source 14 --module-path F:\Softwares\mysql-connector-java-5.1.49\mysql-connector-java-5.1.49.jar C:\Users\Revenant\Documents\NetBeansProjects\JavaApplication3\src\javaapplication3\model\BookDetails.java
java_class_path (initial): <not set>
Launcher Type: SUN_STANDARD

[Global flags]
     intx CICompilerCount                          = 3                                         {product} {ergonomic}
     uint ConcGCThreads                            = 1                                         {product} {ergonomic}
     uint G1ConcRefinementThreads                  = 4                                         {product} {ergonomic}
   size_t G1HeapRegionSize                         = 1048576                                   {product} {ergonomic}
    uintx GCDrainStackTargetSize                   = 64                                        {product} {ergonomic}
   size_t InitialHeapSize                          = 8388608                                   {product} {command line}
   size_t MarkStackSize                            = 4194304                                   {product} {ergonomic}
   size_t MaxHeapSize                              = 2134900736                                {product} {ergonomic}
   size_t MaxNewSize                               = 1280311296                                {product} {ergonomic}
   size_t MinHeapDeltaBytes                        = 1048576                                   {product} {ergonomic}
   size_t MinHeapSize                              = 8388608                                   {product} {command line}
    uintx NonNMethodCodeHeapSize                   = 5832780                                {pd product} {ergonomic}
    uintx NonProfiledCodeHeapSize                  = 122912730                              {pd product} {ergonomic}
    uintx ProfiledCodeHeapSize                     = 122912730                              {pd product} {ergonomic}
    uintx ReservedCodeCacheSize                    = 251658240                              {pd product} {ergonomic}
     bool SegmentedCodeCache                       = true                                      {product} {ergonomic}
   size_t SoftMaxHeapSize                          = 2134900736                             {manageable} {ergonomic}
     bool UseCompressedClassPointers               = true                                 {lp64_product} {ergonomic}
     bool UseCompressedOops                        = true                                 {lp64_product} {ergonomic}
     bool UseG1GC                                  = true                                      {product} {ergonomic}
     bool UseLargePagesIndividualAllocation        = false                                  {pd product} {ergonomic}

Logging:
Log output configuration:
 #0: stdout all=warning uptime,level,tags
 #1: stderr all=off uptime,level,tags

Environment Variables:
PATH=C:\Program Files (x86)\Common Files\Oracle\Java\javapath;C:\Program Files (x86)\Intel\iCLS Client\;C:\Program Files\Intel\iCLS Client\;C:\Windows\system32;C:\Windows;C:\Windows\System32\Wbem;C:\Windows\System32\WindowsPowerShell\v1.0\;C:\Program Files\Intel\Intel(R) Management Engine Components\DAL;C:\Program Files\Intel\Intel(R) Management Engine Components\IPT;C:\Program Files (x86)\Intel\Intel(R) Management Engine Components\DAL;C:\Program Files (x86)\Intel\Intel(R) Management Engine Components\IPT;C:\WINDOWS\system32;C:\WINDOWS;C:\WINDOWS\System32\Wbem;C:\WINDOWS\System32\WindowsPowerShell\v1.0\;C:\WINDOWS\System32\OpenSSH\;C:\Program Files (x86)\NVIDIA Corporation\PhysX\Common;C:\Program Files\NVIDIA Corporation\NVIDIA NvDLISR;C:\WINDOWS\system32;C:\WINDOWS;C:\WINDOWS\System32\Wbem;C:\WINDOWS\System32\WindowsPowerShell\v1.0\;C:\WINDOWS\System32\OpenSSH\;C:\Program Files (x86)\Brackets\command;C:\Program Files\MySQL\MySQL Shell 8.0\bin\;C:\Program Files\Java\jdk-14.0.2\bin
USERNAME=Revenant
OS=Windows_NT
PROCESSOR_IDENTIFIER=Intel64 Family 6 Model 58 Stepping 9, GenuineIntel



---------------  S Y S T E M  ---------------

OS: Windows 10 , 64 bit Build 19041 (10.0.19041.292)
OS uptime: 0 days 7:03 hours

CPU:total 4 (initial active 4) (4 cores per cpu, 1 threads per core) family 6 model 58 stepping 9, cmov, cx8, fxsr, mmx, sse, sse2, sse3, ssse3, sse4.1, sse4.2, popcnt, avx, aes, clmul, erms, tsc, tscinvbit, tscinv

Memory: 4k page, system-wide physical 8138M (1291M free)
TotalPageFile size 14326M (AvailPageFile size 5M)
current process WorkingSet (physical memory assigned to process): 114M, peak: 118M
current process commit charge ("private bytes"): 145M, peak: 159M

vm_info: Java HotSpot(TM) 64-Bit Server VM (14.0.2+12-46) for windows-amd64 JRE (14.0.2+12-46), built on Jul  9 2020 00:35:52 by "mach5one" with MS VC++ 15.9 (VS2017)

END.
